Virtual User Script started at: 17.05.2020 23:43:24
Starting action vuser_init.
Web Turbo Replay of LoadRunner 2020.0.0 for Windows 10; build 793 (ноя 27 2019 19:51:20)  	[MsgId: MMSG-26983]
Run mode: HTML  	[MsgId: MMSG-26993]
Replay user agent: Mozilla/5.0 (Windows NT 10.0; WOW64; Trident/7.0; rv:11.0) like Gecko  	[MsgId: MMSG-26988]
Runtime Settings file: "C:\Users\Александр-ПК\Documents\VuGen\Scripts\Просмотр билетов без покупки\\default.cfg"  	[MsgId: MMSG-27141]
Ending action vuser_init.
Running Vuser...
Starting iteration 1.
Maximum number of concurrent connections per server: 6  	[MsgId: MMSG-26989]
Starting action Action.
Action.c(5): web_reg_save_param_attrib started  	[MsgId: MMSG-26355]
Action.c(5): Registering web_reg_save_param_attrib was successful  	[MsgId: MMSG-26390]
Action.c(17): web_url("WebTours") started  	[MsgId: MMSG-26355]
Action.c(17): Detected non-resource "http://localhost:1080/WebTours/header.html" in "http://localhost:1080/WebTours/"  	[MsgId: MMSG-26574]
Action.c(17): Detected non-resource "http://localhost:1080/cgi-bin/welcome.pl?signOff=true" in "http://localhost:1080/WebTours/"  	[MsgId: MMSG-26574]
Action.c(17): Found resource "http://localhost:1080/WebTours/images/hp_logo.png" in HTML "http://localhost:1080/WebTours/header.html"  	[MsgId: MMSG-26659]
Action.c(17): Found resource "http://localhost:1080/WebTours/images/webtours.png" in HTML "http://localhost:1080/WebTours/header.html"  	[MsgId: MMSG-26659]
Action.c(17): Detected non-resource "http://localhost:1080/cgi-bin/nav.pl?in=home" in "http://localhost:1080/cgi-bin/welcome.pl?signOff=true"  	[MsgId: MMSG-26574]
Action.c(17): Detected non-resource "http://localhost:1080/WebTours/home.html" in "http://localhost:1080/cgi-bin/welcome.pl?signOff=true"  	[MsgId: MMSG-26574]
Action.c(17): Found resource "http://localhost:1080/WebTours/images/mer_login.gif" in HTML "http://localhost:1080/cgi-bin/nav.pl?in=home"  	[MsgId: MMSG-26659]
Action.c(17): web_url("WebTours") was successful, 10080 body bytes, 2377 header bytes, 24 chunking overhead bytes  	[MsgId: MMSG-26385]
Action.c(27): lr_think_time: 5.00 seconds.
Action.c(29): Notify: Transaction "2_\xffffffcf\xfffffff0\xffffffee\xfffffff1\xffffffec\xffffffee\xfffffff2\xfffffff0 \xffffffe1\xffffffe8\xffffffeb\xffffffe5\xfffffff2\xffffffee\xffffffe2 \xffffffe1\xffffffe5\xffffffe7 \xffffffef\xffffffee\xffffffea\xfffffff3\xffffffef\xffffffea\xffffffe8" started.
Action.c(31): Notify: Transaction "\xffffffc2\xfffffff5\xffffffee\xffffffe4" started.
Action.c(33): web_reg_find started  	[MsgId: MMSG-26355]
Action.c(33): Registering web_reg_find was successful  	[MsgId: MMSG-26390]
Action.c(37): web_submit_data("login.pl") started  	[MsgId: MMSG-26355]
Action.c(37): Detected non-resource "http://localhost:1080/cgi-bin/nav.pl?page=menu&in=home" in "http://localhost:1080/cgi-bin/login.pl"  	[MsgId: MMSG-26574]
Action.c(37): Detected non-resource "http://localhost:1080/cgi-bin/login.pl?intro=true" in "http://localhost:1080/cgi-bin/login.pl"  	[MsgId: MMSG-26574]
Action.c(37): Found resource "http://localhost:1080/WebTours/images/flights.gif" in HTML "http://localhost:1080/cgi-bin/nav.pl?page=menu&in=home"  	[MsgId: MMSG-26659]
Action.c(37): Found resource "http://localhost:1080/WebTours/images/itinerary.gif" in HTML "http://localhost:1080/cgi-bin/nav.pl?page=menu&in=home"  	[MsgId: MMSG-26659]
Action.c(37): Found resource "http://localhost:1080/WebTours/images/in_home.gif" in HTML "http://localhost:1080/cgi-bin/nav.pl?page=menu&in=home"  	[MsgId: MMSG-26659]
Action.c(37): Found resource "http://localhost:1080/WebTours/images/signoff.gif" in HTML "http://localhost:1080/cgi-bin/nav.pl?page=menu&in=home"  	[MsgId: MMSG-26659]
Action.c(37): Registered web_reg_find successful for "Text=User password was correct" (count=1)  	[MsgId: MMSG-26364]
Action.c(37): web_submit_data("login.pl") was successful, 5780 body bytes, 2043 header bytes, 36 chunking overhead bytes  	[MsgId: MMSG-26385]
Action.c(54): Notify: Transaction "\xffffffc2\xfffffff5\xffffffee\xffffffe4" ended with a "Pass" status (Duration: 0.0976 Wasted Time: 0.0044).
Action.c(56): lr_think_time: 5.00 seconds.
Action.c(58): Notify: Transaction "\xffffffcf\xffffffe5\xfffffff0\xffffffe5\xfffffff5\xffffffee\xffffffe4 \xffffffed\xffffffe0 Flights" started.
Action.c(61): web_reg_find started  	[MsgId: MMSG-26355]
Action.c(61): Registering web_reg_find was successful  	[MsgId: MMSG-26390]
Action.c(65): web_url("Search Flights Button") started  	[MsgId: MMSG-26355]
Action.c(65): Detected non-resource "http://localhost:1080/cgi-bin/nav.pl?page=menu&in=flights" in "http://localhost:1080/cgi-bin/welcome.pl?page=search"  	[MsgId: MMSG-26574]
Action.c(65): Detected non-resource "http://localhost:1080/cgi-bin/reservations.pl?page=welcome" in "http://localhost:1080/cgi-bin/welcome.pl?page=search"  	[MsgId: MMSG-26574]
Action.c(65): Found resource "http://localhost:1080/WebTours/images/in_flights.gif" in HTML "http://localhost:1080/cgi-bin/nav.pl?page=menu&in=flights"  	[MsgId: MMSG-26659]
Action.c(65): Resource "http://localhost:1080/WebTours/images/itinerary.gif" is in the cache already and will not be downloaded again  	[MsgId: MMSG-26655]
Action.c(65): Found resource "http://localhost:1080/WebTours/images/home.gif" in HTML "http://localhost:1080/cgi-bin/nav.pl?page=menu&in=flights"  	[MsgId: MMSG-26659]
Action.c(65): Resource "http://localhost:1080/WebTours/images/signoff.gif" is in the cache already and will not be downloaded again  	[MsgId: MMSG-26655]
Action.c(65): Found resource "http://localhost:1080/WebTours/images/button_next.gif" in HTML "http://localhost:1080/cgi-bin/reservations.pl?page=welcome"  	[MsgId: MMSG-26659]
Action.c(65): Registered web_reg_find successful for "Text= User has returned to the search page" (count=1)  	[MsgId: MMSG-26364]
Action.c(65): web_url("Search Flights Button") was successful, 8516 body bytes, 1623 header bytes, 43 chunking overhead bytes  	[MsgId: MMSG-26385]
Action.c(75): Notify: Transaction "\xffffffcf\xffffffe5\xfffffff0\xffffffe5\xfffffff5\xffffffee\xffffffe4 \xffffffed\xffffffe0 Flights" ended with a "Pass" status (Duration: 0.1312 Wasted Time: 0.0048).
Action.c(77): web_custom_request("FormDateUpdate.class") started  	[MsgId: MMSG-26355]
Action.c(77): web_custom_request("FormDateUpdate.class") was successful, 0 body bytes, 309 header bytes  	[MsgId: MMSG-26386]
Action.c(86): lr_think_time: 5.00 seconds.
Action.c(88): Notify: Transaction "\xffffffc7\xffffffe0\xffffffef\xffffffee\xffffffeb\xffffffed\xffffffe5\xffffffed\xffffffe8\xffffffe5 \xffffffef\xffffffee\xffffffeb\xffffffe5\xffffffe9" started.
Action.c(90): web_reg_find started  	[MsgId: MMSG-26355]
Action.c(90): Registering web_reg_find was successful  	[MsgId: MMSG-26390]
Action.c(96): web_reg_save_param_ex started  	[MsgId: MMSG-26355]
Action.c(96): Registering web_reg_save_param_ex was successful  	[MsgId: MMSG-26390]
Action.c(106): web_submit_data("reservations.pl") started  	[MsgId: MMSG-26355]
Action.c(106): Resource "http://localhost:1080/WebTours/images/button_next.gif" is in the cache already and will not be downloaded again  	[MsgId: MMSG-26655]
Action.c(106): Registered web_reg_find successful for "Text=Flight Selections" (count=1)  	[MsgId: MMSG-26364]
Action.c(106): web_submit_data("reservations.pl") was successful, 2421 body bytes, 256 header bytes, 12 chunking overhead bytes  	[MsgId: MMSG-26385]
Action.c(130): Notify: Transaction "\xffffffc7\xffffffe0\xffffffef\xffffffee\xffffffeb\xffffffed\xffffffe5\xffffffed\xffffffe8\xffffffe5 \xffffffef\xffffffee\xffffffeb\xffffffe5\xffffffe9" ended with a "Pass" status (Duration: 0.0571 Wasted Time: 0.0026).
Action.c(132): lr_think_time: 5.00 seconds.
Action.c(134): Notify: Transaction "\xffffffc2\xfffffffb\xffffffe1\xffffffee\xfffffff0 \xfffffff0\xffffffe5\xffffffe9\xfffffff1\xffffffe0" started.
Action.c(136): web_submit_data("reservations.pl_2") started  	[MsgId: MMSG-26355]
Action.c(136): Resource "http://localhost:1080/WebTours/images/button_next.gif" is in the cache already and will not be downloaded again  	[MsgId: MMSG-26655]
Action.c(136): web_submit_data("reservations.pl_2") was successful, 2699 body bytes, 255 header bytes, 12 chunking overhead bytes  	[MsgId: MMSG-26385]
Action.c(154): Notify: Transaction "\xffffffc2\xfffffffb\xffffffe1\xffffffee\xfffffff0 \xfffffff0\xffffffe5\xffffffe9\xfffffff1\xffffffe0" ended with a "Pass" status (Duration: 0.0560 Wasted Time: 0.0025).
Action.c(156): lr_think_time: 5.00 seconds.
Action.c(158): Notify: Transaction "\xffffffc2\xfffffffb\xfffffff5\xffffffee\xffffffe4" started.
Action.c(160): web_url("welcome.pl") started  	[MsgId: MMSG-26355]
Action.c(160): Detected non-resource "http://localhost:1080/cgi-bin/nav.pl?in=home" in "http://localhost:1080/cgi-bin/welcome.pl?signOff=1"  	[MsgId: MMSG-26574]
Action.c(160): Detected non-resource "http://localhost:1080/WebTours/home.html" in "http://localhost:1080/cgi-bin/welcome.pl?signOff=1"  	[MsgId: MMSG-26574]
Action.c(160): Retrieving data from cache for "http://localhost:1080/WebTours/home.html"  	[MsgId: MMSG-26558]
Action.c(160): Resource "http://localhost:1080/WebTours/images/mer_login.gif" is in the cache already and will not be downloaded again  	[MsgId: MMSG-26655]
Action.c(160): web_url("welcome.pl") was successful, 2175 body bytes, 583 header bytes, 24 chunking overhead bytes  	[MsgId: MMSG-26385]
Action.c(170): Notify: Transaction "\xffffffc2\xfffffffb\xfffffff5\xffffffee\xffffffe4" ended with a "Pass" status (Duration: 0.0858 Wasted Time: 0.0031).
Action.c(172): Notify: Transaction "2_\xffffffcf\xfffffff0\xffffffee\xfffffff1\xffffffec\xffffffee\xfffffff2\xfffffff0 \xffffffe1\xffffffe8\xffffffeb\xffffffe5\xfffffff2\xffffffee\xffffffe2 \xffffffe1\xffffffe5\xffffffe7 \xffffffef\xffffffee\xffffffea\xfffffff3\xffffffef\xffffffea\xffffffe8" ended with a "Pass" status (Duration: 20.4377 Think Time: 20.0014 Wasted Time: 0.0197).
Ending action Action.
Ending iteration 1.
Ending Vuser...
Starting action vuser_end.
Ending action vuser_end.
Vuser Terminated.
