Action.c(110):      name=".cgifields" value="172"  /><input type="hidden" name=".cgifields" value="145"  /><i
Action.c(110):     nput type="hidden" name=".cgifields" value="49"  /><input type="hidden" name=".cgifields" 
Action.c(110):     value="178"  /><input type="hidden" name=".cgifields" value="24"  /><input type="hidden" n
Action.c(110):     ame=".cgifields" value="187"  /><input type="hidden" name=".cgifields" value="140"  /><inp
Action.c(110):     ut type="hidden" name=".cgifields" value="124"  /><input type="hidden" name=".cgifields" v
Action.c(110):     alue="104"  /><input type="hidden" name=".cgifields" value="131"  /><input type="hidden" n
Action.c(110):     ame=".cgifields" value="181"  /><input type="hidden" name=".cgifields" value="121"  /><inp
Action.c(110):     ut type="hidden" name=".cgifields" value="79"  /><input type="hidden" name=".cgifields" va
Action.c(110):     lue="154"  /><input type="hidden" name=".cgifields" value="23"  /><input type="hidden" nam
Action.c(110):     e=".cgifields" value="96"  /><input type="hidden" name=".cgifields" value="126"  /><input 
Action.c(110):     type="hidden" name=".cgifields" value="159"  /><input type="hidden" name=".cgifields" valu
Action.c(110):     e="160"  /><input type="hidden" name=".cgifields" value="176"  /><input type="hidden" name
Action.c(110):     =".cgifields" value="47"  /><input type="hidden" name=".cgifields" value="8"  /><input typ
Action.c(110):     e="hidden" name=".cgifields" value="98"  /><input type="hidden" name=".cgifields" value="3
Action.c(110):     7"  /><input type="hidden" name=".cgifields" value="117"  /><input type="hidden" name=".cg
Action.c(110):     ifields" value="43"  /><input type="hidden" name=".cgifields" value="5"  /><input type="hi
Action.c(110):     dden" name=".cgifields" value="170"  /><input type="hidden" name=".cgifields" value="33"  
Action.c(110):     /><input type="hidden" name=".cgifields" value="21"  /><input type="hidden" name=".cgifiel
Action.c(110):     ds" value="63"  /><input type="hidden" name=".cgifields" value="7"  /><input type="hidden"
Action.c(110):      name=".cgifields" value="26"  /><input type="hidden" name=".cgifields" value="80"  /><inp
Action.c(110):     ut type="hidden" name=".cgifields" value="119"  /><input type="hidden" name=".cgifields" v
Action.c(110):     alue="180"  /><input type="hidden" name=".cgifields" value="99"  /><input type="hidden" na
Action.c(110):     me=".cgifields" value="179"  /><input type="hidden" name=".cgifields" value="162"  /><inpu
Action.c(110):     t type="hidden" name=".cgifields" value="72"  /><input type="hidden" name=".cgifields" val
Action.c(110):     ue="74"  /><input type="hidden" name=".cgifields" value="182"  /><input type="hidden" name
Action.c(110):     =".cgifields" value="61"  /><input type="hidden" name=".cgifields" value="108"  /><input t
Action.c(110):     ype="hidden" name=".cgifields" value="115"  /><input type="hidden" name=".cgifields" value
Action.c(110):     ="92"  /><input type="hidden" name=".cgifields" value="103"  /><input type="hidden" name="
Action.c(110):     .cgifields" value="10"  /><input type="hidden" name=".cgifields" value="113"  /><input typ
Action.c(110):     e="hidden" name=".cgifields" value="152"  /><input type="hidden" name=".cgifields" value="
Action.c(110):     189"  /><input type="hidden" name=".cgifields" value="142"  /><input type="hidden" name=".
Action.c(110):     cgifields" value="91"  /><input type="hidden" name=".cgifields" value="167"  /><input type
Action.c(110):     ="hidden" name=".cgifields" value="48"  /><input type="hidden" name=".cgifields" value="10
Action.c(110):     7"  /><input type="hidden" name=".cgifields" value="87"  /><input type="hidden" name=".cgi
Action.c(110):     fields" value="174"  /><input type="hidden" name=".cgifields" value="77"  /><input type="h
Action.c(110):     idden" name=".cgifields" value="133"  /><input type="hidden" name=".cgifields" value="149"
Action.c(110):       /><input type="hidden" name=".cgifields" value="123"  /><input type="hidden" name=".cgif
Action.c(110):     ields" value="50"  /><input type="hidden" name=".cgifields" value="39"  /><input type="hid
Action.c(110):     den" name=".cgifields" value="64"  /><input type="hidden" name=".cgifields" value="97"  />
Action.c(110):     <input type="hidden" name=".cgifields" value="12"  /><input type="hidden" name=".cgifields
Action.c(110):     " value="41"  /><input type="hidden" name=".cgifields" value="52"  /><input type="hidden" 
Action.c(110):     name=".cgifields" value="173"  /><input type="hidden" name=".cgifields" value="56"  /><inp
Action.c(110):     ut type="hidden" name=".cgifields" value="45"  /><input type="hidden" name=".cgifields" va
Action.c(110):     lue="66"  /><input type="hidden" name=".cgifields" value="19"  /><input type="hidden" name
Action.c(110):     =".cgifields" value="54"  /><input type="hidden" name=".cgifields" value="70"  /><input ty
Action.c(110):     pe="hidden" name=".cgifields" value="188"  /><input type="hidden" name=".cgifields" value=
Action.c(110):     "68"  /><input type="hidden" name=".cgifields" value="166"  /><input type="hidden" name=".
Action.c(110):     cgifields" value="1"  /><input type="hidden" name=".cgifields" value="136"  /><input type=
Action.c(110):     "hidden" name=".cgifields" value="88"  /><input type="hidden" name=".cgifields" value="116
Action.c(110):     "  /><input type="hidden" name=".cgifields" value="144"  /><input type="hidden" name=".cgi
Action.c(110):     fields" value="141"  /><input type="hidden" name=".cgifields" value="30"  /><input type="h
Action.c(110):     idden" name=".cgifields" value="100"  /><input type="hidden" name=".cgifields" value="25" 
Action.c(110):      /><input type="hidden" name=".cgifields" value="128"  /><input type="hidden" name=".cgifi
Action.c(110):     elds" value="28"  /><input type="hidden" name=".cgifields" value="120"  /><input type="hid
Action.c(110):     den" name=".cgifields" value="156"  /><input type="hidden" name=".cgifields" value="134"  
Action.c(110):     /><input type="hidden" name=".cgifields" value="40"  /><input type="hidden" name=".cgifiel
Action.c(110):     ds" value="75"  /><input type="hidden" name=".cgifields" value="83"  /><input type="hidden
Action.c(110):     " name=".cgifields" value="59"  /><input type="hidden" name=".cgifields" value="177"  /><i
Action.c(110):     nput type="hidden" name=".cgifields" value="150"  /><input type="hidden" name=".cgifields"
Action.c(110):      value="155"  /><input type="hidden" name=".cgifields" value="130"  /><input type="hidden"
Action.c(110):      name=".cgifields" value="53"  /><input type="hidden" name=".cgifields" value="122"  /><in
Action.c(110):     put type="hidden" name=".cgifields" value="143"  /><input type="hidden" name=".cgifields" 
Action.c(110):     value="158"  /><input type="hidden" name=".cgifields" value="42"  /><input type="hidden" n
Action.c(110):     ame=".cgifields" value="22"  /><input type="hidden" name=".cgifields" value="46"  /><input
Action.c(110):      type="hidden" name=".cgifields" value="13"  /><input type="hidden" name=".cgifields" valu
Action.c(110):     e="105"  /><input type="hidden" name=".cgifields" value="6"  /><input type="hidden" name="
Action.c(110):     .cgifields" value="85"  /><input type="hidden" name=".cgifields" value="185"  /><input typ
Action.c(110):     e="hidden" name=".cgifields" value="36"  /><input type="hidden" name=".cgifields" value="3
Action.c(110):     "  /><input type="hidden" name=".cgifields" value="183"  /><input type="hidden" name=".cgi
Action.c(110):     fields" value="94"  /><input type="hidden" name=".cgifields" value="146"  /><input type="h
Action.c(110):     idden" name=".cgifields" value="51"  /><input type="hidden" name=".cgifields" value="9"  /
Action.c(110):     ><input type="hidden" name=".cgifields" value="111"  /><input type="hidden" name=".cgifiel
Action.c(110):     ds" value="38"  /><input type="hidden" name=".cgifields" value="4"  /><input type="hidden"
Action.c(110):      name=".cgifields" value="34"  /><input type="hidden" name=".cgifields" value="169"  /><in
Action.c(110):     put type="hidden" name=".cgifields" value="164"  /><input type="hidden" name=".cgifields" 
Action.c(110):     value="132"  /><input type="hidden" name=".cgifields" value="171"  /></div></form>\n
Action.c(110):     \n
Action.c(110):     </center>\n
Action.c(110):     \n
Action.c(110):     </body>\n
Action.c(110):     </html>
Action.c(110): web_submit_form("itinerary.pl") was successful, 232468 body bytes, 256 header bytes, 451 chunking overhead bytes  	[MsgId: MMSG-26385]
Action.c(118): Notify: Transaction "Удаление брони" ended with a "Pass" status (Duration: 0,2977).	[MsgId: MMSG-16873]
Action.c(120): lr_think_time: 5,00 seconds.	[MsgId: MMSG-15948]
