Action.c(230):     0\r\n
Action.c(230):     \r\n
Action.c(230): t=47447ms: 6915-byte chunked response body for "http://localhost:1080/cgi-bin/itinerary.pl" (RelFrameId=1.2, Internal ID=29)
Action.c(230):     ields" value="33"  /><input type="hidden" name=".cgifields" value="21"  /><input type="hid
Action.c(230):     den" name=".cgifields" value="63"  /><input type="hidden" name=".cgifields" value="7"  /><
Action.c(230):     input type="hidden" name=".cgifields" value="227"  /><input type="hidden" name=".cgifields
Action.c(230):     " value="26"  /><input type="hidden" name=".cgifields" value="80"  /><input type="hidden" 
Action.c(230):     name=".cgifields" value="193"  /><input type="hidden" name=".cgifields" value="119"  /><in
Action.c(230):     put type="hidden" name=".cgifields" value="180"  /><input type="hidden" name=".cgifields" 
Action.c(230):     value="99"  /><input type="hidden" name=".cgifields" value="244"  /><input type="hidden" n
Action.c(230):     ame=".cgifields" value="179"  /><input type="hidden" name=".cgifields" value="162"  /><inp
Action.c(230):     ut type="hidden" name=".cgifields" value="72"  /><input type="hidden" name=".cgifields" va
Action.c(230):     lue="246"  /><input type="hidden" name=".cgifields" value="240"  /><input type="hidden" na
Action.c(230):     me=".cgifields" value="74"  /><input type="hidden" name=".cgifields" value="182"  /><input
Action.c(230):      type="hidden" name=".cgifields" value="61"  /><input type="hidden" name=".cgifields" valu
Action.c(230):     e="230"  /><input type="hidden" name=".cgifields" value="108"  /><input type="hidden" name
Action.c(230):     =".cgifields" value="115"  /><input type="hidden" name=".cgifields" value="92"  /><input t
Action.c(230):     ype="hidden" name=".cgifields" value="103"  /><input type="hidden" name=".cgifields" value
Action.c(230):     ="201"  /><input type="hidden" name=".cgifields" value="232"  /><input type="hidden" name=
Action.c(230):     ".cgifields" value="10"  /><input type="hidden" name=".cgifields" value="113"  /><input ty
Action.c(230):     pe="hidden" name=".cgifields" value="152"  /><input type="hidden" name=".cgifields" value=
Action.c(230):     "189"  /><input type="hidden" name=".cgifields" value="225"  /><input type="hidden" name="
Action.c(230):     .cgifields" value="207"  /><input type="hidden" name=".cgifields" value="142"  /><input ty
Action.c(230):     pe="hidden" name=".cgifields" value="91"  /><input type="hidden" name=".cgifields" value="
Action.c(230):     167"  /><input type="hidden" name=".cgifields" value="48"  /><input type="hidden" name=".c
Action.c(230):     gifields" value="107"  /><input type="hidden" name=".cgifields" value="87"  /><input type=
Action.c(230):     "hidden" name=".cgifields" value="174"  /><input type="hidden" name=".cgifields" value="77
Action.c(230):     "  /><input type="hidden" name=".cgifields" value="214"  /><input type="hidden" name=".cgi
Action.c(230):     fields" value="133"  /><input type="hidden" name=".cgifields" value="149"  /><input type="
Action.c(230):     hidden" name=".cgifields" value="123"  /><input type="hidden" name=".cgifields" value="221
Action.c(230):     "  /><input type="hidden" name=".cgifields" value="50"  /><input type="hidden" name=".cgif
Action.c(230):     ields" value="39"  /><input type="hidden" name=".cgifields" value="210"  /><input type="hi
Action.c(230):     dden" name=".cgifields" value="64"  /><input type="hidden" name=".cgifields" value="97"  /
Action.c(230):     ><input type="hidden" name=".cgifields" value="12"  /><input type="hidden" name=".cgifield
Action.c(230):     s" value="41"  /><input type="hidden" name=".cgifields" value="52"  /><input type="hidden"
Action.c(230):      name=".cgifields" value="173"  /><input type="hidden" name=".cgifields" value="56"  /><in
Action.c(230):     put type="hidden" name=".cgifields" value="229"  /><input type="hidden" name=".cgifields" 
Action.c(230):     value="45"  /><input type="hidden" name=".cgifields" value="66"  /><input type="hidden" na
Action.c(230):     me=".cgifields" value="19"  /><input type="hidden" name=".cgifields" value="54"  /><input 
Action.c(230):     type="hidden" name=".cgifields" value="237"  /><input type="hidden" name=".cgifields" valu
Action.c(230):     e="70"  /><input type="hidden" name=".cgifields" value="188"  /><input type="hidden" name=
Action.c(230):     ".cgifields" value="68"  /><input type="hidden" name=".cgifields" value="166"  /><input ty
Action.c(230):     pe="hidden" name=".cgifields" value="1"  /><input type="hidden" name=".cgifields" value="1
Action.c(230):     36"  /><input type="hidden" name=".cgifields" value="88"  /><input type="hidden" name=".cg
Action.c(230):     ifields" value="116"  /><input type="hidden" name=".cgifields" value="144"  /><input type=
Action.c(230):     "hidden" name=".cgifields" value="141"  /><input type="hidden" name=".cgifields" value="30
Action.c(230):     "  /><input type="hidden" name=".cgifields" value="100"  /><input type="hidden" name=".cgi
Action.c(230):     fields" value="222"  /><input type="hidden" name=".cgifields" value="25"  /><input type="h
Action.c(230):     idden" name=".cgifields" value="128"  /><input type="hidden" name=".cgifields" value="28" 
Action.c(230):      /><input type="hidden" name=".cgifields" value="120"  /><input type="hidden" name=".cgifi
Action.c(230):     elds" value="156"  /><input type="hidden" name=".cgifields" value="134"  /><input type="hi
Action.c(230):     dden" name=".cgifields" value="40"  /><input type="hidden" name=".cgifields" value="75"  /
Action.c(230):     ><input type="hidden" name=".cgifields" value="83"  /><input type="hidden" name=".cgifield
Action.c(230):     s" value="250"  /><input type="hidden" name=".cgifields" value="192"  /><input type="hidde
Action.c(230):     n" name=".cgifields" value="59"  /><input type="hidden" name=".cgifields" value="215"  /><
Action.c(230):     input type="hidden" name=".cgifields" value="177"  /><input type="hidden" name=".cgifields
Action.c(230):     " value="150"  /><input type="hidden" name=".cgifields" value="155"  /><input type="hidden
Action.c(230):     " name=".cgifields" value="130"  /><input type="hidden" name=".cgifields" value="217"  /><
Action.c(230):     input type="hidden" name=".cgifields" value="53"  /><input type="hidden" name=".cgifields"
Action.c(230):      value="245"  /><input type="hidden" name=".cgifields" value="239"  /><input type="hidden"
Action.c(230):      name=".cgifields" value="122"  /><input type="hidden" name=".cgifields" value="143"  /><i
Action.c(230):     nput type="hidden" name=".cgifields" value="205"  /><input type="hidden" name=".cgifields"
Action.c(230):      value="158"  /><input type="hidden" name=".cgifields" value="42"  /><input type="hidden" 
Action.c(230):     name=".cgifields" value="22"  /><input type="hidden" name=".cgifields" value="219"  /><inp
Action.c(230):     ut type="hidden" name=".cgifields" value="46"  /><input type="hidden" name=".cgifields" va
Action.c(230):     lue="13"  /><input type="hidden" name=".cgifields" value="235"  /><input type="hidden" nam
Action.c(230):     e=".cgifields" value="105"  /><input type="hidden" name=".cgifields" value="6"  /><input t
Action.c(230):     ype="hidden" name=".cgifields" value="85"  /><input type="hidden" name=".cgifields" value=
Action.c(230):     "185"  /><input type="hidden" name=".cgifields" value="36"  /><input type="hidden" name=".
Action.c(230):     cgifields" value="3"  /><input type="hidden" name=".cgifields" value="248"  /><input type=
Action.c(230):     "hidden" name=".cgifields" value="213"  /><input type="hidden" name=".cgifields" value="18
Action.c(230):     3"  /><input type="hidden" name=".cgifields" value="94"  /><input type="hidden" name=".cgi
Action.c(230):     fields" value="146"  /><input type="hidden" name=".cgifields" value="51"  /><input type="h
Action.c(230):     idden" name=".cgifields" value="9"  /><input type="hidden" name=".cgifields" value="111"  
Action.c(230):     /><input type="hidden" name=".cgifields" value="38"  /><input type="hidden" name=".cgifiel
Action.c(230):     ds" value="4"  /><input type="hidden" name=".cgifields" value="34"  /><input type="hidden"
Action.c(230):      name=".cgifields" value="169"  /><input type="hidden" name=".cgifields" value="164"  /><i
Action.c(230):     nput type="hidden" name=".cgifields" value="132"  /><input type="hidden" name=".cgifields"
Action.c(230):      value="196"  /><input type="hidden" name=".cgifields" value="171"  /><input type="hidden"
Action.c(230):      name=".cgifields" value="242"  /></div></form>\n
Action.c(230):     \n
Action.c(230):     </center>\n
Action.c(230):     \n
Action.c(230):     </body>\n
Action.c(230):     </html>
Action.c(230): t=47449ms: Request done "http://localhost:1080/cgi-bin/itinerary.pl"  	[MsgId: MMSG-26000]
Action.c(230): t=47449ms: Already connected [0] to localhost:1080  	[MsgId: MMSG-26000]
Action.c(230): t=47449ms: 442-byte request headers for "http://localhost:1080/WebTours/images/cancelreservation.gif" (RelFrameId=, Internal ID=31)
Action.c(230):     GET /WebTours/images/cancelreservation.gif HTTP/1.1\r\n
Action.c(230):     Referer: http://localhost:1080/cgi-bin/itinerary.pl\r\n
Action.c(230):     User-Agent: Mozilla/5.0 (Windows NT 10.0; WOW64; Trident/7.0; rv:11.0) like Gecko\r\n
Action.c(230):     Accept-Encoding: gzip, deflate\r\n
Action.c(230):     Accept-Language: ru,en-US;q=0.7,en;q=0.3\r\n
Action.c(230):     Accept: */*\r\n
Action.c(230):     Connection: Keep-Alive\r\n
Action.c(230):     Host: localhost:1080\r\n
Action.c(230):     Cookie: MSO=SID&1590325099; MTUserInfo=firstName&user1&username&user1&address2&&hash&113&a
Action.c(230):     ddress1&&lastName&user1%0A\r\n
Action.c(230):     \r\n
Action.c(230): t=47449ms: Already connected [1] to localhost:1080  	[MsgId: MMSG-26000]
Action.c(230): t=47449ms: 446-byte request headers for "http://localhost:1080/WebTours/images/cancelallreservations.gif" (RelFrameId=, Internal ID=32)
Action.c(230):     GET /WebTours/images/cancelallreservations.gif HTTP/1.1\r\n
Action.c(230):     Referer: http://localhost:1080/cgi-bin/itinerary.pl\r\n
Action.c(230):     User-Agent: Mozilla/5.0 (Windows NT 10.0; WOW64; Trident/7.0; rv:11.0) like Gecko\r\n
Action.c(230):     Accept-Encoding: gzip, deflate\r\n
Action.c(230):     Accept-Language: ru,en-US;q=0.7,en;q=0.3\r\n
Action.c(230):     Accept: */*\r\n
Action.c(230):     Connection: Keep-Alive\r\n
Action.c(230):     Host: localhost:1080\r\n
Action.c(230):     Cookie: MSO=SID&1590325099; MTUserInfo=firstName&user1&username&user1&address2&&hash&113&a
Action.c(230):     ddress1&&lastName&user1%0A\r\n
Action.c(230):     \r\n
Action.c(230): t=47450ms: 297-byte response headers for "http://localhost:1080/WebTours/images/cancelreservation.gif" (RelFrameId=, Internal ID=31)
Action.c(230):     HTTP/1.1 200 OK\r\n
Action.c(230):     Date: Sun, 24 May 2020 12:58:50 GMT\r\n
Action.c(230):     Server: Apache/2.2.21 (Win32)\r\n
Action.c(230):     Last-Modified: Thu, 12 Jan 2012 13:30:27 GMT\r\n
Action.c(230):     ETag: "5000000068a37-33f-4b654c052c2c0"\r\n
Action.c(230):     Accept-Ranges: bytes\r\n
Action.c(230):     Content-Length: 831\r\n
Action.c(230):     Keep-Alive: timeout=5, max=95\r\n
Action.c(230):     Connection: Keep-Alive\r\n
Action.c(230):     Content-Type: image/gif\r\n
Action.c(230):     \r\n
Action.c(230): t=47450ms: 831-byte response body for "http://localhost:1080/WebTours/images/cancelreservation.gif" (RelFrameId=, Internal ID=31)
Action.c(230): t=47450ms: Request done "http://localhost:1080/WebTours/images/cancelreservation.gif"  	[MsgId: MMSG-26000]
Action.c(230): t=47450ms: 297-byte response headers for "http://localhost:1080/WebTours/images/cancelallreservations.gif" (RelFrameId=, Internal ID=32)
Action.c(230):     HTTP/1.1 200 OK\r\n
Action.c(230):     Date: Sun, 24 May 2020 12:58:50 GMT\r\n
Action.c(230):     Server: Apache/2.2.21 (Win32)\r\n
Action.c(230):     Last-Modified: Thu, 12 Jan 2012 13:30:27 GMT\r\n
Action.c(230):     ETag: "7000000068a36-2e6-4b654c052c2c0"\r\n
Action.c(230):     Accept-Ranges: bytes\r\n
Action.c(230):     Content-Length: 742\r\n
Action.c(230):     Keep-Alive: timeout=5, max=99\r\n
Action.c(230):     Connection: Keep-Alive\r\n
Action.c(230):     Content-Type: image/gif\r\n
Action.c(230):     \r\n
Action.c(230): t=47450ms: 742-byte response body for "http://localhost:1080/WebTours/images/cancelallreservations.gif" (RelFrameId=, Internal ID=32)
Action.c(230): t=47450ms: Request done "http://localhost:1080/WebTours/images/cancelallreservations.gif"  	[MsgId: MMSG-26000]
Action.c(230): web_url("welcome.pl") was successful, 309588 body bytes, 1618 header bytes, 611 chunking overhead bytes  	[MsgId: MMSG-26385]
Action.c(240): Notify: Transaction "Itinerary" ended with a "Pass" status (Duration: 0,4170).	[MsgId: MMSG-16873]
Action.c(242): Notify: Transaction "4_Покупка билета туда - обратно" ended with a "Pass" status (Duration: 31,1688 Think Time: 30,0003 Wasted Time: 0,0007).	[MsgId: MMSG-16870]
Ending action Action.	[MsgId: MMSG-15918]
Ending iteration 1.	[MsgId: MMSG-15965]
Waiting 103,6300 seconds for iteration pacing.	[MsgId: MMSG-15996]
Action was aborted.	[MsgId: MMSG-10694]
Action was aborted.	[MsgId: MMSG-10694]
Action was aborted.	[MsgId: MMSG-10694]
Ending Vuser...	[MsgId: MMSG-15966]
Ending Vuser...	[MsgId: MMSG-15966]
Ending Vuser...	[MsgId: MMSG-15966]
Starting action vuser_end.	[MsgId: MMSG-15919]
Starting action vuser_end.	[MsgId: MMSG-15919]
Starting action vuser_end.	[MsgId: MMSG-15919]
Ending action vuser_end.	[MsgId: MMSG-15918]
Ending action vuser_end.	[MsgId: MMSG-15918]
Ending action vuser_end.	[MsgId: MMSG-15918]
Vuser Terminated.	[MsgId: MMSG-15963]
Vuser Terminated.	[MsgId: MMSG-15963]
Vuser Terminated.	[MsgId: MMSG-15963]
t=84957ms: Closed connection [0] to localhost:1080 after completing 6 request(s)  	[MsgId: MMSG-26000]
t=84957ms: Closed connection [0] to localhost:1080 after completing 6 request(s)  	[MsgId: MMSG-26000]
t=84957ms: Closed connection [0] to localhost:1080 after completing 6 request(s)  	[MsgId: MMSG-26000]
t=84957ms: Closed connection [1] to localhost:1080 after completing 2 request(s)  	[MsgId: MMSG-26000]
t=84957ms: Closed connection [1] to localhost:1080 after completing 2 request(s)  	[MsgId: MMSG-26000]
t=84957ms: Closed connection [1] to localhost:1080 after completing 2 request(s)  	[MsgId: MMSG-26000]
t=84957ms: Closed connection [2] to localhost:1080 after completing 1 request(s)  	[MsgId: MMSG-26000]
t=84957ms: Closed connection [2] to localhost:1080 after completing 1 request(s)  	[MsgId: MMSG-26000]
t=84957ms: Closed connection [2] to localhost:1080 after completing 1 request(s)  	[MsgId: MMSG-26000]
HTML-Mode memory management statistics: Reusable=42, NonReusable=0, CsMemBlockSize=4096, checks disabled  	[MsgId: MMSG-26000]
HTML-Mode memory management statistics: Reusable=42, NonReusable=0, CsMemBlockSize=4096, checks disabled  	[MsgId: MMSG-26000]
HTML-Mode memory management statistics: Reusable=41, NonReusable=0, CsMemBlockSize=4096, checks disabled  	[MsgId: MMSG-26000]
Vuser 2 (thread 6608), ended OK."	[MsgId: MMSG-10695]
Vuser 1 (thread 13612), ended OK."	[MsgId: MMSG-10695]
Vuser 0 (thread 6216), ended OK."	[MsgId: MMSG-10695]
