Action.c(30):     Transfer-Encoding: chunked\r\n
Action.c(30):     Content-Type: text/html; charset=ISO-8859-1\r\n
Action.c(30):     \r\n
Action.c(30): t=6628406ms: 5-byte chunked response overhead for "http://localhost:1080/cgi-bin/login.pl?intro=true" (RelFrameId=1.2, Internal ID=1179)
Action.c(30):     397\r\n
Action.c(30): t=6628406ms: 2-byte chunked response overhead for "http://localhost:1080/cgi-bin/login.pl?intro=true" (RelFrameId=1.2, Internal ID=1179)
Action.c(30):     \r\n
Action.c(30): t=6628406ms: 919-byte chunked response body for "http://localhost:1080/cgi-bin/login.pl?intro=true" (RelFrameId=1.2, Internal ID=1179)
Action.c(30):     <!DOCTYPE html\n
Action.c(30):     \tPUBLIC "-//W3C//DTD XHTML 1.0 Transitional//EN"\n
Action.c(30):     \t "http://www.w3.org/TR/xhtml1/DTD/xhtml1-transitional.dtd">\n
Action.c(30):     <html xmlns="http://www.w3.org/1999/xhtml" lang="en-US" xml:lang="en-US">\n
Action.c(30):     <head>\n
Action.c(30):     <title>Welcome to Web Tours</title>\n
Action.c(30):     <meta http-equiv="Content-Type" content="text/html; charset=iso-8859-1" />\n
Action.c(30):     </head>\n
Action.c(30):     <body bgcolor="#E0E7F1">\n
Action.c(30):     <p /><style>blockquote {font-family: tahoma; font-size : 10pt}H1 {font-family: tahoma; fon
Action.c(30):     t-size : 22pt; color: #993333}small {font-family: tahoma; font-size : 8pt}H3 {font-family:
Action.c(30):      tahoma; font-size : 10pt; color: black}TD {font-family: tahoma; font-size : 10pt; color: 
Action.c(30):     black}</style><BR/><BR/><BR/><BR/><BR/><blockquote>Welcome, <b>user9</b>, to the Web Tours
Action.c(30):      reservation pages.<BR/>Using the menu to the left, you can search for new flights to book
Action.c(30):     , \n
Action.c(30):     or review/edit the flights already booked.  Don't forget to sign off when\n
Action.c(30):     you're done!\n
Action.c(30):     </blockquote>\n
Action.c(30):     </body>\n
Action.c(30):     </html>
Action.c(30): t=6628408ms: 5-byte chunked response overhead for "http://localhost:1080/cgi-bin/login.pl?intro=true" (RelFrameId=1.2, Internal ID=1179)
Action.c(30):     0\r\n
Action.c(30):     \r\n
Action.c(30): t=6628408ms: Request done "http://localhost:1080/cgi-bin/login.pl?intro=true"  	[MsgId: MMSG-26000]
Action.c(30): Registered web_reg_find successful for "Text=User password was correct" (count=1)  	[MsgId: MMSG-26364]
Action.c(30): web_submit_data("login.pl") was successful, 5780 body bytes, 2035 header bytes, 36 chunking overhead bytes  	[MsgId: MMSG-26385]
Action.c(47): web_set_sockets_option started  	[MsgId: MMSG-26355]
Action.c(47): web_set_sockets_option was successful  	[MsgId: MMSG-26392]
Action.c(49): Notify: Transaction "login" ended with a "Pass" status (Duration: 0,2284 Wasted Time: 0,0000).	[MsgId: MMSG-16871]
Action.c(70): lr_think_time: 5,00 seconds.	[MsgId: MMSG-15948]
Action.c(186): Notify: Transaction "Payment" started.	[MsgId: MMSG-16999]
Action.c(188): web_reg_find started  	[MsgId: MMSG-26355]
Action.c(188): Registering web_reg_find was successful  	[MsgId: MMSG-26390]
Action.c(192): web_submit_data("reservations.pl_3") started  	[MsgId: MMSG-26355]
Action.c(192): Notify: Parameter Substitution: parameter "login" =  "user8"	[MsgId: MMSG-13992]
Action.c(192): Notify: Parameter Substitution: parameter "login" =  "user8"	[MsgId: MMSG-13992]
Action.c(192): Notify: Parameter Substitution: parameter "login" =  "user8"	[MsgId: MMSG-13992]
Action.c(192): Notify: Parameter Substitution: parameter "login" =  "user8"	[MsgId: MMSG-13992]
Action.c(192): Notify: Parameter Substitution: parameter "seatType" =  "Coach"	[MsgId: MMSG-13992]
Action.c(192): Notify: Parameter Substitution: parameter "seatPref" =  "Window"	[MsgId: MMSG-13992]
Action.c(192): Notify: Parameter Substitution: parameter "outboundFlight_1" =  "540;621;05/21/2020"	[MsgId: MMSG-13992]
Action.c(192): t=6628628ms: Already connected [0] to localhost:1080  	[MsgId: MMSG-26000]
Action.c(192): t=6628628ms: 526-byte request headers for "http://localhost:1080/cgi-bin/reservations.pl" (RelFrameId=1, Internal ID=1476)
Action.c(192):     POST /cgi-bin/reservations.pl HTTP/1.1\r\n
Action.c(192):     Content-Type: application/x-www-form-urlencoded\r\n
Action.c(192):     Referer: http://localhost:1080/cgi-bin/reservations.pl\r\n
Action.c(192):     User-Agent: Mozilla/5.0 (Windows NT 10.0; WOW64; Trident/7.0; rv:11.0) like Gecko\r\n
Action.c(192):     Accept-Encoding: gzip, deflate\r\n
Action.c(192):     Accept-Language: ru,en-US;q=0.7,en;q=0.3\r\n
Action.c(192):     Accept: */*\r\n
Action.c(192):     Connection: Keep-Alive\r\n
Action.c(192):     Host: localhost:1080\r\n
Action.c(192):     Cookie: MSO=SID&1590081720; MTUserInfo=firstName&user8&address2&&username&user8&hash&120&l
Action.c(192):     astName&user8%0A&address1&&creditCard&&expDate&%0A\r\n
Action.c(192):     Content-Length: 405\r\n
Action.c(192):     \r\n
Action.c(192): t=6628629ms: 405-byte request body for "http://localhost:1080/cgi-bin/reservations.pl" (RelFrameId=1, Internal ID=1476)
Action.c(192):     firstName=user8&lastName=user8&address1=%26%231050%3B%26%231072%3B%26%231083%3B%26%231080%
Action.c(192):     3B%26%231085%3B%26%231080%3B%26%231085%3B%26%231072%3B+36&address2=&pass1=user8++user8&cre
Action.c(192):     ditCard=12345678&expDate=&oldCCOption=&numPassengers=1&seatType=Coach&seatPref=Window&outb
Action.c(192):     oundFlight=540%3B621%3B05%2F21%2F2020&advanceDiscount=0&returnFlight=&JSFormSubmit=off&.cg
Action.c(192):     ifields=saveCC&buyFlights.x=75&buyFlights.y=5
Action.c(192): t=6628715ms: 365-byte response headers for "http://localhost:1080/cgi-bin/reservations.pl" (RelFrameId=1, Internal ID=1476)
Action.c(192):     HTTP/1.1 200 OK\r\n
Action.c(192):     Date: Thu, 21 May 2020 17:22:21 GMT\r\n
Action.c(192):     Server: Apache/2.2.21 (Win32)\r\n
Action.c(192):     Expires: Wed, 20 May 2020 17:22:21 GMT\r\n
Action.c(192):     Set-Cookie: MTUserInfo=firstName&user8&username&user8&address2&&hash&120&address1&&lastNam
Action.c(192):     e&user8%0A; path=/\r\n
Action.c(192):     Keep-Alive: timeout=5, max=98\r\n
Action.c(192):     Connection: Keep-Alive\r\n
Action.c(192):     Transfer-Encoding: chunked\r\n
Action.c(192):     Content-Type: text/html; charset=ISO-8859-1\r\n
Action.c(192):     \r\n
Action.c(192): t=6628716ms: 5-byte chunked response overhead for "http://localhost:1080/cgi-bin/reservations.pl" (RelFrameId=1, Internal ID=1476)
Action.c(192):     9a9\r\n
Action.c(192): t=6628716ms: 2-byte chunked response overhead for "http://localhost:1080/cgi-bin/reservations.pl" (RelFrameId=1, Internal ID=1476)
Action.c(192):     \r\n
Action.c(192): t=6628716ms: 2473-byte chunked response body for "http://localhost:1080/cgi-bin/reservations.pl" (RelFrameId=1, Internal ID=1476)
Action.c(192):     <!DOCTYPE html\n
Action.c(192):     \tPUBLIC "-//W3C//DTD XHTML 1.0 Transitional//EN"\n
Action.c(192):     \t "http://www.w3.org/TR/xhtml1/DTD/xhtml1-transitional.dtd">\n
Action.c(192):     <html xmlns="http://www.w3.org/1999/xhtml" lang="en-US" xml:lang="en-US">\n
Action.c(192):     <head>\n
Action.c(192):     <title>Reservation Made!</title>\n
Action.c(192):     <meta http-equiv="Content-Type" content="text/html; charset=iso-8859-1" />\n
Action.c(192):     </head>\n
Action.c(192):     <body bgcolor="#E0E7F1">\n
Action.c(192):     <style>blockquote {font-family: tahoma; font-size : 10pt}H1 {font-family: tahoma; font-siz
Action.c(192):     e : 22pt; color: #993333}small {font-family: tahoma; font-size : 8pt}H3 {font-family: taho
Action.c(192):     ma; font-size : 10pt; color: black}TD {font-family: tahoma; font-size : 10pt; color: black
Action.c(192):     }</style><BR/><BR/><h1><font color="#003366">&nbsp;&nbsp;<b>Invoice</font></b></h1><blockq
Action.c(192):     uote>\n
Action.c(192):     <CENTER>\n
Action.c(192):     <small><B>Thank you for booking through Web Tours.</B></small>\n
Action.c(192):     <BR/>\n
Action.c(192):     <BR/>\n
Action.c(192):     <!-- Customer Name header -->\n
Action.c(192):     <Table width="85%" border="0" cellspacing="0" >\n
Action.c(192):       <TR bgcolor="#5E7884">\n
Action.c(192):          <TD colspan="2" align="center">\n
Action.c(192):             <font color="white"><b>user8user8's Flight Invoice</b></font>\n
Action.c(192):          </TD>\n
Action.c(192):          <TD width="160" align="right">\n
Action.c(192):              <font color="white"><small>Thu May 21 20:22:21 2020\n
Action.c(192):     </small>\n
Action.c(192):          </TD>\n
Action.c(192):       </TR>\n
Action.c(192):     </Table>\n
Action.c(192):     \n
Action.c(192):     <Table width="85%" border="0" cellspacing="1" >\n
Action.c(192):     <!-- Flight Item header -->\n
Action.c(192):       <TR bgcolor="#EFF2F7">\n
Action.c(192):          <TD colspan="2" align="left">\n
Action.c(192):              Flights Reservation Requests:\n
Action.c(192):         </TD>\n
Action.c(192):         <TD align="center">Cost\n
Action.c(192):         </TD>\n
Action.c(192):       </TR>\n
Action.c(192):     \n
Action.c(192):     <!-- Flight reserved -->\n
Action.c(192):     <TR bgcolor="#EFF2F7">\n
Action.c(192):         <TD valign="top">1.</TD>\n
Action.c(192):         <TD align="left">\n
Action.c(192):            A Coach Class ticket\n
Action.c(192):      from Portland to Paris.</u></b>\n
Action.c(192):     <br/>\n
Action.c(192):     <center>\n
Action.c(192):            <i>\n
Action.c(192):               05/21/2020 :  8am : Flight 540 leaves Portland  for Paris.<br>\n
Action.c(192):            <br/>\n
Action.c(192):         </TD>\n
Action.c(192):         <TD valign="top">\n
Action.c(192):              $621\n
Action.c(192):         </TD>\n
Action.c(192):       </TR>\n
Action.c(192):     <!-- Total Cost -->\n
Action.c(192):       <TR bgcolor="#EFF2F7">\n
Action.c(192):         <TD>*\n
Action.c(192):         </TD>\n
Action.c(192):         <TD > Total Cost\n
Action.c(192):         </TD>\n
Action.c(192):         <TD>\n
Action.c(192):            <b> $621 </b>\n
Action.c(192):         </TD>\n
Action.c(192):       </TR>\n
Action.c(192):     \n
Action.c(192):       <TR bgcolor="#EFF2F7">\n
Action.c(192):         <TD>-\n
Action.c(192):         </TD>\n
Action.c(192):         <TD >\n
Action.c(192):            Total Charged to Credit Card # 12345678\n
Action.c(192):         </TD>\n
Action.c(192):         <TD>\n
Action.c(192):            <b> $621 </b>\n
Action.c(192):         </TD>\n
Action.c(192):       </TR>\n
Action.c(192):     \n
Action.c(192):       <TR bgcolor="#EFF2F7">\n
Action.c(192):         <TD>*\n
Action.c(192):         </TD>\n
Action.c(192):         <TD >\n
Action.c(192):             Credit Account Balance\n
Action.c(192):         </TD>\n
Action.c(192):         <TD>\n
Action.c(192):            <b> $0.00 </b>\n
Action.c(192):         </TD>\n
Action.c(192):       </TR></Table>\n
Action.c(192):     <BR/>\n
Action.c(192):     <Table width="85%" border="0">\n
Action.c(192):       <tr>\n
Action.c(192):         <td align=right>\n
Action.c(192):     <form method="post" action="" enctype="application/x-www-form-urlencoded">\n
Action.c(192):     <input type="image" name="Book Another" src="/WebTours/images/bookanother.gif" border="0" 
Action.c(192):     /></form>    </td>\n
Action.c(192):       </tr>\n
Action.c(192):     </Table>\n
Action.c(192):     \n
Action.c(192):     </Center>\n
Action.c(192):     \n
Action.c(192):     </body>\n
Action.c(192):     </html>
Action.c(192): Found resource "http://localhost:1080/WebTours/images/bookanother.gif" in HTML "http://localhost:1080/cgi-bin/reservations.pl"  	[MsgId: MMSG-26659]
Action.c(192): t=6628720ms: Connecting [1] to host 127.0.0.1:1080  	[MsgId: MMSG-26000]
Action.c(192): t=6628720ms: 5-byte chunked response overhead for "http://localhost:1080/cgi-bin/reservations.pl" (RelFrameId=1, Internal ID=1476)
Action.c(192):     0\r\n
Action.c(192):     \r\n
Action.c(192): t=6628720ms: Request done "http://localhost:1080/cgi-bin/reservations.pl"  	[MsgId: MMSG-26000]
Action.c(192): t=6628720ms: Connected socket [1] from 127.0.0.1:19455 to 127.0.0.1:1080 in 0 ms  	[MsgId: MMSG-26000]
Action.c(192): t=6628720ms: 439-byte request headers for "http://localhost:1080/WebTours/images/bookanother.gif" (RelFrameId=, Internal ID=1477)
Action.c(192):     GET /WebTours/images/bookanother.gif HTTP/1.1\r\n
Action.c(192):     Referer: http://localhost:1080/cgi-bin/reservations.pl\r\n
Action.c(192):     User-Agent: Mozilla/5.0 (Windows NT 10.0; WOW64; Trident/7.0; rv:11.0) like Gecko\r\n
Action.c(192):     Accept-Encoding: gzip, deflate\r\n
Action.c(192):     Accept-Language: ru,en-US;q=0.7,en;q=0.3\r\n
Action.c(192):     Accept: */*\r\n
Action.c(192):     Connection: Keep-Alive\r\n
Action.c(192):     Host: localhost:1080\r\n
Action.c(192):     Cookie: MSO=SID&1590081720; MTUserInfo=firstName&user8&username&user8&address2&&hash&120&a
Action.c(192):     ddress1&&lastName&user8%0A\r\n
Action.c(192):     \r\n
Action.c(192): t=6628721ms: 298-byte response headers for "http://localhost:1080/WebTours/images/bookanother.gif" (RelFrameId=, Internal ID=1477)
Action.c(192):     HTTP/1.1 200 OK\r\n
Action.c(192):     Date: Thu, 21 May 2020 17:22:21 GMT\r\n
Action.c(192):     Server: Apache/2.2.21 (Win32)\r\n
Action.c(192):     Last-Modified: Thu, 12 Jan 2012 13:30:27 GMT\r\n
Action.c(192):     ETag: "7000000068a34-326-4b654c052c2c0"\r\n
Action.c(192):     Accept-Ranges: bytes\r\n
Action.c(192):     Content-Length: 806\r\n
Action.c(192):     Keep-Alive: timeout=5, max=100\r\n
Action.c(192):     Connection: Keep-Alive\r\n
Action.c(192):     Content-Type: image/gif\r\n
Action.c(192):     \r\n
Action.c(192): t=6628722ms: 806-byte response body for "http://localhost:1080/WebTours/images/bookanother.gif" (RelFrameId=, Internal ID=1477)
Action.c(192): t=6628722ms: Request done "http://localhost:1080/WebTours/images/bookanother.gif"  	[MsgId: MMSG-26000]
Action.c(192): Registered web_reg_find successful for "Text=Reservation Made!" (count=1)  	[MsgId: MMSG-26364]
Action.c(192): web_submit_data("reservations.pl_3") was successful, 3279 body bytes, 663 header bytes, 12 chunking overhead bytes  	[MsgId: MMSG-26385]
Action.c(221): Notify: Transaction "Payment" ended with a "Pass" status (Duration: 0,0949 Wasted Time: 0,0000).	[MsgId: MMSG-16871]
Action.c(223): lr_think_time: 5,00 seconds.	[MsgId: MMSG-15948]
Action.c(103): Notify: Transaction "insert to filds" started.	[MsgId: MMSG-16999]
Action.c(105): web_reg_find started  	[MsgId: MMSG-26355]
Action.c(105): Registering web_reg_find was successful  	[MsgId: MMSG-26390]
Action.c(113): web_reg_save_param_ex started  	[MsgId: MMSG-26355]
Action.c(113): Registering web_reg_save_param_ex was successful  	[MsgId: MMSG-26390]
Action.c(124): web_submit_data("reservations.pl") started  	[MsgId: MMSG-26355]
Action.c(124): Notify: Parameter Substitution: parameter "TownDepart" =  "Paris"	[MsgId: MMSG-13992]
Action.c(124): Notify: Parameter Substitution: parameter "departDate" =  "05/21/2020"	[MsgId: MMSG-13992]
Action.c(124): Notify: Parameter Substitution: parameter "TownArrive" =  "Zuirch"	[MsgId: MMSG-13992]
Action.c(124): Notify: Parameter Substitution: parameter "returnDate" =  "06/18/2020"	[MsgId: MMSG-13992]
Action.c(124): Notify: Parameter Substitution: parameter "seatPref" =  "None"	[MsgId: MMSG-13992]
Action.c(124): Notify: Parameter Substitution: parameter "seatType" =  "First"	[MsgId: MMSG-13992]
Action.c(124): t=6630549ms: Closed connection [0] to localhost:1080 after completing 4 request(s)  	[MsgId: MMSG-26000]
Action.c(124): t=6630550ms: Connecting [0] to host 127.0.0.1:1080  	[MsgId: MMSG-26000]
Action.c(124): t=6630551ms: Connected socket [0] from 127.0.0.1:19479 to 127.0.0.1:1080 in 1 ms  	[MsgId: MMSG-26000]
Action.c(124): t=6630551ms: 539-byte request headers for "http://localhost:1080/cgi-bin/reservations.pl" (RelFrameId=1, Internal ID=1191)
Action.c(124):     POST /cgi-bin/reservations.pl HTTP/1.1\r\n
Action.c(124):     Content-Type: application/x-www-form-urlencoded\r\n
Action.c(124):     Referer: http://localhost:1080/cgi-bin/reservations.pl?page=welcome\r\n
Action.c(124):     User-Agent: Mozilla/5.0 (Windows NT 10.0; WOW64; Trident/7.0; rv:11.0) like Gecko\r\n
Action.c(124):     Accept-Encoding: gzip, deflate\r\n
Action.c(124):     Accept-Language: ru,en-US;q=0.7,en;q=0.3\r\n
Action.c(124):     Accept: */*\r\n
Action.c(124):     Connection: Keep-Alive\r\n
Action.c(124):     Host: localhost:1080\r\n
Action.c(124):     Cookie: MSO=SID&1590081732; MTUserInfo=firstName&user9&address2&&username&user9&hash&121&l
Action.c(124):     astName&user9%0A&address1&&creditCard&&expDate&%0A\r\n
Action.c(124):     Content-Length: 235\r\n
Action.c(124):     \r\n
Action.c(124): t=6630551ms: 235-byte request body for "http://localhost:1080/cgi-bin/reservations.pl" (RelFrameId=1, Internal ID=1191)
Action.c(124):     advanceDiscount=0&depart=Paris&departDate=05%2F21%2F2020&arrive=Zuirch&returnDate=06%2F18%
Action.c(124):     2F2020&numPassengers=1&seatPref=None&seatType=First&.cgifields=roundtrip&.cgifields=seatTy
Action.c(124):     pe&.cgifields=seatPref&findFlights.x=54&findFlights.y=4
Action.c(124): t=6630551ms: Inactive socket [3] was closed by localhost:1080, probably due to Keep-Alive timeout  	[MsgId: MMSG-26000]
Action.c(124): t=6630551ms: Closed connection [3] to localhost:1080 after completing 1 request(s)  	[MsgId: MMSG-26000]
Action.c(124): t=6630576ms: Inactive socket [1] was closed by localhost:1080, probably due to Keep-Alive timeout  	[MsgId: MMSG-26000]
Action.c(124): t=6630576ms: Closed connection [1] to localhost:1080 after completing 1 request(s)  	[MsgId: MMSG-26000]
Action.c(124): t=6630593ms: Inactive socket [2] was closed by localhost:1080, probably due to Keep-Alive timeout  	[MsgId: MMSG-26000]
Action.c(124): t=6630593ms: Closed connection [2] to localhost:1080 after completing 1 request(s)  	[MsgId: MMSG-26000]
Action.c(124): t=6630627ms: 256-byte response headers for "http://localhost:1080/cgi-bin/reservations.pl" (RelFrameId=1, Internal ID=1191)
Action.c(124):     HTTP/1.1 200 OK\r\n
Action.c(124):     Date: Thu, 21 May 2020 17:22:23 GMT\r\n
Action.c(124):     Server: Apache/2.2.21 (Win32)\r\n
Action.c(124):     Expires: Wed, 20 May 2020 17:22:23 GMT\r\n
Action.c(124):     Keep-Alive: timeout=5, max=100\r\n
Action.c(124):     Connection: Keep-Alive\r\n
Action.c(124):     Transfer-Encoding: chunked\r\n
Action.c(124):     Content-Type: text/html; charset=ISO-8859-1\r\n
Action.c(124):     \r\n
Action.c(124): t=6630628ms: 5-byte chunked response overhead for "http://localhost:1080/cgi-bin/reservations.pl" (RelFrameId=1, Internal ID=1191)
Action.c(124):     979\r\n
Action.c(124): t=6630628ms: 2-byte chunked response overhead for "http://localhost:1080/cgi-bin/reservations.pl" (RelFrameId=1, Internal ID=1191)
Action.c(124):     \r\n
Action.c(124): t=6630628ms: 2425-byte chunked response body for "http://localhost:1080/cgi-bin/reservations.pl" (RelFrameId=1, Internal ID=1191)
Action.c(124):     <!DOCTYPE html\n
Action.c(124):     \tPUBLIC "-//W3C//DTD XHTML 1.0 Transitional//EN"\n
Action.c(124):     \t "http://www.w3.org/TR/xhtml1/DTD/xhtml1-transitional.dtd">\n
Action.c(124):     <html xmlns="http://www.w3.org/1999/xhtml" lang="en-US" xml:lang="en-US">\n
Action.c(124):     <head>\n
Action.c(124):     <title>Flight Selections</title>\n
Action.c(124):     <meta http-equiv="Content-Type" content="text/html; charset=iso-8859-1" />\n
Action.c(124):     </head>\n
Action.c(124):     <body bgcolor="#E0E7F1">\n
Action.c(124):     <style>blockquote {font-family: tahoma; font-size : 10pt}H1 {font-family: tahoma; font-siz
Action.c(124):     e : 22pt; color: #993333}small {font-family: tahoma; font-size : 8pt}H3 {font-family: taho
Action.c(124):     ma; font-size : 10pt; color: black}TD {font-family: tahoma; font-size : 10pt; color: black
Action.c(124):     }</style><BR/><BR/><h1><font color="#003366">&nbsp;&nbsp;<b>Find Flight</font></b></h1><bl
Action.c(124):     ockquote>\n
Action.c(124):     <form method="post" action="reservations.pl" enctype="application/x-www-form-urlencoded">\n
Action.c(124):     \n
Action.c(124):     <center>\n
Action.c(124):     <!-- From Paris (4) To Zuirch () -->\n
Action.c(124):     <table cellspacing="2" border="0" width="50%">\n
Action.c(124):     <blockquote>Flight departing from <B>Paris</B> to <B>Zuirch</B> on <B>05/21/2020</B><BR/><
Action.c(124):     BR/><tr bgcolor="#5E7884"><td align="center"><font color="white"><B>Flight</B></font>\n
Action.c(124):           \t\t<td align="center"><font color="white"><B>Departure time</B>\n
Action.c(124):           \t\t<td align="center"><font color="white"><B>Cost</B>\n
Action.c(124):     <tr bgcolor="#EFF2F7"><td align="center"><input type="radio" name="outboundFlight" value="
Action.c(124):     40;657;05/21/2020" checked="checked" >Blue Sky Air 40<td align="center">8am<td align="cent
Action.c(124):     er">$ 657</TD></TR><tr bgcolor="#EFF2F7"><td align="center"><input type="radio" name="outb
Action.c(124):     oundFlight" value="41;586;05/21/2020">Blue Sky Air 41<td align="center">1pm<td align="cent
Action.c(124):     er">$ 586</TD></TR><tr bgcolor="#EFF2F7"><td align="center"><input type="radio" name="outb
Action.c(124):     oundFlight" value="42;622;05/21/2020">Blue Sky Air 42<td align="center">5pm<td align="cent
Action.c(124):     er">$ 622</TD></TR><tr bgcolor="#EFF2F7"><td align="center"><input type="radio" name="outb
Action.c(124):     oundFlight" value="43;538;05/21/2020">Blue Sky Air 43<td align="center">11pm<td align="cen
Action.c(124):     ter">$ 538</TD></TR></table>\n
Action.c(124):     \n
Action.c(124):     <input type="hidden" name="numPassengers" value="1"  /><input type="hidden" name="advanceD
Action.c(124):     iscount" value="0"  /><input type="hidden" name="seatType" value="First"  /><input type="h
Action.c(124):     idden" name="seatPref" value="None"  />\n
Action.c(124):     <P><center><table width=80% cellspacing=1><tr><td align=center>\n
Action.c(124):     <input type="image" name="reserveFlights" src="/WebTours/images/button_next.gif" border="0
Action.c(124):     " />\n
Action.c(124):     <td>&nbsp;<td align=center></table></center></form></center>\n
Action.c(124):     </blockquote>\n
Action.c(124):     \n
Action.c(124):     </body>\n
Action.c(124):     </html>
Action.c(124): Notify: Saving Parameter "outboundFlight_1 = 40;657;05/21/2020".	[MsgId: MMSG-13798]
Action.c(124): Notify: Saving Parameter "outboundFlight_2 = 41;586;05/21/2020".	[MsgId: MMSG-13798]
Action.c(124): Notify: Saving Parameter "outboundFlight_3 = 42;622;05/21/2020".	[MsgId: MMSG-13798]
Action.c(124): Notify: Saving Parameter "outboundFlight_4 = 43;538;05/21/2020".	[MsgId: MMSG-13798]
Action.c(124): Resource "http://localhost:1080/WebTours/images/button_next.gif" is in the cache already and will not be downloaded again  	[MsgId: MMSG-26655]
Action.c(124): t=6630631ms: 5-byte chunked response overhead for "http://localhost:1080/cgi-bin/reservations.pl" (RelFrameId=1, Internal ID=1191)
Action.c(124):     0\r\n
Action.c(124):     \r\n
Action.c(124): t=6630632ms: Request done "http://localhost:1080/cgi-bin/reservations.pl"  	[MsgId: MMSG-26000]
Action.c(124): Registered web_reg_find successful for "Text=Flight Selections" (count=1)  	[MsgId: MMSG-26364]
Action.c(124): Notify: Saving Parameter "outboundFlight_count = 4".	[MsgId: MMSG-13798]
Action.c(124): web_submit_data("reservations.pl") was successful, 2425 body bytes, 256 header bytes, 12 chunking overhead bytes  	[MsgId: MMSG-26385]
Action.c(150): Notify: Transaction "insert to filds" ended with a "Pass" status (Duration: 0,0836 Wasted Time: 0,0003).	[MsgId: MMSG-16871]
Action.c(152): lr_think_time: 5,00 seconds.	[MsgId: MMSG-15948]
Action.c(154): Notify: Transaction "change flight" started.	[MsgId: MMSG-16999]
Action.c(157): web_reg_find started  	[MsgId: MMSG-26355]
Action.c(157): Registering web_reg_find was successful  	[MsgId: MMSG-26390]
Action.c(164): web_submit_data("reservations.pl_2") started  	[MsgId: MMSG-26355]
Action.c(164): Notify: Parameter Substitution: parameter "outboundFlight_1" =  "550;0;05/21/2020"	[MsgId: MMSG-13992]
Action.c(164): Notify: Parameter Substitution: parameter "seatType" =  "First"	[MsgId: MMSG-13992]
Action.c(164): Notify: Parameter Substitution: parameter "seatPref" =  "Window"	[MsgId: MMSG-13992]
Action.c(164): t=6631599ms: Already connected [0] to localhost:1080  	[MsgId: MMSG-26000]
Action.c(164): t=6631599ms: 526-byte request headers for "http://localhost:1080/cgi-bin/reservations.pl" (RelFrameId=1, Internal ID=1475)
Action.c(164):     POST /cgi-bin/reservations.pl HTTP/1.1\r\n
Action.c(164):     Content-Type: application/x-www-form-urlencoded\r\n
Action.c(164):     Referer: http://localhost:1080/cgi-bin/reservations.pl\r\n
Action.c(164):     User-Agent: Mozilla/5.0 (Windows NT 10.0; WOW64; Trident/7.0; rv:11.0) like Gecko\r\n
Action.c(164):     Accept-Encoding: gzip, deflate\r\n
Action.c(164):     Accept-Language: ru,en-US;q=0.7,en;q=0.3\r\n
Action.c(164):     Accept: */*\r\n
Action.c(164):     Connection: Keep-Alive\r\n
Action.c(164):     Host: localhost:1080\r\n
Action.c(164):     Cookie: MSO=SID&1590081728; MTUserInfo=firstName&user8&address2&&username&user8&hash&120&l
Action.c(164):     astName&user8%0A&address1&&creditCard&&expDate&%0A\r\n
Action.c(164):     Content-Length: 144\r\n
Action.c(164):     \r\n
Action.c(164): t=6631600ms: 144-byte request body for "http://localhost:1080/cgi-bin/reservations.pl" (RelFrameId=1, Internal ID=1475)
Action.c(164):     outboundFlight=550%3B0%3B05%2F21%2F2020&numPassengers=1&advanceDiscount=0&seatType=First&s
Action.c(164):     eatPref=Window&reserveFlights.x=66&reserveFlights.y=10
Action.c(164): t=6631693ms: 255-byte response headers for "http://localhost:1080/cgi-bin/reservations.pl" (RelFrameId=1, Internal ID=1475)
Action.c(164):     HTTP/1.1 200 OK\r\n
Action.c(164):     Date: Thu, 21 May 2020 17:22:24 GMT\r\n
Action.c(164):     Server: Apache/2.2.21 (Win32)\r\n
Action.c(164):     Expires: Wed, 20 May 2020 17:22:24 GMT\r\n
Action.c(164):     Keep-Alive: timeout=5, max=99\r\n
Action.c(164):     Connection: Keep-Alive\r\n
Action.c(164):     Transfer-Encoding: chunked\r\n
Action.c(164):     Content-Type: text/html; charset=ISO-8859-1\r\n
Action.c(164):     \r\n
Action.c(164): t=6631694ms: 5-byte chunked response overhead for "http://localhost:1080/cgi-bin/reservations.pl" (RelFrameId=1, Internal ID=1475)
Action.c(164):     a8c\r\n
Action.c(164): t=6631694ms: 2-byte chunked response overhead for "http://localhost:1080/cgi-bin/reservations.pl" (RelFrameId=1, Internal ID=1475)
Action.c(164):     \r\n
Action.c(164): t=6631694ms: 2700-byte chunked response body for "http://localhost:1080/cgi-bin/reservations.pl" (RelFrameId=1, Internal ID=1475)
Action.c(164):     <!DOCTYPE html\n
Action.c(164):     \tPUBLIC "-//W3C//DTD XHTML 1.0 Transitional//EN"\n
Action.c(164):     \t "http://www.w3.org/TR/xhtml1/DTD/xhtml1-transitional.dtd">\n
Action.c(164):     <html xmlns="http://www.w3.org/1999/xhtml" lang="en-US" xml:lang="en-US">\n
Action.c(164):     <head>\n
Action.c(164):     <title>Flight Reservation</title>\n
Action.c(164):     <meta http-equiv="Content-Type" content="text/html; charset=iso-8859-1" />\n
Action.c(164):     </head>\n
Action.c(164):     <body bgcolor="#E0E7F1">\n
Action.c(164):     <style>blockquote {font-family: tahoma; font-size : 10pt}H1 {font-family: tahoma; font-siz
Action.c(164):     e : 22pt; color: #993333}small {font-family: tahoma; font-size : 8pt}H3 {font-family: taho
Action.c(164):     ma; font-size : 10pt; color: black}TD {font-family: tahoma; font-size : 10pt; color: black
Action.c(164):     }</style><BR/><BR/><h1><font color="#003366">&nbsp;&nbsp;<b>Payment Details</font></b></h1
Action.c(164):     ><blockquote><form method="post" action="reservations.pl" enctype="application/x-www-form-
Action.c(164):     urlencoded" onsubmit="return true ;">\n
Action.c(164):     <table><tr><td align="right">First Name : <td><input type="text" name="firstName" value="u
Action.c(164):     ser8" size="15" /><tr><td align="right">Last Name : <td><input type="text" name="lastName"
Action.c(164):      value="user8&#10;" size="15" /><tr><td align="right">Street Address : <td colspan="3"><in
Action.c(164):     put type="text" name="address1"  size="30" /><tr><td align="right">City/State/Zip : <td co
Action.c(164):     lspan="3"><input type="text" name="address2"  size="30" /><tr><td align="right">Passenger 
Action.c(164):     Names : <td colspan="3"><input type="text" name="pass1" value="user8 user8&#10;" size="30"
Action.c(164):      /><tr><td height="10"><tr><td height="10" align="center" colspan="4">Total for 1 ticket(s
Action.c(164):     ) is = $ 0<tr><td align="right">Credit Card : <td><input type="text" name="creditCard"  si
Action.c(164):     ze="20" maxlength="20" /><td align="right">Exp Date : <td><input type="text" name="expDate
Action.c(164):     " value="&#10;" size="5" maxlength="5" /><tr><TD><td colspan="3" align="left"><label><inpu
Action.c(164):     t type="checkbox" name="saveCC" value="on" />Save this Credit Card Information</label><inp
Action.c(164):     ut type="hidden" name="oldCCOption" value=""  /></table><input type="hidden" name="numPass
Action.c(164):     engers" value="1"  /><input type="hidden" name="seatType" value="First"  /><input type="hi
Action.c(164):     dden" name="seatPref" value="Window"  /><input type="hidden" name="outboundFlight" value="
Action.c(164):     550;0;05/21/2020"  /><input type="hidden" name="advanceDiscount" value="0"  /><input type=
Action.c(164):     "hidden" name="returnFlight" value=""  /><input type="hidden" name="JSFormSubmit" value="o
Action.c(164):     ff"  /><center><table width=80% cellspacing=1><tr><td align=center>\n
Action.c(164):     <input type="image" name="buyFlights" src="/WebTours/images/button_next.gif" border="0" />
Action.c(164):     <div><input type="hidden" name=".cgifields" value="saveCC"  /></div></form>\n
Action.c(164):     <td>&nbsp;<td align=center><form method="post" action="reservations.pl" enctype="applicati
Action.c(164):     on/x-www-form-urlencoded" onsubmit="void(0);">\n
Action.c(164):     </form></table></center></blockquote>\n
Action.c(164):     </body>\n
Action.c(164):     </html>
Action.c(164): Resource "http://localhost:1080/WebTours/images/button_next.gif" is in the cache already and will not be downloaded again  	[MsgId: MMSG-26655]
Action.c(164): t=6631697ms: 5-byte chunked response overhead for "http://localhost:1080/cgi-bin/reservations.pl" (RelFrameId=1, Internal ID=1475)
Action.c(164):     0\r\n
Action.c(164):     \r\n
Action.c(164): t=6631697ms: Request done "http://localhost:1080/cgi-bin/reservations.pl"  	[MsgId: MMSG-26000]
Action.c(164): Registered web_reg_find successful for "Text=Flight Reservation" (count=1)  	[MsgId: MMSG-26364]
Action.c(164): web_submit_data("reservations.pl_2") was successful, 2700 body bytes, 255 header bytes, 12 chunking overhead bytes  	[MsgId: MMSG-26385]
Action.c(182): Notify: Transaction "change flight" ended with a "Pass" status (Duration: 0,0991 Wasted Time: 0,0000).	[MsgId: MMSG-16871]
Action.c(184): lr_think_time: 5,00 seconds.	[MsgId: MMSG-15948]
Action was aborted.	[MsgId: MMSG-10694]
Ending Vuser...	[MsgId: MMSG-15966]
Action was aborted.	[MsgId: MMSG-10694]
Ending Vuser...	[MsgId: MMSG-15966]
Action was aborted.	[MsgId: MMSG-10694]
Starting action vuser_end.	[MsgId: MMSG-15919]
Ending Vuser...	[MsgId: MMSG-15966]
Ending action vuser_end.	[MsgId: MMSG-15918]
Starting action vuser_end.	[MsgId: MMSG-15919]
Vuser Terminated.	[MsgId: MMSG-15963]
Action was aborted.	[MsgId: MMSG-10694]
Action was aborted.	[MsgId: MMSG-10694]
Action.c(152): Notify: Transaction "3_покупка билета" ended with a "Stop" status (Duration: 12,3761 Think Time: 10,0006 Wasted Time: 0,0004).	[MsgId: MMSG-16870]
Ending Vuser...	[MsgId: MMSG-15966]
Starting action vuser_end.	[MsgId: MMSG-15919]
Abort was called from an action.	[MsgId: MMSG-10447]
Ending action vuser_end.	[MsgId: MMSG-15918]
Action was aborted.	[MsgId: MMSG-10694]
Vuser Terminated.	[MsgId: MMSG-15963]
Action was aborted.	[MsgId: MMSG-10694]
Ending Vuser...	[MsgId: MMSG-15966]
Ending action vuser_end.	[MsgId: MMSG-15918]
Starting action vuser_end.	[MsgId: MMSG-15919]
Action.c(30): t=6632480ms: Closed connection [0] to localhost:1080 after completing 4 request(s)  	[MsgId: MMSG-26000]
Action was aborted.	[MsgId: MMSG-10694]
Ending Vuser...	[MsgId: MMSG-15966]
Ending Vuser...	[MsgId: MMSG-15966]
Starting action vuser_end.	[MsgId: MMSG-15919]
Starting action vuser_end.	[MsgId: MMSG-15919]
Ending action vuser_end.	[MsgId: MMSG-15918]
Vuser Terminated.	[MsgId: MMSG-15963]
Action.c(184): Notify: Transaction "3_покупка билета" ended with a "Stop" status (Duration: 16,4143 Think Time: 15,0025 Wasted Time: 0,0003).	[MsgId: MMSG-16870]
Action.c(152): t=6632481ms: Closed connection [0] to localhost:1080 after completing 1 request(s)  	[MsgId: MMSG-26000]
Action.c(30): t=6632480ms: Closed connection [0] to localhost:1080 after completing 4 request(s)  	[MsgId: MMSG-26000]
Action.c(70): Notify: Transaction "3_покупка билета" ended with a "Stop" status (Duration: 4,3006 Wasted Time: 0,0000).	[MsgId: MMSG-16871]
Ending Vuser...	[MsgId: MMSG-15966]
Starting action vuser_end.	[MsgId: MMSG-15919]
Abort was called from an action.	[MsgId: MMSG-10447]
Ending action vuser_end.	[MsgId: MMSG-15918]
Vuser Terminated.	[MsgId: MMSG-15963]
Ending Vuser...	[MsgId: MMSG-15966]
Abort was called from an action.	[MsgId: MMSG-10447]
Ending Vuser...	[MsgId: MMSG-15966]
Starting action vuser_end.	[MsgId: MMSG-15919]
Action.c(30): t=6632481ms: Closed connection [0] to localhost:1080 after completing 4 request(s)  	[MsgId: MMSG-26000]
Ending Vuser...	[MsgId: MMSG-15966]
Vuser Terminated.	[MsgId: MMSG-15963]
Starting action vuser_end.	[MsgId: MMSG-15919]
Starting action vuser_end.	[MsgId: MMSG-15919]
Ending action vuser_end.	[MsgId: MMSG-15918]
Ending action vuser_end.	[MsgId: MMSG-15918]
Action.c(30): t=6632481ms: Closed connection [0] to localhost:1080 after completing 4 request(s)  	[MsgId: MMSG-26000]
Ending action vuser_end.	[MsgId: MMSG-15918]
Vuser Terminated.	[MsgId: MMSG-15963]
Starting action vuser_end.	[MsgId: MMSG-15919]
Vuser Terminated.	[MsgId: MMSG-15963]
Ending action vuser_end.	[MsgId: MMSG-15918]
Vuser Terminated.	[MsgId: MMSG-15963]
Action.c(30): t=6632481ms: Closed connection [0] to localhost:1080 after completing 4 request(s)  	[MsgId: MMSG-26000]
Vuser Terminated.	[MsgId: MMSG-15963]
Ending action vuser_end.	[MsgId: MMSG-15918]
Action.c(184): t=6632481ms: Closed connection [0] to localhost:1080 after completing 2 request(s)  	[MsgId: MMSG-26000]
Vuser Terminated.	[MsgId: MMSG-15963]
Action.c(30): t=6632481ms: Closed connection [0] to localhost:1080 after completing 4 request(s)  	[MsgId: MMSG-26000]
Action.c(30): t=6632482ms: Closed connection [1] to localhost:1080 after completing 1 request(s)  	[MsgId: MMSG-26000]
Action.c(30): t=6632482ms: Closed connection [1] to localhost:1080 after completing 1 request(s)  	[MsgId: MMSG-26000]
Action.c(30): t=6632482ms: Closed connection [1] to localhost:1080 after completing 4 request(s)  	[MsgId: MMSG-26000]
Action.c(30): t=6632482ms: Closed connection [1] to localhost:1080 after completing 1 request(s)  	[MsgId: MMSG-26000]
Action.c(30): t=6632483ms: Closed connection [1] to localhost:1080 after completing 1 request(s)  	[MsgId: MMSG-26000]
Action was aborted.	[MsgId: MMSG-10694]
Ending Vuser...	[MsgId: MMSG-15966]
HTML-Mode memory management statistics: Reusable=5, NonReusable=0, CsMemBlockSize=4096, checks disabled  	[MsgId: MMSG-26000]
Starting action vuser_end.	[MsgId: MMSG-15919]
Ending action vuser_end.	[MsgId: MMSG-15918]
Vuser Terminated.	[MsgId: MMSG-15963]
Action.c(30): t=6632483ms: Closed connection [0] to localhost:1080 after completing 4 request(s)  	[MsgId: MMSG-26000]
Action.c(223): Notify: Transaction "3_покупка билета" ended with a "Stop" status (Duration: 24,4776 Think Time: 20,0022 Wasted Time: 0,0003).	[MsgId: MMSG-16870]
Action.c(30): t=6632484ms: Closed connection [1] to localhost:1080 after completing 1 request(s)  	[MsgId: MMSG-26000]
Action.c(30): t=6632484ms: Closed connection [1] to localhost:1080 after completing 1 request(s)  	[MsgId: MMSG-26000]
Action.c(30): t=6632481ms: Closed connection [0] to localhost:1080 after completing 4 request(s)  	[MsgId: MMSG-26000]
Abort was called from an action.	[MsgId: MMSG-10447]
Action.c(30): t=6632481ms: Closed connection [0] to localhost:1080 after completing 4 request(s)  	[MsgId: MMSG-26000]
Ending Vuser...	[MsgId: MMSG-15966]
Starting action vuser_end.	[MsgId: MMSG-15919]
Ending action vuser_end.	[MsgId: MMSG-15918]
Vuser Terminated.	[MsgId: MMSG-15963]
Action.c(30): t=6632484ms: Closed connection [2] to localhost:1080 after completing 2 request(s)  	[MsgId: MMSG-26000]
Action.c(223): t=6632484ms: Closed connection [0] to localhost:1080 after completing 3 request(s)  	[MsgId: MMSG-26000]
Vuser 6 (thread 13240), ended OK."	[MsgId: MMSG-10695]
Action.c(30): t=6632485ms: Closed connection [1] to localhost:1080 after completing 4 request(s)  	[MsgId: MMSG-26000]
Ending action vuser_end.	[MsgId: MMSG-15918]
Action was aborted.	[MsgId: MMSG-10694]
Ending Vuser...	[MsgId: MMSG-15966]
Action.c(30): t=6632485ms: Closed connection [1] to localhost:1080 after completing 4 request(s)  	[MsgId: MMSG-26000]
Starting action vuser_end.	[MsgId: MMSG-15919]
Action.c(30): t=6632485ms: Closed connection [2] to localhost:1080 after completing 2 request(s)  	[MsgId: MMSG-26000]
Action.c(30): t=6632485ms: Closed connection [3] to localhost:1080 after completing 1 request(s)  	[MsgId: MMSG-26000]
Ending action vuser_end.	[MsgId: MMSG-15918]
Vuser Terminated.	[MsgId: MMSG-15963]
Action.c(30): t=6632485ms: Closed connection [2] to localhost:1080 after completing 2 request(s)  	[MsgId: MMSG-26000]
Action.c(30): t=6632485ms: Closed connection [3] to localhost:1080 after completing 1 request(s)  	[MsgId: MMSG-26000]
Action.c(30): t=6632485ms: Closed connection [0] to localhost:1080 after completing 4 request(s)  	[MsgId: MMSG-26000]
Action.c(30): t=6632485ms: Closed connection [3] to localhost:1080 after completing 1 request(s)  	[MsgId: MMSG-26000]
Vuser Terminated.	[MsgId: MMSG-15963]
Action.c(223): t=6632485ms: Closed connection [1] to localhost:1080 after completing 1 request(s)  	[MsgId: MMSG-26000]
Action.c(30): t=6632485ms: Closed connection [1] to localhost:1080 after completing 1 request(s)  	[MsgId: MMSG-26000]
Action.c(70): t=6632485ms: Closed connection [0] to localhost:1080 after completing 5 request(s)  	[MsgId: MMSG-26000]
Action.c(70): t=6632485ms: Closed connection [1] to localhost:1080 after completing 4 request(s)  	[MsgId: MMSG-26000]
Action.c(70): t=6632486ms: Closed connection [2] to localhost:1080 after completing 2 request(s)  	[MsgId: MMSG-26000]
Action.c(70): t=6632486ms: Closed connection [3] to localhost:1080 after completing 2 request(s)  	[MsgId: MMSG-26000]
Action.c(70): t=6632486ms: Closed connection [4] to localhost:1080 after completing 1 request(s)  	[MsgId: MMSG-26000]
Action.c(70): t=6632486ms: Closed connection [5] to localhost:1080 after completing 1 request(s)  	[MsgId: MMSG-26000]
HTML-Mode memory management statistics: Reusable=5, NonReusable=0, CsMemBlockSize=4096, checks disabled  	[MsgId: MMSG-26000]
HTML-Mode memory management statistics: Reusable=5, NonReusable=0, CsMemBlockSize=4096, checks disabled  	[MsgId: MMSG-26000]
HTML-Mode memory management statistics: Reusable=5, NonReusable=0, CsMemBlockSize=4096, checks disabled  	[MsgId: MMSG-26000]
HTML-Mode memory management statistics: Reusable=5, NonReusable=0, CsMemBlockSize=4096, checks disabled  	[MsgId: MMSG-26000]
HTML-Mode memory management statistics: Reusable=5, NonReusable=0, CsMemBlockSize=4096, checks disabled  	[MsgId: MMSG-26000]
HTML-Mode memory management statistics: Reusable=5, NonReusable=0, CsMemBlockSize=4096, checks disabled  	[MsgId: MMSG-26000]
Vuser 13 (thread 12708), ended OK."	[MsgId: MMSG-10695]
Vuser 2 (thread 6900), ended OK."	[MsgId: MMSG-10695]
HTML-Mode memory management statistics: Reusable=5, NonReusable=0, CsMemBlockSize=4096, checks disabled  	[MsgId: MMSG-26000]
Vuser 9 (thread 12596), ended OK."	[MsgId: MMSG-10695]
HTML-Mode memory management statistics: Reusable=5, NonReusable=0, CsMemBlockSize=4096, checks disabled  	[MsgId: MMSG-26000]
Vuser 12 (thread 9816), ended OK."	[MsgId: MMSG-10695]
HTML-Mode memory management statistics: Reusable=5, NonReusable=0, CsMemBlockSize=4096, checks disabled  	[MsgId: MMSG-26000]
HTML-Mode memory management statistics: Reusable=5, NonReusable=0, CsMemBlockSize=4096, checks disabled  	[MsgId: MMSG-26000]
Vuser 14 (thread 11624), ended OK."	[MsgId: MMSG-10695]
HTML-Mode memory management statistics: Reusable=5, NonReusable=0, CsMemBlockSize=4096, checks disabled  	[MsgId: MMSG-26000]
HTML-Mode memory management statistics: Reusable=5, NonReusable=0, CsMemBlockSize=4096, checks disabled  	[MsgId: MMSG-26000]
Vuser 7 (thread 11112), ended OK."	[MsgId: MMSG-10695]
HTML-Mode memory management statistics: Reusable=5, NonReusable=0, CsMemBlockSize=4096, checks disabled  	[MsgId: MMSG-26000]
Vuser 5 (thread 5596), ended OK."	[MsgId: MMSG-10695]
Vuser 3 (thread 8616), ended OK."	[MsgId: MMSG-10695]
Vuser 8 (thread 8964), ended OK."	[MsgId: MMSG-10695]
Vuser 10 (thread 14172), ended OK."	[MsgId: MMSG-10695]
Vuser 11 (thread 6912), ended OK."	[MsgId: MMSG-10695]
Vuser 1 (thread 12856), ended OK."	[MsgId: MMSG-10695]
Vuser 4 (thread 10820), ended OK."	[MsgId: MMSG-10695]
