Virtual User Script started at: 19.05.2020 21:28:50
Starting action vuser_init.
Web Turbo Replay of LoadRunner 12.55.0 for Windows 10; build 911 (июл 24 2017 19:46:00)  	[MsgId: MMSG-26983]
Run mode: HTML  	[MsgId: MMSG-26993]
Replay user agent: Mozilla/5.0 (Windows NT 10.0; WOW64; Trident/7.0; rv:11.0) like Gecko  	[MsgId: MMSG-26988]
Run-Time Settings file: "E:\Нагрузочное тестирование\Скрипты\2_Просмотр билетов без покупки\\default.cfg"  	[MsgId: MMSG-27141]
Ending action vuser_init.
Running Vuser...
Starting iteration 1.
Maximum number of concurrent connections per server: 6  	[MsgId: MMSG-26989]
Starting action Action.
Action.c(4): web_reg_save_param started  	[MsgId: MMSG-26355]
Action.c(4): Registering web_reg_save_param was successful  	[MsgId: MMSG-26390]
Action.c(10): web_url("WebTours") started  	[MsgId: MMSG-26355]
Action.c(10): Detected non-resource "http://localhost:1080/WebTours/header.html" in "http://localhost:1080/WebTours/"  	[MsgId: MMSG-26574]
Action.c(10): Detected non-resource "http://localhost:1080/cgi-bin/welcome.pl?signOff=true" in "http://localhost:1080/WebTours/"  	[MsgId: MMSG-26574]
Action.c(10): Found resource "http://localhost:1080/WebTours/images/hp_logo.png" in HTML "http://localhost:1080/WebTours/header.html"  	[MsgId: MMSG-26659]
Action.c(10): Found resource "http://localhost:1080/WebTours/images/webtours.png" in HTML "http://localhost:1080/WebTours/header.html"  	[MsgId: MMSG-26659]
Action.c(10): Detected non-resource "http://localhost:1080/cgi-bin/nav.pl?in=home" in "http://localhost:1080/cgi-bin/welcome.pl?signOff=true"  	[MsgId: MMSG-26574]
Action.c(10): Detected non-resource "http://localhost:1080/WebTours/home.html" in "http://localhost:1080/cgi-bin/welcome.pl?signOff=true"  	[MsgId: MMSG-26574]
Action.c(10): Found resource "http://localhost:1080/WebTours/images/mer_login.gif" in HTML "http://localhost:1080/cgi-bin/nav.pl?in=home"  	[MsgId: MMSG-26659]
Action.c(10): web_url("WebTours") was successful, 10079 body bytes, 2377 header bytes, 24 chunking overhead bytes  	[MsgId: MMSG-26385]
Action.c(20): lr_think_time: 5.00 seconds.
Action.c(22): Notify: Transaction "2_Просмотр билетов без покупки" started.
Action.c(24): Notify: Transaction "Вход" started.
Action.c(26): web_reg_find started  	[MsgId: MMSG-26355]
Action.c(26): Registering web_reg_find was successful  	[MsgId: MMSG-26390]
Action.c(30): web_submit_data("login.pl") started  	[MsgId: MMSG-26355]
Action.c(30): Detected non-resource "http://localhost:1080/cgi-bin/nav.pl?page=menu&in=home" in "http://localhost:1080/cgi-bin/login.pl"  	[MsgId: MMSG-26574]
Action.c(30): Detected non-resource "http://localhost:1080/cgi-bin/login.pl?intro=true" in "http://localhost:1080/cgi-bin/login.pl"  	[MsgId: MMSG-26574]
Action.c(30): Found resource "http://localhost:1080/WebTours/images/flights.gif" in HTML "http://localhost:1080/cgi-bin/nav.pl?page=menu&in=home"  	[MsgId: MMSG-26659]
Action.c(30): Found resource "http://localhost:1080/WebTours/images/itinerary.gif" in HTML "http://localhost:1080/cgi-bin/nav.pl?page=menu&in=home"  	[MsgId: MMSG-26659]
Action.c(30): Found resource "http://localhost:1080/WebTours/images/in_home.gif" in HTML "http://localhost:1080/cgi-bin/nav.pl?page=menu&in=home"  	[MsgId: MMSG-26659]
Action.c(30): Found resource "http://localhost:1080/WebTours/images/signoff.gif" in HTML "http://localhost:1080/cgi-bin/nav.pl?page=menu&in=home"  	[MsgId: MMSG-26659]
Action.c(30): Registered web_reg_find successful for "Text=User password was correct" (count=1)  	[MsgId: MMSG-26364]
Action.c(30): web_submit_data("login.pl") was successful, 5780 body bytes, 2043 header bytes, 36 chunking overhead bytes  	[MsgId: MMSG-26385]
Action.c(47): Notify: Transaction "Вход" ended with a "Pass" status (Duration: 0.0984 Wasted Time: 0.0042).
Action.c(49): lr_think_time: 5.00 seconds.
Action.c(51): Notify: Transaction "Переход на Flights" started.
Action.c(54): web_reg_find started  	[MsgId: MMSG-26355]
Action.c(54): Registering web_reg_find was successful  	[MsgId: MMSG-26390]
Action.c(58): web_url("Search Flights Button") started  	[MsgId: MMSG-26355]
Action.c(58): Detected non-resource "http://localhost:1080/cgi-bin/nav.pl?page=menu&in=flights" in "http://localhost:1080/cgi-bin/welcome.pl?page=search"  	[MsgId: MMSG-26574]
Action.c(58): Detected non-resource "http://localhost:1080/cgi-bin/reservations.pl?page=welcome" in "http://localhost:1080/cgi-bin/welcome.pl?page=search"  	[MsgId: MMSG-26574]
Action.c(58): Found resource "http://localhost:1080/WebTours/images/in_flights.gif" in HTML "http://localhost:1080/cgi-bin/nav.pl?page=menu&in=flights"  	[MsgId: MMSG-26659]
Action.c(58): Resource "http://localhost:1080/WebTours/images/itinerary.gif" is in the cache already and will not be downloaded again  	[MsgId: MMSG-26655]
Action.c(58): Found resource "http://localhost:1080/WebTours/images/home.gif" in HTML "http://localhost:1080/cgi-bin/nav.pl?page=menu&in=flights"  	[MsgId: MMSG-26659]
Action.c(58): Resource "http://localhost:1080/WebTours/images/signoff.gif" is in the cache already and will not be downloaded again  	[MsgId: MMSG-26655]
Action.c(58): Found resource "http://localhost:1080/WebTours/images/button_next.gif" in HTML "http://localhost:1080/cgi-bin/reservations.pl?page=welcome"  	[MsgId: MMSG-26659]
Action.c(58): Registered web_reg_find successful for "Text= User has returned to the search page" (count=1)  	[MsgId: MMSG-26364]
Action.c(58): web_url("Search Flights Button") was successful, 8516 body bytes, 1623 header bytes, 43 chunking overhead bytes  	[MsgId: MMSG-26385]
Action.c(68): Notify: Transaction "Переход на Flights" ended with a "Pass" status (Duration: 0,1006 Wasted Time: 0,0047).
Action.c(70): web_custom_request("FormDateUpdate.class") started  	[MsgId: MMSG-26355]
Action.c(70): web_custom_request("FormDateUpdate.class") was successful, 0 body bytes, 309 header bytes  	[MsgId: MMSG-26386]
Action.c(79): lr_think_time: 5.00 seconds.
Action.c(81): Notify: Transaction "Заполнение полей" started.
Action.c(83): web_reg_find started  	[MsgId: MMSG-26355]
Action.c(83): Registering web_reg_find was successful  	[MsgId: MMSG-26390]
Action.c(89): web_reg_save_param_ex started  	[MsgId: MMSG-26355]
Action.c(89): Registering web_reg_save_param_ex was successful  	[MsgId: MMSG-26390]
Action.c(99): web_submit_data("reservations.pl") started  	[MsgId: MMSG-26355]
Action.c(99): Resource "http://localhost:1080/WebTours/images/button_next.gif" is in the cache already and will not be downloaded again  	[MsgId: MMSG-26655]
Action.c(99): Registered web_reg_find successful for "Text=Flight Selections" (count=1)  	[MsgId: MMSG-26364]
Action.c(99): web_submit_data("reservations.pl") was successful, 2421 body bytes, 256 header bytes, 12 chunking overhead bytes  	[MsgId: MMSG-26385]
Action.c(123): Notify: Transaction "Заполнение полей" ended with a "Pass" status (Duration: 0.0575 Wasted Time: 0.0023).
Action.c(125): lr_think_time: 5.00 seconds.
Action.c(127): Notify: Transaction "Выбор рейса" started.
Action.c(129): web_submit_data("reservations.pl_2") started  	[MsgId: MMSG-26355]
Action.c(129): Resource "http://localhost:1080/WebTours/images/button_next.gif" is in the cache already and will not be downloaded again  	[MsgId: MMSG-26655]
Action.c(129): web_submit_data("reservations.pl_2") was successful, 2699 body bytes, 255 header bytes, 12 chunking overhead bytes  	[MsgId: MMSG-26385]
Action.c(147): Notify: Transaction "Выбор рейса" ended with a "Pass" status (Duration: 0,0568 Wasted Time: 0,0022).
Action.c(149): lr_think_time: 5,00 seconds.
Action.c(151): Notify: Transaction "Выход" started.
Action.c(153): web_url("welcome.pl") started  	[MsgId: MMSG-26355]
Action.c(153): Detected non-resource "http://localhost:1080/cgi-bin/nav.pl?in=home" in "http://localhost:1080/cgi-bin/welcome.pl?signOff=1"  	[MsgId: MMSG-26574]
Action.c(153): Detected non-resource "http://localhost:1080/WebTours/home.html" in "http://localhost:1080/cgi-bin/welcome.pl?signOff=1"  	[MsgId: MMSG-26574]
Action.c(153): Retrieving data from cache for "http://localhost:1080/WebTours/home.html"  	[MsgId: MMSG-26558]
Action.c(153): Resource "http://localhost:1080/WebTours/images/mer_login.gif" is in the cache already and will not be downloaded again  	[MsgId: MMSG-26655]
Action.c(153): web_url("welcome.pl") was successful, 2172 body bytes, 583 header bytes, 24 chunking overhead bytes  	[MsgId: MMSG-26385]
Action.c(163): Notify: Transaction "Выход" ended with a "Pass" status (Duration: 0,0854 Wasted Time: 0,0026).
Action.c(165): Notify: Transaction "2_Просмотр билетов без покупки" ended with a "Pass" status (Duration: 20,4071 Think Time: 20,0007 Wasted Time: 0,0182).
Ending action Action.
Ending iteration 1.
Starting iteration 2.
Starting action Action.
Action.c(4): web_reg_save_param started  	[MsgId: MMSG-26355]
Action.c(4): Registering web_reg_save_param was successful  	[MsgId: MMSG-26390]
Action.c(10): web_url("WebTours") started  	[MsgId: MMSG-26355]
Action.c(10): Detected non-resource "http://localhost:1080/WebTours/header.html" in "http://localhost:1080/WebTours/"  	[MsgId: MMSG-26574]
Action.c(10): Detected non-resource "http://localhost:1080/cgi-bin/welcome.pl?signOff=true" in "http://localhost:1080/WebTours/"  	[MsgId: MMSG-26574]
Action.c(10): Found resource "http://localhost:1080/WebTours/images/hp_logo.png" in HTML "http://localhost:1080/WebTours/header.html"  	[MsgId: MMSG-26659]
Action.c(10): Found resource "http://localhost:1080/WebTours/images/webtours.png" in HTML "http://localhost:1080/WebTours/header.html"  	[MsgId: MMSG-26659]
Action.c(10): Detected non-resource "http://localhost:1080/cgi-bin/nav.pl?in=home" in "http://localhost:1080/cgi-bin/welcome.pl?signOff=true"  	[MsgId: MMSG-26574]
Action.c(10): Detected non-resource "http://localhost:1080/WebTours/home.html" in "http://localhost:1080/cgi-bin/welcome.pl?signOff=true"  	[MsgId: MMSG-26574]
Action.c(10): Found resource "http://localhost:1080/WebTours/images/mer_login.gif" in HTML "http://localhost:1080/cgi-bin/nav.pl?in=home"  	[MsgId: MMSG-26659]
Action.c(10): web_url("WebTours") was successful, 10076 body bytes, 2377 header bytes, 24 chunking overhead bytes  	[MsgId: MMSG-26385]
Action.c(20): lr_think_time: 5,00 seconds.
Action.c(22): Notify: Transaction "2_Просмотр билетов без покупки" started.
Action.c(24): Notify: Transaction "Вход" started.
Action.c(26): web_reg_find started  	[MsgId: MMSG-26355]
Action.c(26): Registering web_reg_find was successful  	[MsgId: MMSG-26390]
Action.c(30): web_submit_data("login.pl") started  	[MsgId: MMSG-26355]
Action.c(30): Detected non-resource "http://localhost:1080/cgi-bin/nav.pl?page=menu&in=home" in "http://localhost:1080/cgi-bin/login.pl"  	[MsgId: MMSG-26574]
Action.c(30): Detected non-resource "http://localhost:1080/cgi-bin/login.pl?intro=true" in "http://localhost:1080/cgi-bin/login.pl"  	[MsgId: MMSG-26574]
Action.c(30): Found resource "http://localhost:1080/WebTours/images/flights.gif" in HTML "http://localhost:1080/cgi-bin/nav.pl?page=menu&in=home"  	[MsgId: MMSG-26659]
Action.c(30): Found resource "http://localhost:1080/WebTours/images/itinerary.gif" in HTML "http://localhost:1080/cgi-bin/nav.pl?page=menu&in=home"  	[MsgId: MMSG-26659]
Action.c(30): Found resource "http://localhost:1080/WebTours/images/in_home.gif" in HTML "http://localhost:1080/cgi-bin/nav.pl?page=menu&in=home"  	[MsgId: MMSG-26659]
Action.c(30): Found resource "http://localhost:1080/WebTours/images/signoff.gif" in HTML "http://localhost:1080/cgi-bin/nav.pl?page=menu&in=home"  	[MsgId: MMSG-26659]
Action.c(30): Registered web_reg_find successful for "Text=User password was correct" (count=1)  	[MsgId: MMSG-26364]
Action.c(30): web_submit_data("login.pl") was successful, 5780 body bytes, 2042 header bytes, 36 chunking overhead bytes  	[MsgId: MMSG-26385]
Action.c(47): Notify: Transaction "Вход" ended with a "Pass" status (Duration: 0.0974 Wasted Time: 0.0052).
Action.c(49): lr_think_time: 5.00 seconds.
Action.c(51): Notify: Transaction "Переход на Flights" started.
Action.c(54): web_reg_find started  	[MsgId: MMSG-26355]
Action.c(54): Registering web_reg_find was successful  	[MsgId: MMSG-26390]
Action.c(58): web_url("Search Flights Button") started  	[MsgId: MMSG-26355]
Action.c(58): Detected non-resource "http://localhost:1080/cgi-bin/nav.pl?page=menu&in=flights" in "http://localhost:1080/cgi-bin/welcome.pl?page=search"  	[MsgId: MMSG-26574]
Action.c(58): Detected non-resource "http://localhost:1080/cgi-bin/reservations.pl?page=welcome" in "http://localhost:1080/cgi-bin/welcome.pl?page=search"  	[MsgId: MMSG-26574]
Action.c(58): Found resource "http://localhost:1080/WebTours/images/in_flights.gif" in HTML "http://localhost:1080/cgi-bin/nav.pl?page=menu&in=flights"  	[MsgId: MMSG-26659]
Action.c(58): Resource "http://localhost:1080/WebTours/images/itinerary.gif" is in the cache already and will not be downloaded again  	[MsgId: MMSG-26655]
Action.c(58): Found resource "http://localhost:1080/WebTours/images/home.gif" in HTML "http://localhost:1080/cgi-bin/nav.pl?page=menu&in=flights"  	[MsgId: MMSG-26659]
Action.c(58): Resource "http://localhost:1080/WebTours/images/signoff.gif" is in the cache already and will not be downloaded again  	[MsgId: MMSG-26655]
Action.c(58): Found resource "http://localhost:1080/WebTours/images/button_next.gif" in HTML "http://localhost:1080/cgi-bin/reservations.pl?page=welcome"  	[MsgId: MMSG-26659]
Action.c(58): Registered web_reg_find successful for "Text= User has returned to the search page" (count=1)  	[MsgId: MMSG-26364]
Action.c(58): web_url("Search Flights Button") was successful, 8516 body bytes, 1623 header bytes, 43 chunking overhead bytes  	[MsgId: MMSG-26385]
Action.c(68): Notify: Transaction "Переход на Flights" ended with a "Pass" status (Duration: 0.1011 Wasted Time: 0.0060).
Action.c(70): web_custom_request("FormDateUpdate.class") started  	[MsgId: MMSG-26355]
Action.c(70): web_custom_request("FormDateUpdate.class") was successful, 0 body bytes, 309 header bytes  	[MsgId: MMSG-26386]
Action.c(79): lr_think_time: 5,00 seconds.
Action.c(81): Notify: Transaction "Заполнение полей" started.
Action.c(83): web_reg_find started  	[MsgId: MMSG-26355]
Action.c(83): Registering web_reg_find was successful  	[MsgId: MMSG-26390]
Action.c(89): web_reg_save_param_ex started  	[MsgId: MMSG-26355]
Action.c(89): Registering web_reg_save_param_ex was successful  	[MsgId: MMSG-26390]
Action.c(99): web_submit_data("reservations.pl") started  	[MsgId: MMSG-26355]
Action.c(99): Resource "http://localhost:1080/WebTours/images/button_next.gif" is in the cache already and will not be downloaded again  	[MsgId: MMSG-26655]
Action.c(99): Registered web_reg_find successful for "Text=Flight Selections" (count=1)  	[MsgId: MMSG-26364]
Action.c(99): web_submit_data("reservations.pl") was successful, 2437 body bytes, 256 header bytes, 12 chunking overhead bytes  	[MsgId: MMSG-26385]
Action.c(123): Notify: Transaction "Заполнение полей" ended with a "Pass" status (Duration: 0.0594 Wasted Time: 0.0036).
Action.c(125): lr_think_time: 5.00 seconds.
Action.c(127): Notify: Transaction "Выбор рейса" started.
Action.c(129): web_submit_data("reservations.pl_2") started  	[MsgId: MMSG-26355]
Action.c(129): Resource "http://localhost:1080/WebTours/images/button_next.gif" is in the cache already and will not be downloaded again  	[MsgId: MMSG-26655]
Action.c(129): web_submit_data("reservations.pl_2") was successful, 2703 body bytes, 255 header bytes, 12 chunking overhead bytes  	[MsgId: MMSG-26385]
Action.c(147): Notify: Transaction "Выбор рейса" ended with a "Pass" status (Duration: 0.0581 Wasted Time: 0.0035).
Action.c(149): lr_think_time: 5.00 seconds.
Action.c(151): Notify: Transaction "Выход" started.
Action.c(153): web_url("welcome.pl") started  	[MsgId: MMSG-26355]
Action.c(153): Detected non-resource "http://localhost:1080/cgi-bin/nav.pl?in=home" in "http://localhost:1080/cgi-bin/welcome.pl?signOff=1"  	[MsgId: MMSG-26574]
Action.c(153): Detected non-resource "http://localhost:1080/WebTours/home.html" in "http://localhost:1080/cgi-bin/welcome.pl?signOff=1"  	[MsgId: MMSG-26574]
Action.c(153): Retrieving data from cache for "http://localhost:1080/WebTours/home.html"  	[MsgId: MMSG-26558]
Action.c(153): Resource "http://localhost:1080/WebTours/images/mer_login.gif" is in the cache already and will not be downloaded again  	[MsgId: MMSG-26655]
Action.c(153): web_url("welcome.pl") was successful, 2175 body bytes, 583 header bytes, 24 chunking overhead bytes  	[MsgId: MMSG-26385]
Action.c(163): Notify: Transaction "Выход" ended with a "Pass" status (Duration: 0,1036 Wasted Time: 0,0039).
Action.c(165): Notify: Transaction "2_Просмотр билетов без покупки" ended with a "Pass" status (Duration: 20,4284 Think Time: 20,0010 Wasted Time: 0,0256).
Ending action Action.
Ending iteration 2.
Starting iteration 3.
Starting action Action.
Action.c(4): web_reg_save_param started  	[MsgId: MMSG-26355]
Action.c(4): Registering web_reg_save_param was successful  	[MsgId: MMSG-26390]
Action.c(10): web_url("WebTours") started  	[MsgId: MMSG-26355]
Action.c(10): Detected non-resource "http://localhost:1080/WebTours/header.html" in "http://localhost:1080/WebTours/"  	[MsgId: MMSG-26574]
Action.c(10): Detected non-resource "http://localhost:1080/cgi-bin/welcome.pl?signOff=true" in "http://localhost:1080/WebTours/"  	[MsgId: MMSG-26574]
Action.c(10): Found resource "http://localhost:1080/WebTours/images/hp_logo.png" in HTML "http://localhost:1080/WebTours/header.html"  	[MsgId: MMSG-26659]
Action.c(10): Found resource "http://localhost:1080/WebTours/images/webtours.png" in HTML "http://localhost:1080/WebTours/header.html"  	[MsgId: MMSG-26659]
Action.c(10): Detected non-resource "http://localhost:1080/cgi-bin/nav.pl?in=home" in "http://localhost:1080/cgi-bin/welcome.pl?signOff=true"  	[MsgId: MMSG-26574]
Action.c(10): Detected non-resource "http://localhost:1080/WebTours/home.html" in "http://localhost:1080/cgi-bin/welcome.pl?signOff=true"  	[MsgId: MMSG-26574]
Action.c(10): Found resource "http://localhost:1080/WebTours/images/mer_login.gif" in HTML "http://localhost:1080/cgi-bin/nav.pl?in=home"  	[MsgId: MMSG-26659]
Action.c(10): web_url("WebTours") was successful, 10079 body bytes, 2377 header bytes, 24 chunking overhead bytes  	[MsgId: MMSG-26385]
Action.c(20): lr_think_time: 5.00 seconds.
Action.c(22): Notify: Transaction "2_Просмотр билетов без покупки" started.
Action.c(24): Notify: Transaction "Вход" started.
Action.c(26): web_reg_find started  	[MsgId: MMSG-26355]
Action.c(26): Registering web_reg_find was successful  	[MsgId: MMSG-26390]
Action.c(30): web_submit_data("login.pl") started  	[MsgId: MMSG-26355]
Action.c(30): Detected non-resource "http://localhost:1080/cgi-bin/nav.pl?page=menu&in=home" in "http://localhost:1080/cgi-bin/login.pl"  	[MsgId: MMSG-26574]
Action.c(30): Detected non-resource "http://localhost:1080/cgi-bin/login.pl?intro=true" in "http://localhost:1080/cgi-bin/login.pl"  	[MsgId: MMSG-26574]
Action.c(30): Found resource "http://localhost:1080/WebTours/images/flights.gif" in HTML "http://localhost:1080/cgi-bin/nav.pl?page=menu&in=home"  	[MsgId: MMSG-26659]
Action.c(30): Found resource "http://localhost:1080/WebTours/images/itinerary.gif" in HTML "http://localhost:1080/cgi-bin/nav.pl?page=menu&in=home"  	[MsgId: MMSG-26659]
Action.c(30): Found resource "http://localhost:1080/WebTours/images/in_home.gif" in HTML "http://localhost:1080/cgi-bin/nav.pl?page=menu&in=home"  	[MsgId: MMSG-26659]
Action.c(30): Found resource "http://localhost:1080/WebTours/images/signoff.gif" in HTML "http://localhost:1080/cgi-bin/nav.pl?page=menu&in=home"  	[MsgId: MMSG-26659]
Action.c(30): Registered web_reg_find successful for "Text=User password was correct" (count=1)  	[MsgId: MMSG-26364]
Action.c(30): web_submit_data("login.pl") was successful, 5780 body bytes, 2042 header bytes, 36 chunking overhead bytes  	[MsgId: MMSG-26385]
Action.c(47): Notify: Transaction "Вход" ended with a "Pass" status (Duration: 0.0989 Wasted Time: 0.0066).
Action.c(49): lr_think_time: 5.00 seconds.
Action.c(51): Notify: Transaction "Переход на Flights" started.
Action.c(54): web_reg_find started  	[MsgId: MMSG-26355]
Action.c(54): Registering web_reg_find was successful  	[MsgId: MMSG-26390]
Action.c(58): web_url("Search Flights Button") started  	[MsgId: MMSG-26355]
Action.c(58): Detected non-resource "http://localhost:1080/cgi-bin/nav.pl?page=menu&in=flights" in "http://localhost:1080/cgi-bin/welcome.pl?page=search"  	[MsgId: MMSG-26574]
Action.c(58): Detected non-resource "http://localhost:1080/cgi-bin/reservations.pl?page=welcome" in "http://localhost:1080/cgi-bin/welcome.pl?page=search"  	[MsgId: MMSG-26574]
Action.c(58): Found resource "http://localhost:1080/WebTours/images/in_flights.gif" in HTML "http://localhost:1080/cgi-bin/nav.pl?page=menu&in=flights"  	[MsgId: MMSG-26659]
Action.c(58): Resource "http://localhost:1080/WebTours/images/itinerary.gif" is in the cache already and will not be downloaded again  	[MsgId: MMSG-26655]
Action.c(58): Found resource "http://localhost:1080/WebTours/images/home.gif" in HTML "http://localhost:1080/cgi-bin/nav.pl?page=menu&in=flights"  	[MsgId: MMSG-26659]
Action.c(58): Resource "http://localhost:1080/WebTours/images/signoff.gif" is in the cache already and will not be downloaded again  	[MsgId: MMSG-26655]
Action.c(58): Found resource "http://localhost:1080/WebTours/images/button_next.gif" in HTML "http://localhost:1080/cgi-bin/reservations.pl?page=welcome"  	[MsgId: MMSG-26659]
Action.c(58): Registered web_reg_find successful for "Text= User has returned to the search page" (count=1)  	[MsgId: MMSG-26364]
Action.c(58): web_url("Search Flights Button") was successful, 8516 body bytes, 1623 header bytes, 43 chunking overhead bytes  	[MsgId: MMSG-26385]
Action.c(68): Notify: Transaction "Переход на Flights" ended with a "Pass" status (Duration: 0.1030 Wasted Time: 0.0073).
Action.c(70): web_custom_request("FormDateUpdate.class") started  	[MsgId: MMSG-26355]
Action.c(70): web_custom_request("FormDateUpdate.class") was successful, 0 body bytes, 309 header bytes  	[MsgId: MMSG-26386]
Action.c(79): lr_think_time: 5.00 seconds.
Action.c(81): Notify: Transaction "Заполнение полей" started.
Action.c(83): web_reg_find started  	[MsgId: MMSG-26355]
Action.c(83): Registering web_reg_find was successful  	[MsgId: MMSG-26390]
Action.c(89): web_reg_save_param_ex started  	[MsgId: MMSG-26355]
Action.c(89): Registering web_reg_save_param_ex was successful  	[MsgId: MMSG-26390]
Action.c(99): web_submit_data("reservations.pl") started  	[MsgId: MMSG-26355]
Action.c(99): Resource "http://localhost:1080/WebTours/images/button_next.gif" is in the cache already and will not be downloaded again  	[MsgId: MMSG-26655]
Action.c(99): Registered web_reg_find successful for "Text=Flight Selections" (count=1)  	[MsgId: MMSG-26364]
Action.c(99): web_submit_data("reservations.pl") was successful, 2420 body bytes, 256 header bytes, 12 chunking overhead bytes  	[MsgId: MMSG-26385]
Action.c(123): Notify: Transaction "Заполнение полей" ended with a "Pass" status (Duration: 0.0601 Wasted Time: 0.0049).
Action.c(125): lr_think_time: 5.00 seconds.
Action.c(127): Notify: Transaction "Выбор рейса" started.
Action.c(129): web_submit_data("reservations.pl_2") started  	[MsgId: MMSG-26355]
Action.c(129): Resource "http://localhost:1080/WebTours/images/button_next.gif" is in the cache already and will not be downloaded again  	[MsgId: MMSG-26655]
Action.c(129): web_submit_data("reservations.pl_2") was successful, 2698 body bytes, 255 header bytes, 12 chunking overhead bytes  	[MsgId: MMSG-26385]
Action.c(147): Notify: Transaction "Выбор рейса" ended with a "Pass" status (Duration: 0.0592 Wasted Time: 0.0049).
Action.c(149): lr_think_time: 5.00 seconds.
Action.c(151): Notify: Transaction "Выход" started.
Action.c(153): web_url("welcome.pl") started  	[MsgId: MMSG-26355]
Action.c(153): Detected non-resource "http://localhost:1080/cgi-bin/nav.pl?in=home" in "http://localhost:1080/cgi-bin/welcome.pl?signOff=1"  	[MsgId: MMSG-26574]
Action.c(153): Detected non-resource "http://localhost:1080/WebTours/home.html" in "http://localhost:1080/cgi-bin/welcome.pl?signOff=1"  	[MsgId: MMSG-26574]
Action.c(153): Retrieving data from cache for "http://localhost:1080/WebTours/home.html"  	[MsgId: MMSG-26558]
Action.c(153): Resource "http://localhost:1080/WebTours/images/mer_login.gif" is in the cache already and will not be downloaded again  	[MsgId: MMSG-26655]
Action.c(153): web_url("welcome.pl") was successful, 2170 body bytes, 583 header bytes, 24 chunking overhead bytes  	[MsgId: MMSG-26385]
Action.c(163): Notify: Transaction "Выход" ended with a "Pass" status (Duration: 0.0882 Wasted Time: 0.0052).
Action.c(165): Notify: Transaction "2_Просмотр билетов без покупки" ended with a "Pass" status (Duration: 20.4191 Think Time: 20.0009 Wasted Time: 0.0334).
Ending action Action.
Ending iteration 3.
Ending Vuser...
Starting action vuser_end.
Ending action vuser_end.
Vuser Terminated.
