Start auto log messages stack - Iteration 1.	[MsgId: MMSG-10545]
Action.c(22): Notify: Transaction "2_Просмотр билетов без покупки" started.	[MsgId: MMSG-16999]
Action.c(24): Notify: Transaction "Вход" started.	[MsgId: MMSG-16999]
Action.c(26): web_reg_find started  	[MsgId: MMSG-26355]
Action.c(26): Registering web_reg_find was successful  	[MsgId: MMSG-26390]
Action.c(30): web_submit_data("login.pl") started  	[MsgId: MMSG-26355]
Action.c(30): Detected non-resource "http://localhost:1080/cgi-bin/nav.pl?username=user1&password=1234" in "http://localhost:1080/cgi-bin/login.pl"  	[MsgId: MMSG-26574]
Action.c(30): Detected non-resource "http://localhost:1080/cgi-bin/error.pl?error=badPassword" in "http://localhost:1080/cgi-bin/login.pl"  	[MsgId: MMSG-26574]
Action.c(30): Resource "http://localhost:1080/WebTours/images/mer_login.gif" is in the cache already and will not be downloaded again  	[MsgId: MMSG-26655]
Action.c(30): Error -26366: "Text=User password was correct" not found for web_reg_find  	[MsgId: MERR-26366]
End auto log messages stack.	[MsgId: MMSG-10544]


Start auto log messages stack - Iteration 2.	[MsgId: MMSG-10545]
Action.c(22): Notify: Transaction "2_Просмотр билетов без покупки" started.	[MsgId: MMSG-16999]
Action.c(24): Notify: Transaction "Вход" started.	[MsgId: MMSG-16999]
Action.c(26): web_reg_find started  	[MsgId: MMSG-26355]
Action.c(26): Registering web_reg_find was successful  	[MsgId: MMSG-26390]
Action.c(30): web_submit_data("login.pl") started  	[MsgId: MMSG-26355]
Action.c(30): Detected non-resource "http://localhost:1080/cgi-bin/nav.pl?username=user2&password=1234" in "http://localhost:1080/cgi-bin/login.pl"  	[MsgId: MMSG-26574]
Action.c(30): Detected non-resource "http://localhost:1080/cgi-bin/error.pl?error=badPassword" in "http://localhost:1080/cgi-bin/login.pl"  	[MsgId: MMSG-26574]
Action.c(30): Resource "http://localhost:1080/WebTours/images/mer_login.gif" is in the cache already and will not be downloaded again  	[MsgId: MMSG-26655]
Action.c(30): Error -26366: "Text=User password was correct" not found for web_reg_find  	[MsgId: MERR-26366]
End auto log messages stack.	[MsgId: MMSG-10544]


Start auto log messages stack - Iteration 3.	[MsgId: MMSG-10545]
Action.c(22): Notify: Transaction "2_Просмотр билетов без покупки" started.	[MsgId: MMSG-16999]
Action.c(24): Notify: Transaction "Вход" started.	[MsgId: MMSG-16999]
Action.c(26): web_reg_find started  	[MsgId: MMSG-26355]
Action.c(26): Registering web_reg_find was successful  	[MsgId: MMSG-26390]
Action.c(30): web_submit_data("login.pl") started  	[MsgId: MMSG-26355]
Action.c(30): Detected non-resource "http://localhost:1080/cgi-bin/nav.pl?username=user3&password=1234" in "http://localhost:1080/cgi-bin/login.pl"  	[MsgId: MMSG-26574]
Action.c(30): Detected non-resource "http://localhost:1080/cgi-bin/error.pl?error=badPassword" in "http://localhost:1080/cgi-bin/login.pl"  	[MsgId: MMSG-26574]
Action.c(30): Resource "http://localhost:1080/WebTours/images/mer_login.gif" is in the cache already and will not be downloaded again  	[MsgId: MMSG-26655]
Action.c(30): Error -26366: "Text=User password was correct" not found for web_reg_find  	[MsgId: MERR-26366]
End auto log messages stack.	[MsgId: MMSG-10544]


Start auto log messages stack - Iteration 4.	[MsgId: MMSG-10545]
Action.c(22): Notify: Transaction "2_Просмотр билетов без покупки" started.	[MsgId: MMSG-16999]
Action.c(24): Notify: Transaction "Вход" started.	[MsgId: MMSG-16999]
Action.c(26): web_reg_find started  	[MsgId: MMSG-26355]
Action.c(26): Registering web_reg_find was successful  	[MsgId: MMSG-26390]
Action.c(30): web_submit_data("login.pl") started  	[MsgId: MMSG-26355]
Action.c(30): Detected non-resource "http://localhost:1080/cgi-bin/nav.pl?username=user4&password=1234" in "http://localhost:1080/cgi-bin/login.pl"  	[MsgId: MMSG-26574]
Action.c(30): Detected non-resource "http://localhost:1080/cgi-bin/error.pl?error=badPassword" in "http://localhost:1080/cgi-bin/login.pl"  	[MsgId: MMSG-26574]
Action.c(30): Resource "http://localhost:1080/WebTours/images/mer_login.gif" is in the cache already and will not be downloaded again  	[MsgId: MMSG-26655]
Action.c(30): Error -26366: "Text=User password was correct" not found for web_reg_find  	[MsgId: MERR-26366]
End auto log messages stack.	[MsgId: MMSG-10544]


Start auto log messages stack - Iteration 5.	[MsgId: MMSG-10545]
Action.c(22): Notify: Transaction "2_Просмотр билетов без покупки" started.	[MsgId: MMSG-16999]
Action.c(24): Notify: Transaction "Вход" started.	[MsgId: MMSG-16999]
Action.c(26): web_reg_find started  	[MsgId: MMSG-26355]
Action.c(26): Registering web_reg_find was successful  	[MsgId: MMSG-26390]
Action.c(30): web_submit_data("login.pl") started  	[MsgId: MMSG-26355]
Action.c(30): Detected non-resource "http://localhost:1080/cgi-bin/nav.pl?username=user5&password=1234" in "http://localhost:1080/cgi-bin/login.pl"  	[MsgId: MMSG-26574]
Action.c(30): Detected non-resource "http://localhost:1080/cgi-bin/error.pl?error=badPassword" in "http://localhost:1080/cgi-bin/login.pl"  	[MsgId: MMSG-26574]
Action.c(30): Resource "http://localhost:1080/WebTours/images/mer_login.gif" is in the cache already and will not be downloaded again  	[MsgId: MMSG-26655]
Action.c(30): Error -26366: "Text=User password was correct" not found for web_reg_find  	[MsgId: MERR-26366]
End auto log messages stack.	[MsgId: MMSG-10544]


Start auto log messages stack - Iteration 6.	[MsgId: MMSG-10545]
Action.c(22): Notify: Transaction "2_Просмотр билетов без покупки" started.	[MsgId: MMSG-16999]
Action.c(24): Notify: Transaction "Вход" started.	[MsgId: MMSG-16999]
Action.c(26): web_reg_find started  	[MsgId: MMSG-26355]
Action.c(26): Registering web_reg_find was successful  	[MsgId: MMSG-26390]
Action.c(30): web_submit_data("login.pl") started  	[MsgId: MMSG-26355]
Action.c(30): Detected non-resource "http://localhost:1080/cgi-bin/nav.pl?username=user6&password=1234" in "http://localhost:1080/cgi-bin/login.pl"  	[MsgId: MMSG-26574]
Action.c(30): Detected non-resource "http://localhost:1080/cgi-bin/error.pl?error=badPassword" in "http://localhost:1080/cgi-bin/login.pl"  	[MsgId: MMSG-26574]
Action.c(30): Resource "http://localhost:1080/WebTours/images/mer_login.gif" is in the cache already and will not be downloaded again  	[MsgId: MMSG-26655]
Action.c(30): Error -26366: "Text=User password was correct" not found for web_reg_find  	[MsgId: MERR-26366]
End auto log messages stack.	[MsgId: MMSG-10544]


Start auto log messages stack - Iteration 7.	[MsgId: MMSG-10545]
Action.c(22): Notify: Transaction "2_Просмотр билетов без покупки" started.	[MsgId: MMSG-16999]
Action.c(24): Notify: Transaction "Вход" started.	[MsgId: MMSG-16999]
Action.c(26): web_reg_find started  	[MsgId: MMSG-26355]
Action.c(26): Registering web_reg_find was successful  	[MsgId: MMSG-26390]
Action.c(30): web_submit_data("login.pl") started  	[MsgId: MMSG-26355]
Action.c(30): Detected non-resource "http://localhost:1080/cgi-bin/nav.pl?username=user7&password=1234" in "http://localhost:1080/cgi-bin/login.pl"  	[MsgId: MMSG-26574]
Action.c(30): Detected non-resource "http://localhost:1080/cgi-bin/error.pl?error=badPassword" in "http://localhost:1080/cgi-bin/login.pl"  	[MsgId: MMSG-26574]
Action.c(30): Resource "http://localhost:1080/WebTours/images/mer_login.gif" is in the cache already and will not be downloaded again  	[MsgId: MMSG-26655]
Action.c(30): Error -26366: "Text=User password was correct" not found for web_reg_find  	[MsgId: MERR-26366]
End auto log messages stack.	[MsgId: MMSG-10544]


Start auto log messages stack - Iteration 8.	[MsgId: MMSG-10545]
Action.c(22): Notify: Transaction "2_Просмотр билетов без покупки" started.	[MsgId: MMSG-16999]
Action.c(24): Notify: Transaction "Вход" started.	[MsgId: MMSG-16999]
Action.c(26): web_reg_find started  	[MsgId: MMSG-26355]
Action.c(26): Registering web_reg_find was successful  	[MsgId: MMSG-26390]
Action.c(30): web_submit_data("login.pl") started  	[MsgId: MMSG-26355]
Action.c(30): Detected non-resource "http://localhost:1080/cgi-bin/nav.pl?username=user8&password=1234" in "http://localhost:1080/cgi-bin/login.pl"  	[MsgId: MMSG-26574]
Action.c(30): Detected non-resource "http://localhost:1080/cgi-bin/error.pl?error=badPassword" in "http://localhost:1080/cgi-bin/login.pl"  	[MsgId: MMSG-26574]
Action.c(30): Resource "http://localhost:1080/WebTours/images/mer_login.gif" is in the cache already and will not be downloaded again  	[MsgId: MMSG-26655]
Action.c(30): Error -26366: "Text=User password was correct" not found for web_reg_find  	[MsgId: MERR-26366]
End auto log messages stack.	[MsgId: MMSG-10544]


