Action.c(67):       </TD>\n
Action.c(67):       <TD width="45%" valign="top">\n
Action.c(67):           <b>&nbsp;&nbsp;A Business class ticket for :</b><br/>\n
Action.c(67):           <center><table border="0" width="85%"><tr><td>\n
Action.c(67):           <li><i>user2 user2\n
Action.c(67):           <li><i></i>\n
Action.c(67):           </td></tr></table></center>\n
Action.c(67):       </TD>\n
Action.c(67):       <TD width="5%" >.<br/>.<br/>.<br/>.</TD>\n
Action.c(67):       <TD width="45%" valign=top><b>Invoice sent to:</b><br/>\n
Action.c(67):           <center>\n
Action.c(67):           <Table width="80%" cellspacing="0" > <tr> <td>\n
Action.c(67):               user2 user2\n
Action.c(67):     <br/>\n
Action.c(67):               &#1050;&#1072;&#1083;&#1080;&#1085;&#1080;&#1085;&#1072; 36<br/>\n
Action.c(67):               <br/>\n
Action.c(67):               <br/>\n
Action.c(67):               Total Charge: $ 3536 <BR/> (CC: x-6789)\n
Action.c(67):           </td> </tr> </table>\n
Action.c(67):           </center>\n
Action.c(67):       </TD>\n
Action.c(67):     </TR>\n
Action.c(67):     <TR bgcolor="#EFF2F7">\n
Action.c(67):       <TD COLSPAN="3">\n
Action.c(67):       <b>Flight Details:</b><BR/>  <center>\n
Action.c(67):       05/23/2020\n
Action.c(67):      :  8am : Flight 810 leaves Sydney  for Frankfurt.<br>  06/22/2020\n
Action.c(67):      :  8am : Flight 180 leaves Frankfurt  for Sydney.<br>  </center>\n
Action.c(67):       </TD>\n
Action.c(67):     </TR>\n
Action.c(67):     \n
Action.c(67):     <TR bgcolor="#EFF2F7">\n
Action.c(67):       <TD COLSPAN="4">\n
Action.c(67):       <hr/>\n
Action.c(67):       </TD>\n
Action.c(67):     </TR>\n
Action.c(67):     \n
Action.c(67):     <!-- Flight #1 -->\n
Action.c(67):     <TR bgcolor="#EFF2F7">\n
Action.c(67):       <TD width="5%" rowspan="2" align="left" valign="top">\n
Action.c(67):     <b>\n
Action.c(67):     <label><input type="checkbox" name="184" value="on" /></label></font></b>\n
Action.c(67):     <input type="hidden" name="flightID" value="2103237078-1415470-uu"  />\n
Action.c(67):       </TD>\n
Action.c(67):       <TD width="45%" valign="top">\n
Action.c(67):           <b>&nbsp;&nbsp;A First class ticket for :</b><br/>\n
Action.c(67):           <center><table border="0" width="85%"><tr><td>\n
Action.c(67):           <li><i>user2  user2\n
Action.c(67):           <li><i></i>\n
Action.c(67):           </td></tr></table></center>\n
Action.c(67):       </TD>\n
Action.c(67):       <TD width="5%" >.<br/>.<br/>.<br/>.</TD>\n
Action.c(67):       <TD width="45%" valign=top><b>Invoice sent to:</b><br/>\n
Action.c(67):           <center>\n
Action.c(67):           <Table width="80%" cellspacing="0" > <tr> <td>\n
Action.c(67):               user2 user2\n
Action.c(67):     <br/>\n
Action.c(67):               &#1050;&#1072;&#1083;&#1080;&#1085;&#1080;&#1085;&#1072; 36<br/>\n
Action.c(67):               <br/>\n
Action.c(67):               <br/>\n
Action.c(67):               Total Charge: $ 1122 <BR/> (CC: x-5678)\n
Action.c(67):           </td> </tr> </table>\n
Action.c(67):           </center>\n
Action.c(67):       </TD>\n
Action.c(67):     </TR>\n
Action.c(67):     <TR bgcolor="#EFF2F7">\n
Action.c(67):       <TD COLSPAN="3">\n
Action.c(67):       <b>Flight Details:</b><BR/>  <center>\n
Action.c(67):       05/23/2020\n
Action.c(67):      :  8am : Flight 740 leaves Seattle  for Paris.<br>  </center>\n
Action.c(67):       </TD>\n
Action.c(67):     </TR>\n
Action.c(67):     \n
Action.c(67):     <TR bgcolor="#EFF2F7">\n
Action.c(67):       <TD COLSPAN="4">\n
Action.c(67):       <hr/>\n
Action.c(67):       </TD>\n
Action.c(67):     </TR>\n
Action.c(67):     \n
Action.c(67):     <!-- Flight #1 -->\n
Action.c(67):     <TR bgcolor="#EFF2F7">\n
Action.c(67):       <TD width="5%" rowspan="2" align="left" valign="top">\n
Action.c(67):     <b>\n
Action.c(67):     <label><input type="checkbox" name="185" value="on" /></label></font></b>\n
Action.c(67):     <input type="hidden" name="flightID" value="251474116-14292484-uu"  />\n
Action.c(67):       </TD>\n
Action.c(67):       <TD width="45%" valign="top">\n
Action.c(67):           <b>&nbsp;&nbsp;A Business class ticket for :</b><br/>\n
Action.c(67):           <center><table border="0" width="85%"><tr><td>\n
Action.c(67):           <li><i>user2 user2\n
Action.c(67):           <li><i></i>\n
Action.c(67):           </td></tr></table></center>\n
Action.c(67):       </TD>\n
Action.c(67):       <TD width="5%" >.<br/>.<br/>.<br/>.</TD>\n
Action.c(67):       <TD width="45%" valign=top><b>Invoice sent to:</b><br/>\n
Action.c(67):           <center>\n
Action.c(67):           <Table width="80%" cellspacing="0" > <tr> <td>\n
Action.c(67):               user2 user2\n
Action.c(67):     <br/>\n
Action.c(67):               &#1050;&#1072;&#1083;&#1080;&#1085;&#1080;&#1085;&#1072; 36<br/>\n
Action.c(67):               <br/>\n
Action.c(67):               <br/>\n
Action.c(67):               Total Charge: $ 2296 <BR/> (CC: x-6789)\n
Action.c(67):           </td> </tr> </table>\n
Action.c(67):           </center>\n
Action.c(67):       </TD>\n
Action.c(67):     </TR>\n
Action.c(67):     <TR bgcolor="#EFF2F7">\n
Action.c(67):       <TD COLSPAN="3">\n
Action.c(67):       <b>Flight Details:</b><BR/>  <center>\n
Action.c(67):       05/23/2020\n
Action.c(67):      :  8am : Flight 80 leaves Denver  for Sydney.<br>  06/22/2020\n
Action.c(67):      :  8am : Flight 80 leaves Denver  for Sydney.<br>  </center>\n
Action.c(67):       </TD>\n
Action.c(67):     </TR>\n
Action.c(67):     \n
Action.c(67):     <TR bgcolor="#EFF2F7">\n
Action.c(67):       <TD COLSPAN="4">\n
Action.c(67):       <hr/>\n
Action.c(67):       </TD>\n
Action.c(67):     </TR>\n
Action.c(67):     \n
Action.c(67):     <!-- Flight #1 -->\n
Action.c(67):     <TR bgcolor="#EFF2F7">\n
Action.c(67):       <TD width="5%" rowspan="2" align="left" valign="top">\n
Action.c(67):     <b>\n
Action.c(67):     <label><input type="checkbox" name="186" value="on" /></label></font></b>\n
Action.c(67):     <input type="hidden" name="flightID" value="210324078-143086-uu"  />\n
Action.c(67):       </TD>\n
Action.c(67):       <TD width="45%" valign="top">\n
Action.c(67):           <b>&nbsp;&nbsp;A First class ticket for :</b><br/>\n
Action.c(67):           <center><table border="0" width="85%"><tr><td>\n
Action.c(67):           <li><i>user2  user2\n
Action.c(67):           <li><i></i>\n
Action.c(67):           </td></tr></table></center>\n
Action.c(67):       </TD>\n
Action.c(67):       <TD width="5%" >.<br/>.<br/>.<br/>.</TD>\n
Action.c(67):       <TD width="45%" valign=top><b>Invoice sent to:</b><br/>\n
Action.c(67):           <center>\n
Action.c(67):           <Table width="80%" cellspacing="0" > <tr> <td>\n
Action.c(67):               user2 user2\n
Action.c(67):     <br/>\n
Action.c(67):               &#1050;&#1072;&#1083;&#1080;&#1085;&#1080;&#1085;&#1072; 36<br/>\n
Action.c(67):               <br/>\n
Action.c(67):               <br/>\n
Action.c(67):               Total Charge: $ 121 <BR/> (CC: x-5678)\n
Action.c(67):           </td> </tr> </table>\n
Action.c(67):           </center>\n
Action.c(67):       </TD>\n
Action.c(67):     </TR>\n
Action.c(67):     <TR bgcolor="#EFF2F7">\n
Action.c(67):       <TD COLSPAN="3">\n
Action.c(67):       <b>Flight Details:</b><BR/>  <center>\n
Action.c(67):       05/23/2020\n
Action.c(67):      :  8am : Flight 750 leaves Seattle  for Portland.<br>  </center>\n
Action.c(67):       </TD>\n
Action.c(67):     </TR>\n
Action.c(67):     \n
Action.c(67):     <TR bgcolor="#EFF2F7">\n
Action.c(67):       <TD COLSPAN="4">\n
Action.c(67):       <hr/>\n
Action.c(67):       </TD>\n
Action.c(67):     </TR>\n
Action.c(67):     \n
Action.c(67):     <!-- Flight #1 -->\n
Action.c(67):     <TR bgcolor="#EFF2F7">\n
Action.c(67):       <TD width="5%" rowspan="2" align="left" valign="top">\n
Action.c(67):     <b>\n
Action.c(67):     <label><input type="checkbox" name="187" value="on" /></label></font></b>\n
Action.c(67):     <input type="hidden" name="flightID" value="2514563004-144023249-uu"  />\n
Action.c(67):       </TD>\n
Action.c(67):       <TD width="45%" valign="top">\n
Action.c(67):           <b>&nbsp;&nbsp;A Business class ticket for :</b><br/>\n
Action.c(67):           <center><table border="0" width="85%"><tr><td>\n
Action.c(67):           <li><i>user2 user2\n
Action.c(67):           <li><i></i>\n
Action.c(67):           </td></tr></table></center>\n
Action.c(67):       </TD>\n
Action.c(67):       <TD width="5%" >.<br/>.<br/>.<br/>.</TD>\n
Action.c(67):       <TD width="45%" valign=top><b>Invoice sent to:</b><br/>\n
Action.c(67):           <center>\n
Action.c(67):           <Table width="80%" cellspacing="0" > <tr> <td>\n
Action.c(67):               user2 user2\n
Action.c(67):     <br/>\n
Action.c(67):               &#1050;&#1072;&#1083;&#1080;&#1085;&#1080;&#1085;&#1072; 36<br/>\n
Action.c(67):               <br/>\n
Action.c(67):               <br/>\n
Action.c(67):               Total Charge: $ 2242 <BR/> (CC: x-6789)\n
Action.c(67):           </td> </tr> </table>\n
Action.c(67):           </center>\n
Action.c(67):       </TD>\n
Action.c(67):     </TR>\n
Action.c(67):     <TR bgcolor="#EFF2F7">\n
Action.c(67):       <TD COLSPAN="3">\n
Action.c(67):       <b>Flight Details:</b><BR/>  <center>\n
Action.c(67):       05/23/2020\n
Action.c(67):      :  8am : Flight 320 leaves Los Angeles  for London.<br>  06/22/2020\n
Action.c(67):      :  8am : Flight 230 leaves London  for Los Angeles.<br>  </center>\n
Action.c(67):       </TD>\n
Action.c(67):     </TR>\n
Action.c(67):     \n
Action.c(67):     <TR bgcolor="#EFF2F7">\n
Action.c(67):       <TD COLSPAN="4">\n
Action.c(67):       <hr/>\n
Action.c(67):       </TD>\n
Action.c(67):     </TR>\n
Action.c(67):     \n
Action.c(67):     <!-- Flight #1 -->\n
Action.c(67):     <TR bgcolor="#EFF2F7">\n
Action.c(67):       <TD width="5%" rowspan="2" align="left" valign="top">\n
Action.c(67):     <b>\n
Action.c(67):     <label><input type="checkbox" name="188" value="on" /></label></font></b>\n
Action.c(67):     <input type="hidden" name="flightID" value="2103248-1446-uu"  />\n
Action.c(67):       </TD>\n
Action.c(67):       <TD width="45%" valign="top">\n
Action.c(67):           <b>&nbsp;&nbsp;A First class ticket for :</b><br/>\n
Action.c(67):           <center><table border="0" width="85%"><tr><td>\n
Action.c(67):           <li><i>user2  user2\n
Action.c(67):           <li><i></i>\n
Action.c(67):           </td></tr></table></center>\n
Action.c(67):       </TD>\n
Action.c(67):       <TD width="5%" >.<br/>.<br/>.<br/>.</TD>\n
Action.c(67):       <TD width="45%" valign=top><b>Invoice sent to:</b><br/>\n
Action.c(67):           <center>\n
Action.c(67):           <Table width="80%" cellspacing="0" > <tr> <td>\n
Action.c(67):               user2 user2\n
Action.c(67):     <br/>\n
Action.c(67):               &#1050;&#1072;&#1083;&#1080;&#1085;&#1080;&#1085;&#1072; 36<br/>\n
Action.c(67):               <br/>\n
Action.c(67):               <br/>\n
Action.c(67):               Total Charge: $ 0 <BR/> (CC: x-5678)\n
Action.c(67):           </td> </tr> </table>\n
Action.c(67):           </center>\n
Action.c(67):       </TD>\n
Action.c(67):     </TR>\n
Action.c(67):     <TR bgcolor="#EFF2F7">\n
Action.c(67):       <TD COLSPAN="3">\n
Action.c(67):       <b>Flight Details:</b><BR/>  <center>\n
Action.c(67):       05/23/2020\n
Action.c(67):      :  8am : Flight 770 leaves Seattle  for Seattle.<br>  </center>\n
Action.c(67):       </TD>\n
Action.c(67):     </TR>\n
Action.c(67):     \n
Action.c(67):     <TR bgcolor="#EFF2F7">\n
Action.c(67):       <TD COLSPAN="4">\n
Action.c(67):       <hr/>\n
Action.c(67):       </TD>\n
Action.c(67):     </TR>\n
Action.c(67):     \n
Action.c(67):     <!-- Flight #1 -->\n
Action.c(67):     <TR bgcolor="#EFF2F7">\n
Action.c(67):       <TD width="5%" rowspan="2" align="left" valign="top">\n
Action.c(67):     <b>\n
Action.c(67):     <label><input type="checkbox" name="189" value="on" /></label></font></b>\n
Action.c(67):     <input type="hidden" name="flightID" value="21030388-145422-uu"  />\n
Action.c(67):       </TD>\n
Action.c(67):       <TD width="45%" valign="top">\n
Action.c(67):           <b>&nbsp;&nbsp;A Business class ticket for :</b><br/>\n
Action.c(67):           <center><table border="0" width="85%"><tr><td>\n
Action.c(67):           <li><i>user2  user2\n
Action.c(67):           <li><i></i>\n
Action.c(67):           </td></tr></table></center>\n
Action.c(67):       </TD>\n
Action.c(67):       <TD width="5%" >.<br/>.<br/>.<br/>.</TD>\n
Action.c(67):       <TD width="45%" valign=top><b>Invoice sent to:</b><br/>\n
Action.c(67):           <center>\n
Action.c(67):           <Table width="80%" cells
Action.c(67): t=55956ms: 8-byte chunked response overhead for "http://localhost:1080/cgi-bin/itinerary.pl" (RelFrameId=1.2, Internal ID=43)
Action.c(67):     \r\n
Action.c(67):     1000\r\n
Action.c(67): t=55956ms: 8-byte chunked response overhead for "http://localhost:1080/cgi-bin/itinerary.pl" (RelFrameId=1.2, Internal ID=43)
Action.c(67):     \r\n
Action.c(67):     1000\r\n
Action.c(67): t=55956ms: 8-byte chunked response overhead for "http://localhost:1080/cgi-bin/itinerary.pl" (RelFrameId=1.2, Internal ID=43)
Action.c(67):     \r\n
Action.c(67):     1000\r\n
Action.c(67): t=55956ms: 12263-byte chunked response body for "http://localhost:1080/cgi-bin/itinerary.pl" (RelFrameId=1.2, Internal ID=43)
Action.c(67):     pacing="0" > <tr> <td>\n
Action.c(67):               user2 user2\n
Action.c(67):     <br/>\n
Action.c(67):               &#1050;&#1072;&#1083;&#1080;&#1085;&#1080;&#1085;&#1072; 36<br/>\n
Action.c(67):               <br/>\n
Action.c(67):               <br/>\n
Action.c(67):               Total Charge: $ 491 <BR/> (CC: x-5678)\n
Action.c(67):           </td> </tr> </table>\n
Action.c(67):           </center>\n
Action.c(67):       </TD>\n
Action.c(67):     </TR>\n
Action.c(67):     <TR bgcolor="#EFF2F7">\n
Action.c(67):       <TD COLSPAN="3">\n
Action.c(67):       <b>Flight Details:</b><BR/>  <center>\n
Action.c(67):       05/23/2020\n
Action.c(67):      :  8am : Flight 20 leaves Denver  for London.<br>  </center>\n
Action.c(67):       </TD>\n
Action.c(67):     </TR>\n
Action.c(67):     \n
Action.c(67):     <TR bgcolor="#EFF2F7">\n
Action.c(67):       <TD COLSPAN="4">\n
Action.c(67):       <hr/>\n
Action.c(67):       </TD>\n
Action.c(67):     </TR>\n
Action.c(67):     \n
Action.c(67):     <!-- Flight #1 -->\n
Action.c(67):     <TR bgcolor="#EFF2F7">\n
Action.c(67):       <TD width="5%" rowspan="2" align="left" valign="top">\n
Action.c(67):     <b>\n
Action.c(67):     <label><input type="checkbox" name="190" value="on" /></label></font></b>\n
Action.c(67):     <input type="hidden" name="flightID" value="21029-1461-uu"  />\n
Action.c(67):       </TD>\n
Action.c(67):       <TD width="45%" valign="top">\n
Action.c(67):           <b>&nbsp;&nbsp;A First class ticket for :</b><br/>\n
Action.c(67):           <center><table border="0" width="85%"><tr><td>\n
Action.c(67):           <li><i>user2  user2\n
Action.c(67):           <li><i></i>\n
Action.c(67):           </td></tr></table></center>\n
Action.c(67):       </TD>\n
Action.c(67):       <TD width="5%" >.<br/>.<br/>.<br/>.</TD>\n
Action.c(67):       <TD width="45%" valign=top><b>Invoice sent to:</b><br/>\n
Action.c(67):           <center>\n
Action.c(67):           <Table width="80%" cellspacing="0" > <tr> <td>\n
Action.c(67):               user2 user2\n
Action.c(67):     <br/>\n
Action.c(67):               &#1050;&#1072;&#1083;&#1080;&#1085;&#1080;&#1085;&#1072; 36<br/>\n
Action.c(67):               <br/>\n
Action.c(67):               <br/>\n
Action.c(67):               Total Charge: $ 0 <BR/> (CC: x-5678)\n
Action.c(67):           </td> </tr> </table>\n
Action.c(67):           </center>\n
Action.c(67):       </TD>\n
Action.c(67):     </TR>\n
Action.c(67):     <TR bgcolor="#EFF2F7">\n
Action.c(67):       <TD COLSPAN="3">\n
Action.c(67):       <b>Flight Details:</b><BR/>  <center>\n
Action.c(67):       05/23/2020\n
Action.c(67):      :  8am : Flight 0 leaves Denver  for Denver.<br>  </center>\n
Action.c(67):       </TD>\n
Action.c(67):     </TR>\n
Action.c(67):     \n
Action.c(67):     <TR bgcolor="#EFF2F7">\n
Action.c(67):       <TD COLSPAN="4">\n
Action.c(67):       <hr/>\n
Action.c(67):       </TD>\n
Action.c(67):     </TR>\n
Action.c(67):     \n
Action.c(67):     <!-- Flight #1 -->\n
Action.c(67):     <TR bgcolor="#EFF2F7">\n
Action.c(67):       <TD width="5%" rowspan="2" align="left" valign="top">\n
Action.c(67):     <b>\n
Action.c(67):     <label><input type="checkbox" name="191" value="on" /></label></font></b>\n
Action.c(67):     <input type="hidden" name="flightID" value="210325968-1469319-uu"  />\n
Action.c(67):       </TD>\n
Action.c(67):       <TD width="45%" valign="top">\n
Action.c(67):           <b>&nbsp;&nbsp;A Business class ticket for :</b><br/>\n
Action.c(67):           <center><table border="0" width="85%"><tr><td>\n
Action.c(67):           <li><i>user2  user2\n
Action.c(67):           <li><i></i>\n
Action.c(67):           </td></tr></table></center>\n
Action.c(67):       </TD>\n
Action.c(67):       <TD width="5%" >.<br/>.<br/>.<br/>.</TD>\n
Action.c(67):       <TD width="45%" valign=top><b>Invoice sent to:</b><br/>\n
Action.c(67):           <center>\n
Action.c(67):           <Table width="80%" cellspacing="0" > <tr> <td>\n
Action.c(67):               user2 user2\n
Action.c(67):     <br/>\n
Action.c(67):               &#1050;&#1072;&#1083;&#1080;&#1085;&#1080;&#1085;&#1072; 36<br/>\n
Action.c(67):               <br/>\n
Action.c(67):               <br/>\n
Action.c(67):               Total Charge: $ 1148 <BR/> (CC: x-5678)\n
Action.c(67):           </td> </tr> </table>\n
Action.c(67):           </center>\n
Action.c(67):       </TD>\n
Action.c(67):     </TR>\n
Action.c(67):     <TR bgcolor="#EFF2F7">\n
Action.c(67):       <TD COLSPAN="3">\n
Action.c(67):       <b>Flight Details:</b><BR/>  <center>\n
Action.c(67):       05/23/2020\n
Action.c(67):      :  8am : Flight 80 leaves Denver  for Sydney.<br>  </center>\n
Action.c(67):       </TD>\n
Action.c(67):     </TR>\n
Action.c(67):     \n
Action.c(67):     <TR bgcolor="#EFF2F7">\n
Action.c(67):       <TD COLSPAN="4">\n
Action.c(67):       <hr/>\n
Action.c(67):       </TD>\n
Action.c(67):     </TR>\n
Action.c(67):     \n
Action.c(67):     <!-- Flight #1 -->\n
Action.c(67):     <TR bgcolor="#EFF2F7">\n
Action.c(67):       <TD width="5%" rowspan="2" align="left" valign="top">\n
Action.c(67):     <b>\n
Action.c(67):     <label><input type="checkbox" name="192" value="on" /></label></font></b>\n
Action.c(67):     <input type="hidden" name="flightID" value="25144835-14777009-uu"  />\n
Action.c(67):       </TD>\n
Action.c(67):       <TD width="45%" valign="top">\n
Action.c(67):           <b>&nbsp;&nbsp;A Business class ticket for :</b><br/>\n
Action.c(67):           <center><table border="0" width="85%"><tr><td>\n
Action.c(67):           <li><i>user2 user2\n
Action.c(67):           <li><i></i>\n
Action.c(67):           </td></tr></table></center>\n
Action.c(67):       </TD>\n
Action.c(67):       <TD width="5%" >.<br/>.<br/>.<br/>.</TD>\n
Action.c(67):       <TD width="45%" valign=top><b>Invoice sent to:</b><br/>\n
Action.c(67):           <center>\n
Action.c(67):           <Table width="80%" cellspacing="0" > <tr> <td>\n
Action.c(67):               user2 user2\n
Action.c(67):     <br/>\n
Action.c(67):               &#1050;&#1072;&#1083;&#1080;&#1085;&#1080;&#1085;&#1072; 36<br/>\n
Action.c(67):               <br/>\n
Action.c(67):               <br/>\n
Action.c(67):               Total Charge: $ 1118 <BR/> (CC: x-6789)\n
Action.c(67):           </td> </tr> </table>\n
Action.c(67):           </center>\n
Action.c(67):       </TD>\n
Action.c(67):     </TR>\n
Action.c(67):     <TR bgcolor="#EFF2F7">\n
Action.c(67):       <TD COLSPAN="3">\n
Action.c(67):       <b>Flight Details:</b><BR/>  <center>\n
Action.c(67):       05/23/2020\n
Action.c(67):      :  8am : Flight 10 leaves Denver  for Frankfurt.<br>  06/22/2020\n
Action.c(67):      :  8am : Flight 10 leaves Denver  for Frankfurt.<br>  </center>\n
Action.c(67):       </TD>\n
Action.c(67):     </TR>\n
Action.c(67):     \n
Action.c(67):     <TR bgcolor="#EFF2F7">\n
Action.c(67):       <TD COLSPAN="4">\n
Action.c(67):       <hr/>\n
Action.c(67):       </TD>\n
Action.c(67):     </TR>\n
Action.c(67):     \n
Action.c(67):     <!-- Flight #1 -->\n
Action.c(67):     <TR bgcolor="#EFF2F7">\n
Action.c(67):       <TD width="5%" rowspan="2" align="left" valign="top">\n
Action.c(67):     <b>\n
Action.c(67):     <label><input type="checkbox" name="193" value="on" /></label></font></b>\n
Action.c(67):     <input type="hidden" name="flightID" value="251460393-148723174-uu"  />\n
Action.c(67):       </TD>\n
Action.c(67):       <TD width="45%" valign="top">\n
Action.c(67):           <b>&nbsp;&nbsp;A Business class ticket for :</b><br/>\n
Action.c(67):           <center><table border="0" width="85%"><tr><td>\n
Action.c(67):           <li><i>user2 user2\n
Action.c(67):           <li><i></i>\n
Action.c(67):           </td></tr></table></center>\n
Action.c(67):       </TD>\n
Action.c(67):       <TD width="5%" >.<br/>.<br/>.<br/>.</TD>\n
Action.c(67):       <TD width="45%" valign=top><b>Invoice sent to:</b><br/>\n
Action.c(67):           <center>\n
Action.c(67):           <Table width="80%" cellspacing="0" > <tr> <td>\n
Action.c(67):               user2 user2\n
Action.c(67):     <br/>\n
Action.c(67):               &#1050;&#1072;&#1083;&#1080;&#1085;&#1080;&#1085;&#1072; 36<br/>\n
Action.c(67):               <br/>\n
Action.c(67):               <br/>\n
Action.c(67):               Total Charge: $ 1272 <BR/> (CC: x-6789)\n
Action.c(67):           </td> </tr> </table>\n
Action.c(67):           </center>\n
Action.c(67):       </TD>\n
Action.c(67):     </TR>\n
Action.c(67):     <TR bgcolor="#EFF2F7">\n
Action.c(67):       <TD COLSPAN="3">\n
Action.c(67):       <b>Flight Details:</b><BR/>  <center>\n
Action.c(67):       05/23/2020\n
Action.c(67):      :  8am : Flight 430 leaves Paris  for Los Angeles.<br>  06/22/2020\n
Action.c(67):      :  8am : Flight 340 leaves Los Angeles  for Paris.<br>  </center>\n
Action.c(67):       </TD>\n
Action.c(67):     </TR>\n
Action.c(67):     \n
Action.c(67):     <TR bgcolor="#EFF2F7">\n
Action.c(67):       <TD COLSPAN="4">\n
Action.c(67):       <hr/>\n
Action.c(67):       </TD>\n
Action.c(67):     </TR>\n
Action.c(67):     \n
Action.c(67):     <!-- Flight #1 -->\n
Action.c(67):     <TR bgcolor="#EFF2F7">\n
Action.c(67):       <TD width="5%" rowspan="2" align="left" valign="top">\n
Action.c(67):     <b>\n
Action.c(67):     <label><input type="checkbox" name="194" value="on" /></label></font></b>\n
Action.c(67):     <input type="hidden" name="flightID" value="251449276-14946984-uu"  />\n
Action.c(67):       </TD>\n
Action.c(67):       <TD width="45%" valign="top">\n
Action.c(67):           <b>&nbsp;&nbsp;A Business class ticket for :</b><br/>\n
Action.c(67):           <center><table border="0" width="85%"><tr><td>\n
Action.c(67):           <li><i>user2 user2\n
Action.c(67):           <li><i></i>\n
Action.c(67):           </td></tr></table></center>\n
Action.c(67):       </TD>\n
Action.c(67):       <TD width="5%" >.<br/>.<br/>.<br/>.</TD>\n
Action.c(67):       <TD width="45%" valign=top><b>Invoice sent to:</b><br/>\n
Action.c(67):           <center>\n
Action.c(67):           <Table width="80%" cellspacing="0" > <tr> <td>\n
Action.c(67):               user2 user2\n
Action.c(67):     <br/>\n
Action.c(67):               &#1050;&#1072;&#1083;&#1080;&#1085;&#1080;&#1085;&#1072; 36<br/>\n
Action.c(67):               <br/>\n
Action.c(67):               <br/>\n
Action.c(67):               Total Charge: $ 800 <BR/> (CC: x-6789)\n
Action.c(67):           </td> </tr> </table>\n
Action.c(67):           </center>\n
Action.c(67):       </TD>\n
Action.c(67):     </TR>\n
Action.c(67):     <TR bgcolor="#EFF2F7">\n
Action.c(67):       <TD COLSPAN="3">\n
Action.c(67):       <b>Flight Details:</b><BR/>  <center>\n
Action.c(67):       05/23/2020\n
Action.c(67):      :  8am : Flight 130 leaves Frankfurt  for Los Angeles.<br>  06/22/2020\n
Action.c(67):      :  8am : Flight 310 leaves Los Angeles  for Frankfurt.<br>  </center>\n
Action.c(67):       </TD>\n
Action.c(67):     </TR>\n
Action.c(67):     \n
Action.c(67):     <TR bgcolor="#EFF2F7">\n
Action.c(67):       <TD COLSPAN="4">\n
Action.c(67):       <hr/>\n
Action.c(67):       </TD>\n
Action.c(67):     </TR>\n
Action.c(67):     \n
Action.c(67):     <!-- Flight #1 -->\n
Action.c(67):     <TR bgcolor="#EFF2F7">\n
Action.c(67):       <TD width="5%" rowspan="2" align="left" valign="top">\n
Action.c(67):     <b>\n
Action.c(67):     <label><input type="checkbox" name="195" value="on" /></label></font></b>\n
Action.c(67):     <input type="hidden" name="flightID" value="25146677-1504660-uu"  />\n
Action.c(67):       </TD>\n
Action.c(67):       <TD width="45%" valign="top">\n
Action.c(67):           <b>&nbsp;&nbsp;A Business class ticket for :</b><br/>\n
Action.c(67):           <center><table border="0" width="85%"><tr><td>\n
Action.c(67):           <li><i>user2 user2\n
Action.c(67):           <li><i></i>\n
Action.c(67):           </td></tr></table></center>\n
Action.c(67):       </TD>\n
Action.c(67):       <TD width="5%" >.<br/>.<br/>.<br/>.</TD>\n
Action.c(67):       <TD width="45%" valign=top><b>Invoice sent to:</b><br/>\n
Action.c(67):           <center>\n
Action.c(67):           <Table width="80%" cellspacing="0" > <tr> <td>\n
Action.c(67):               user2 user2\n
Action.c(67):     <br/>\n
Action.c(67):               &#1050;&#1072;&#1083;&#1080;&#1085;&#1080;&#1085;&#1072; 36<br/>\n
Action.c(67):               <br/>\n
Action.c(67):               <br/>\n
Action.c(67):               Total Charge: $ 586 <BR/> (CC: x-6789)\n
Action.c(67):           </td> </tr> </table>\n
Action.c(67):           </center>\n
Action.c(67):       </TD>\n
Action.c(67):     </TR>\n
Action.c(67):     <TR bgcolor="#EFF2F7">\n
Action.c(67):       <TD COLSPAN="3">\n
Action.c(67):       <b>Flight Details:</b><BR/>  <center>\n
Action.c(67):       05/23/2020\n
Action.c(67):      :  8am : Flight 60 leaves Denver  for San Francisco.<br>  06/22/2020\n
Action.c(67):      :  8am : Flight 60 leaves Denver  for San Francisco.<br>  </center>\n
Action.c(67):       </TD>\n
Action.c(67):     </TR>\n
Action.c(67):     \n
Action.c(67):     <TR bgcolor="#EFF2F7">\n
Action.c(67):       <TD COLSPAN="4">\n
Action.c(67):       <hr/>\n
Action.c(67):       </TD>\n
Action.c(67):     </TR>\n
Action.c(67):     \n
Action.c(67):     <!-- Flight #1 -->\n
Action.c(67):     <TR bgcolor="#EFF2F7">\n
Action.c(67):       <TD width="5%" rowspan="2" align="left" valign="top">\n
Action.c(67):     <b>\n
Action.c(67):     <label><input type="checkbox" name="196" value="on" /></label></font></b>\n
Action.c(67):     <input type="hidden" name="flightID" value="2514529671-151015557-uu"  />\n
Action.c(67):       </TD>\n
Action.c(67):       <TD width="45%" valign="top">\n
Action.c(67):           <b>&nbsp;&nbsp;A Business class ticket for :</b><br/>\n
Action.c(67):           <center><table border="0" width="85%"><tr><td>\n
Action.c(67):           <li><i>user2 user2\n
Action.c(67):           <li><i></i>\n
Action.c(67):           </td></tr></table></center>\n
Action.c(67):       </TD>\n
Action.c(67):       <TD width="5%" >.<br/>.<br/>.<br/>.</TD>\n
Action.c(67):       <TD width="45%" valign=top><b>Invoice sent to:</b><br/>\n
Action.c(67):           <center>\n
Action.c(67):           <Table width="80%" cellspacing="0" > <tr> <td>\n
Action.c(67):               user2 user2\n
Action.c(67):     <br/>\n
Action.c(67):               &#1050;&#1072;&#1083;&#1080;&#1085;&#1080;&#1085;&#1072; 36<br/>\n
Action.c(67):               <br/>\n
Action.c(67):               <br/>\n
Action.c(67):               Total Charge: $ 2242 <BR/> (CC: x-6789)\n
Action.c(67):           </td> </tr> </table>\n
Action.c(67):           </center>\n
Action.c(67):       </TD>\n
Action.c(67):     </TR>\n
Action.c(67):     <TR bgcolor="#EFF2F7">\n
Action.c(67):       <TD COLSPAN="3">\n
Action.c(67):       <b>Flight Details:</b><BR/>  <center>\n
Action.c(67):       05/23/2020\n
Action.c(67):      :  8am : Flight 230 leaves London  for Los Angeles.<br>  06/22/2020\n
Action.c(67):      :  8am : Flight 320 leaves Los Angeles  for London.<br>  </center>\n
Action.c(67):       </TD>\n
Action.c(67):     </TR>\n
Action.c(67):     \n
Action.c(67):     <TR bgcolor="#EFF2F7">\n
Action.c(67):       <TD COLSPAN="4">\n
Action.c(67):       <hr/>\n
Action.c(67):       </TD>\n
Action.c(67):     </TR>\n
Action.c(67):     \n
Action.c(67):     <!-- Flight #1 -->\n
Action.c(67):     <TR bgcolor="#EFF2F7">\n
Action.c(67):       <TD width="5%" rowspan="2" align="left" valign="top">\n
Action.c(67):     <b>\n
Action.c(67):     <label><input type="checkbox" name="197" value="on" /></label></font></b>\n
Action.c(67):     <input type="hidden" name="flightID" value="251471883-151900133-uu"  />\n
Action.c(67):       </TD>\n
Action.c(67):       <TD width="45%" valign="top">\n
Action.c(67):           <b>&nbsp;&nbsp;A Business class ticket for :</b><br/>\n
Action.c(67):           <center><table border="0" width="85%"><tr><td>\n
Action.c(67):           <li><i>user2 user2\n
Action.c(67):           <li><i></i>\n
Action.c(67):           </td></tr></table></center>\n
Action.c(67):       </TD>\n
Action.c(67):       <TD width="5%" >.<br/>.<br/>.<br/>.</TD>\n
Action.c(67):       <TD width="45%" valign=top><b>Invoice sent to:</b><br/>\n
Action.c(67):           <center>\n
Action.c(67):           <Table width="80%" cellspacing="0" > <tr> <td>\n
Action.c(67):               user2 user2\n
Action.c(67):     <br/>\n
Action.c(67):               &#1050;&#1072;&#1083;&#1080;&#1085;&#1080;&#1085;&#1072; 36<br/>\n
Action.c(67):               <br/>\n
Action.c(67):               <br/>\n
Action.c(67):               Total Charge: $ 1734 <BR/> (CC: x-6789)\n
Action.c(67):           </td> </tr> </table>\n
Action.c(67):           </center>\n
Action.c(67):       </TD>\n
Action.c(67):     </TR>\n
Action.c(67):     <TR bgcolor="#EFF2F7">\n
Action.c(67):       <TD COLSPAN="3">\n
Action.c(67):       <b>Flight Details:</b><BR/>  <center>\n
Action.c(67):       05/23/2020\n
Action.c(67):      :  8am : Flight 740 leaves Seattle  for Paris.<br>  06/22/2020\n
Action.c(67):      :  8am : Flight 470 leaves Paris  for Seattle.<br>  </center>\n
Action.c(67):       </TD>\n
Action.c(67):     </TR>\n
Action.c(67):     \n
Action.c(67):     <TR bgcolor="#EFF2F7">\n
Action.c(67):       <TD COLSPAN="4">\n
Action.c(67):       <hr/>\n
Action.c(67):       </TD>\n
Action.c(67):     </TR>\n
Action.c(67):     \n
Action.c(67):     <!-- Flight #1 -->\n
Action.c(67):     <TR bgcolor="#EFF2F7">\n
Action.c(67):       <TD width="5%" rowspan="2" align="left" valign="top">\n
Action.c(67):     <b>\n
Action.c(67):     <label><input type="checkbox" name="198" value="on" /></label></font></b>\n
Action.c(67):     <input type="hidden" name="flightID" value="25145569-1525440-uu"  />\n
Action.c(67):       </TD>\n
Action.c(67):       <TD width="45%" valign="top">\n
Action.c(67):           <b>&nbsp;&nbsp;A Business class ticket for :</b><br/>\n
Action.c(67):           <center><table border="0" width="85%"><tr><td>\n
Action.c(67):           <li><i>user2 user2\n
Action.c(67):           <li><i></i>\n
Action.c(67):           </td></tr></table></center>\n
Action.c(67):       </TD>\n
Action.c(67):       <TD width="5%" >.<br/>.<br/>.<br/>.</TD>\n
Action.c(67):       <TD width="45%" valign=top><b>Invoice sent to:</b><br/>\n
Action.c(67):           <center>\n
Action.c(67):           <Table width="80%" cellspacing="0" > <tr> <td>\n
Action.c(67):               user2 user2\n
Action.c(67):     <br/>\n
Action.c(67):               &#1050;&#1072;&#1083;&#1080;&#1085;&#1080;&#1085;&#1072; 36<br/>\n
Action.c(67):               <br/>\n
Action.c(67):               <br/>\n
Action.c(67):               Total Charge: $ 730 <BR/> (CC: x-6789)\n
Action.c(67):           </td> </tr> </table>\n
Action.c(67):           </center>\n
Action.c(67):       </TD>\n
Action.c(67):     </TR>\n
Action.c(67):     <TR bgcolor="#EFF2F7">\n
Action.c(67):       <TD COLSPAN="3">\n
Action.c(67):       <b>Flight Details:</b><BR/>  <center>\n
Action.c(67):       05/23/2020\n
Action.c(67):      :  8am : Flight 30 leaves Denver  for Los Angeles.<br>  06/22/2020\n
Action.c(67):      :  8am : Flight 30 leaves Denver  for Los Angeles.<br>  </center>\n
Action.c(67):       </TD>\n
Action.c(67):     </TR>\n
Action.c(67):     \n
Action.c(67):     <TR bgcolor="#EFF2F7">\n
Action.c(67):       <TD COLSPAN="4">\n
Action.c(67):       <hr/>\n
Action.c(67):       </TD>\n
Action.c(67):     </TR>\n
Action.c(67):     \n
Action.c(67):     <!-- Flight #1 -->\n
Action.c(67):     <TR bgcolor="#EFF2F7">\n
Action.c(67):       <TD width="5%" rowspan="2" align="left" valign="top">\n
Action.c(67):     <b>\n
Action.c(67):     <label><input type="checkbox" name="199" value="on" /></label></font></b>\n
Action.c(67):     <input type="hidden" name="flightID" value="251447052-15361603-uu"  />\n
Action.c(67):       </TD>\n
Action.c(67):       <TD width="45%" valign="top">\n
Action.c(67):           <b>&nbsp;&nbsp;A Business class ticket for :</b><br/>\n
Action.c(67):           <center><table border="0" width="85%"><tr><td>\n
Action.c(67):           <li><i>user2 user2\n
Action.c(67):           <li><i></i>\n
Action.c(67):           </td></tr></table></center>\n
Action.c(67):       </TD>\n
Action.c(67):       <TD width="5%" >.<br/>.<br/>.<br/>.</TD>\n
Action.c(67):       <TD width="45%" valign=top><b>Invoice sent to:</b><br/>\n
Action.c(67):           <center>\n
Action.c(67):           <Table width="80%" cellspacing="0" > <tr> <td>\n
Action.c(67):               user2 user2\n
Action.c(67):     <br/>\n
Action.c(67):               &#1050;&#1072;&#1083;&#1080;&#1085;&#1080;&#1085;&#1072; 36<br/>\n
Action.c(67):               <br/>\n
Action.c(67):               <br/>\n
Action.c(67):               Total Charge: $ 848 <BR/> (CC: x-6789)\n
Action.c(67):           </td> </tr> </table>\n
Action.c(67):           </center>\n
Action.c(67):       </TD>\n
Action.c(67):     </TR>\n
Action.c(67):     <TR bgcolor="#EFF2F7">\n
Action.c(67):       <TD COLSPAN="3">\n
Action.c(67):       <b>Flight Details:</b><BR/>  <center>\n
Action.c(67):       05/23/2020\n
Action.c(67):      :  8am : Flight 070 leaves Denver  for Seattle.<br>  06/22/2020\n
Action.c(67):      :  8am : Fligh
Action.c(67): t=55965ms: 8-byte chunked response overhead for "http://localhost:1080/cgi-bin/itinerary.pl" (RelFrameId=1.2, Internal ID=43)
Action.c(67):     \r\n
Action.c(67):     3000\r\n
Action.c(67): t=55965ms: 12279-byte chunked response body for "http://localhost:1080/cgi-bin/itinerary.pl" (RelFrameId=1.2, Internal ID=43)
Action.c(67):     t 700 leaves Seattle  for Denver.<br>  </center>\n
Action.c(67):       </TD>\n
Action.c(67):     </TR>\n
Action.c(67):     \n
Action.c(67):     <TR bgcolor="#EFF2F7">\n
Action.c(67):       <TD COLSPAN="4">\n
Action.c(67):       <hr/>\n
Action.c(67):       </TD>\n
Action.c(67):     </TR>\n
Action.c(67):     \n
Action.c(67):     <!-- Flight #1 -->\n
Action.c(67):     <TR bgcolor="#EFF2F7">\n
Action.c(67):       <TD width="5%" rowspan="2" align="left" valign="top">\n
Action.c(67):     <b>\n
Action.c(67):     <label><input type="checkbox" name="200" value="on" /></label></font></b>\n
Action.c(67):     <input type="hidden" name="flightID" value="25144835-15392393-uu"  />\n
Action.c(67):       </TD>\n
Action.c(67):       <TD width="45%" valign="top">\n
Action.c(67):           <b>&nbsp;&nbsp;A Business class ticket for :</b><br/>\n
Action.c(67):           <center><table border="0" width="85%"><tr><td>\n
Action.c(67):           <li><i>user2 user2\n
Action.c(67):           <li><i></i>\n
Action.c(67):           </td></tr></table></center>\n
Action.c(67):       </TD>\n
Action.c(67):       <TD width="5%" >.<br/>.<br/>.<br/>.</TD>\n
Action.c(67):       <TD width="45%" valign=top><b>Invoice sent to:</b><br/>\n
Action.c(67):           <center>\n
Action.c(67):           <Table width="80%" cellspacing="0" > <tr> <td>\n
Action.c(67):               user2 user2\n
Action.c(67):     <br/>\n
Action.c(67):               &#1050;&#1072;&#1083;&#1080;&#1085;&#1080;&#1085;&#1072; 36<br/>\n
Action.c(67):               <br/>\n
Action.c(67):               <br/>\n
Action.c(67):               Total Charge: $ 1118 <BR/> (CC: x-6789)\n
Action.c(67):           </td> </tr> </table>\n
Action.c(67):           </center>\n
Action.c(67):       </TD>\n
Action.c(67):     </TR>\n
Action.c(67):     <TR bgcolor="#EFF2F7">\n
Action.c(67):       <TD COLSPAN="3">\n
Action.c(67):       <b>Flight Details:</b><BR/>  <center>\n
Action.c(67):       05/23/2020\n
Action.c(67):      :  8am : Flight 10 leaves Denver  for Frankfurt.<br>  06/22/2020\n
Action.c(67):      :  8am : Flight 10 leaves Denver  for Frankfurt.<br>  </center>\n
Action.c(67):       </TD>\n
Action.c(67):     </TR>\n
Action.c(67):     \n
Action.c(67):     <TR bgcolor="#EFF2F7">\n
Action.c(67):       <TD COLSPAN="4">\n
Action.c(67):       <hr/>\n
Action.c(67):       </TD>\n
Action.c(67):     </TR>\n
Action.c(67):     \n
Action.c(67):     <!-- Flight #1 -->\n
Action.c(67):     <TR bgcolor="#EFF2F7">\n
Action.c(67):       <TD width="5%" rowspan="2" align="left" valign="top">\n
Action.c(67):     <b>\n
Action.c(67):     <label><input type="checkbox" name="201" value="on" /></label></font></b>\n
Action.c(67):     <input type="hidden" name="flightID" value="2514607-154953-uu"  />\n
Action.c(67):       </TD>\n
Action.c(67):       <TD width="45%" valign="top">\n
Action.c(67):           <b>&nbsp;&nbsp;A Business class ticket for :</b><br/>\n
Action.c(67):           <center><table border="0" width="85%"><tr><td>\n
Action.c(67):           <li><i>user2 user2\n
Action.c(67):           <li><i></i>\n
Action.c(67):           </td></tr></table></center>\n
Action.c(67):       </TD>\n
Action.c(67):       <TD width="5%" >.<br/>.<br/>.<br/>.</TD>\n
Action.c(67):       <TD width="45%" valign=top><b>Invoice sent to:</b><br/>\n
Action.c(67):           <center>\n
Action.c(67):           <Table width="80%" cellspacing="0" > <tr> <td>\n
Action.c(67):               user2 user2\n
Action.c(67):     <br/>\n
Action.c(67):               &#1050;&#1072;&#1083;&#1080;&#1085;&#1080;&#1085;&#1072; 36<br/>\n
Action.c(67):               <br/>\n
Action.c(67):               <br/>\n
Action.c(67):               Total Charge: $ 0 <BR/> (CC: x-6789)\n
Action.c(67):           </td> </tr> </table>\n
Action.c(67):           </center>\n
Action.c(67):       </TD>\n
Action.c(67):     </TR>\n
Action.c(67):     <TR bgcolor="#EFF2F7">\n
Action.c(67):       <TD COLSPAN="3">\n
Action.c(67):       <b>Flight Details:</b><BR/>  <center>\n
Action.c(67):       05/23/2020\n
Action.c(67):      :  8am : Flight 440 leaves Paris  for Paris.<br>  06/22/2020\n
Action.c(67):      :  8am : Flight 440 leaves Paris  for Paris.<br>  </center>\n
Action.c(67):       </TD>\n
Action.c(67):     </TR>\n
Action.c(67):     \n
Action.c(67):     <TR bgcolor="#EFF2F7">\n
Action.c(67):       <TD COLSPAN="4">\n
Action.c(67):       <hr/>\n
Action.c(67):       </TD>\n
Action.c(67):     </TR>\n
Action.c(67):     <TR>\n
Action.c(67):        <TD align="center" COLSPAN="4">\n
Action.c(67):        <b>A total of 201 scheduled flights.</font></b>\n
Action.c(67):        </TD>\n
Action.c(67):     </TR>\n
Action.c(67):     </TABLE>\n
Action.c(67):     \n
Action.c(67):     <TABLE WIDTH="87%" BORDER="0" CELLSPACING="0">\n
Action.c(67):     <TR>\n
Action.c(67):     <TD align="left" width="50%" >\n
Action.c(67):     <input type="image" name="removeFlights" src="/WebTours/images/cancelreservation.gif" bord
Action.c(67):     er="0" /></TD>\n
Action.c(67):     <TD align="right" width="50%" >\n
Action.c(67):     <input type="image" name="removeAllFlights" src="/WebTours/images/cancelallreservations.gi
Action.c(67):     f" border="0" /></TD>\n
Action.c(67):     </TABLE>\n
Action.c(67):     \n
Action.c(67):     <div><input type="hidden" name=".cgifields" value="127"  /><input type="hidden" name=".cgi
Action.c(67):     fields" value="32"  /><input type="hidden" name=".cgifields" value="90"  /><input type="hi
Action.c(67):     dden" name=".cgifields" value="118"  /><input type="hidden" name=".cgifields" value="71"  
Action.c(67):     /><input type="hidden" name=".cgifields" value="102"  /><input type="hidden" name=".cgifie
Action.c(67):     lds" value="200"  /><input type="hidden" name=".cgifields" value="18"  /><input type="hidd
Action.c(67):     en" name=".cgifields" value="125"  /><input type="hidden" name=".cgifields" value="16"  />
Action.c(67):     <input type="hidden" name=".cgifields" value="44"  /><input type="hidden" name=".cgifields
Action.c(67):     " value="55"  /><input type="hidden" name=".cgifields" value="84"  /><input type="hidden" 
Action.c(67):     name=".cgifields" value="27"  /><input type="hidden" name=".cgifields" value="190"  /><inp
Action.c(67):     ut type="hidden" name=".cgifields" value="161"  /><input type="hidden" name=".cgifields" v
Action.c(67):     alue="194"  /><input type="hidden" name=".cgifields" value="95"  /><input type="hidden" na
Action.c(67):     me=".cgifields" value="57"  /><input type="hidden" name=".cgifields" value="20"  /><input 
Action.c(67):     type="hidden" name=".cgifields" value="163"  /><input type="hidden" name=".cgifields" valu
Action.c(67):     e="109"  /><input type="hidden" name=".cgifields" value="151"  /><input type="hidden" name
Action.c(67):     =".cgifields" value="89"  /><input type="hidden" name=".cgifields" value="175"  /><input t
Action.c(67):     ype="hidden" name=".cgifields" value="148"  /><input type="hidden" name=".cgifields" value
Action.c(67):     ="31"  /><input type="hidden" name=".cgifields" value="35"  /><input type="hidden" name=".
Action.c(67):     cgifields" value="11"  /><input type="hidden" name=".cgifields" value="78"  /><input type=
Action.c(67):     "hidden" name=".cgifields" value="93"  /><input type="hidden" name=".cgifields" value="106
Action.c(67):     "  /><input type="hidden" name=".cgifields" value="157"  /><input type="hidden" name=".cgi
Action.c(67):     fields" value="65"  /><input type="hidden" name=".cgifields" value="29"  /><input type="hi
Action.c(67):     dden" name=".cgifields" value="197"  /><input type="hidden" name=".cgifields" value="138" 
Action.c(67):      /><input type="hidden" name=".cgifields" value="199"  /><input type="hidden" name=".cgifi
Action.c(67):     elds" value="114"  /><input type="hidden" name=".cgifields" value="58"  /><input type="hid
Action.c(67):     den" name=".cgifields" value="153"  /><input type="hidden" name=".cgifields" value="15"  /
Action.c(67):     ><input type="hidden" name=".cgifields" value="137"  /><input type="hidden" name=".cgifiel
Action.c(67):     ds" value="81"  /><input type="hidden" name=".cgifields" value="60"  /><input type="hidden
Action.c(67):     " name=".cgifields" value="101"  /><input type="hidden" name=".cgifields" value="73"  /><i
Action.c(67):     nput type="hidden" name=".cgifields" value="86"  /><input type="hidden" name=".cgifields" 
Action.c(67):     value="76"  /><input type="hidden" name=".cgifields" value="62"  /><input type="hidden" na
Action.c(67):     me=".cgifields" value="67"  /><input type="hidden" name=".cgifields" value="165"  /><input
Action.c(67):      type="hidden" name=".cgifields" value="198"  /><input type="hidden" name=".cgifields" val
Action.c(67):     ue="139"  /><input type="hidden" name=".cgifields" value="129"  /><input type="hidden" nam
Action.c(67):     e=".cgifields" value="2"  /><input type="hidden" name=".cgifields" value="17"  /><input ty
Action.c(67):     pe="hidden" name=".cgifields" value="186"  /><input type="hidden" name=".cgifields" value=
Action.c(67):     "110"  /><input type="hidden" name=".cgifields" value="82"  /><input type="hidden" name=".
Action.c(67):     cgifields" value="147"  /><input type="hidden" name=".cgifields" value="168"  /><input typ
Action.c(67):     e="hidden" name=".cgifields" value="184"  /><input type="hidden" name=".cgifields" value="
Action.c(67):     135"  /><input type="hidden" name=".cgifields" value="14"  /><input type="hidden" name=".c
Action.c(67):     gifields" value="112"  /><input type="hidden" name=".cgifields" value="69"  /><input type=
Action.c(67):     "hidden" name=".cgifields" value="191"  /><input type="hidden" name=".cgifields" value="17
Action.c(67):     2"  /><input type="hidden" name=".cgifields" value="145"  /><input type="hidden" name=".cg
Action.c(67):     ifields" value="49"  /><input type="hidden" name=".cgifields" value="178"  /><input type="
Action.c(67):     hidden" name=".cgifields" value="24"  /><input type="hidden" name=".cgifields" value="187"
Action.c(67):       /><input type="hidden" name=".cgifields" value="140"  /><input type="hidden" name=".cgif
Action.c(67):     ields" value="124"  /><input type="hidden" name=".cgifields" value="104"  /><input type="h
Action.c(67):     idden" name=".cgifields" value="131"  /><input type="hidden" name=".cgifields" value="181"
Action.c(67):       /><input type="hidden" name=".cgifields" value="121"  /><input type="hidden" name=".cgif
Action.c(67):     ields" value="79"  /><input type="hidden" name=".cgifields" value="154"  /><input type="hi
Action.c(67):     dden" name=".cgifields" value="23"  /><input type="hidden" name=".cgifields" value="96"  /
Action.c(67):     ><input type="hidden" name=".cgifields" value="126"  /><input type="hidden" name=".cgifiel
Action.c(67):     ds" value="159"  /><input type="hidden" name=".cgifields" value="160"  /><input type="hidd
Action.c(67):     en" name=".cgifields" value="176"  /><input type="hidden" name=".cgifields" value="47"  />
Action.c(67):     <input type="hidden" name=".cgifields" value="8"  /><input type="hidden" name=".cgifields"
Action.c(67):      value="98"  /><input type="hidden" name=".cgifields" value="37"  /><input type="hidden" n
Action.c(67):     ame=".cgifields" value="117"  /><input type="hidden" name=".cgifields" value="43"  /><inpu
Action.c(67):     t type="hidden" name=".cgifields" value="195"  /><input type="hidden" name=".cgifields" va
Action.c(67):     lue="5"  /><input type="hidden" name=".cgifields" value="170"  /><input type="hidden" name
Action.c(67):     =".cgifields" value="33"  /><input type="hidden" name=".cgifields" value="21"  /><input ty
Action.c(67):     pe="hidden" name=".cgifields" value="63"  /><input type="hidden" name=".cgifields" value="
Action.c(67):     7"  /><input type="hidden" name=".cgifields" value="26"  /><input type="hidden" name=".cgi
Action.c(67):     fields" value="80"  /><input type="hidden" name=".cgifields" value="193"  /><input type="h
Action.c(67):     idden" name=".cgifields" value="119"  /><input type="hidden" name=".cgifields" value="180"
Action.c(67):       /><input type="hidden" name=".cgifields" value="99"  /><input type="hidden" name=".cgifi
Action.c(67):     elds" value="179"  /><input type="hidden" name=".cgifields" value="162"  /><input type="hi
Action.c(67):     dden" name=".cgifields" value="72"  /><input type="hidden" name=".cgifields" value="74"  /
Action.c(67):     ><input type="hidden" name=".cgifields" value="182"  /><input type="hidden" name=".cgifiel
Action.c(67):     ds" value="61"  /><input type="hidden" name=".cgifields" value="108"  /><input type="hidde
Action.c(67):     n" name=".cgifields" value="115"  /><input type="hidden" name=".cgifields" value="92"  /><
Action.c(67):     input type="hidden" name=".cgifields" value="103"  /><input type="hidden" name=".cgifields
Action.c(67):     " value="201"  /><input type="hidden" name=".cgifields" value="10"  /><input type="hidden"
Action.c(67):      name=".cgifields" value="113"  /><input type="hidden" name=".cgifields" value="152"  /><i
Action.c(67):     nput type="hidden" name=".cgifields" value="189"  /><input type="hidden" name=".cgifields"
Action.c(67):      value="142"  /><input type="hidden" name=".cgifields" value="91"  /><input type="hidden" 
Action.c(67):     name=".cgifields" value="167"  /><input type="hidden" name=".cgifields" value="48"  /><inp
Action.c(67):     ut type="hidden" name=".cgifields" value="107"  /><input type="hidden" name=".cgifields" v
Action.c(67):     alue="87"  /><input type="hidden" name=".cgifields" value="174"  /><input type="hidden" na
Action.c(67):     me=".cgifields" value="77"  /><input type="hidden" name=".cgifields" value="133"  /><input
Action.c(67):      type="hidden" name=".cgifields" value="149"  /><input type="hidden" name=".cgifields" val
Action.c(67):     ue="123"  /><input type="hidden" name=".cgifields" value="50"  /><input type="hidden" name
Action.c(67):     =".cgifields" value="39"  /><input type="hidden" name=".cgifields" value="64"  /><input ty
Action.c(67):     pe="hidden" name=".cgifields" value="97"  /><input type="hidden" name=".cgifields" value="
Action.c(67):     12"  /><input type="hidden" name=".cgifields" value="41"  /><input type="hidden" name=".cg
Action.c(67):     ifields" value="52"  /><input type="hidden" name=".cgifields" value="173"  /><input type="
Action.c(67):     hidden" name=".cgifields" value="56"  /><input type="hidden" name=".cgifields" value="45" 
Action.c(67):      /><input type="hidden" name=".cgifields" value="66"  /><input type="hidden" name=".cgifie
Action.c(67):     lds" value="19"  /><input type="hidden" name=".cgifields" value="54"  /><input type="hidde
Action.c(67):     n" name=".cgifields" value="70"  /><input type="hidden" name=".cgifields" value="188"  /><
Action.c(67):     input type="hidden" name=".cgifields" value="68"  /><input type="hidden" name=".cgifields"
Action.c(67):      value="166"  /><input type="hidden" name=".cgifields" value="1"  /><input type="hidden" n
Action.c(67):     ame=".cgifields" value="136"  /><input type="hidden" name=".cgifields" value="88"  /><inpu
Action.c(67):     t type="hidden" name=".cgifields" value="116"  /><input type="hidden" name=".cgifields" va
Action.c(67):     lue="144"  /><input type="hidden" name=".cgifields" value="141"  /><input type="hidden" na
Action.c(67):     me=".cgifields" value="30"  /><input type="hidden" name=".cgifields" value="100"  /><input
Action.c(67):      type="hidden" name=".cgifields" value="25"  /><input type="hidden" name=".cgifields" valu
Action.c(67):     e="128"  /><input type="hidden" name=".cgifields" value="28"  /><input type="hidden" name=
Action.c(67):     ".cgifields" value="120"  /><input type="hidden" name=".cgifields" value="156"  /><input t
Action.c(67):     ype="hidden" name=".cgifields" value="134"  /><input type="hidden" name=".cgifields" value
Action.c(67):     ="40"  /><input type="hidden" name=".cgifields" value="75"  /><input type="hidden" name=".
Action.c(67):     cgifields" value="83"  /><input type="hidden" name=".cgifields" value="192"  /><input type
Action.c(67):     ="hidden" name=".cgifields" value="59"  /><input type="hidden" name=".cgifields" value="17
Action.c(67):     7"  /><input type="hidden" name=".cgifields" value="150"  /><input type="hidden" name=".cg
Action.c(67):     ifields" value="155"  /><input type="hidden" name=".cgifields" value="130"  /><input type=
Action.c(67):     "hidden" name=".cgifields" value="5
Action.c(67): Found resource "http://localhost:1080/WebTours/images/cancelreservation.gif" in HTML "http://localhost:1080/cgi-bin/itinerary.pl"  	[MsgId: MMSG-26659]
Action.c(67): Found resource "http://localhost:1080/WebTours/images/cancelallreservations.gif" in HTML "http://localhost:1080/cgi-bin/itinerary.pl"  	[MsgId: MMSG-26659]
Action.c(67): t=55969ms: 7-byte chunked response overhead for "http://localhost:1080/cgi-bin/itinerary.pl" (RelFrameId=1.2, Internal ID=43)
Action.c(67):     \r\n
Action.c(67):     36a\r\n
Action.c(67): t=55969ms: 7-byte chunked response overhead for "http://localhost:1080/cgi-bin/itinerary.pl" (RelFrameId=1.2, Internal ID=43)
Action.c(67):     \r\n
Action.c(67):     0\r\n
Action.c(67):     \r\n
Action.c(67): t=55970ms: 1487-byte chunked response body for "http://localhost:1080/cgi-bin/itinerary.pl" (RelFrameId=1.2, Internal ID=43)
Action.c(67):     3"  /><input type="hidden" name=".cgifields" value="122"  /><input type="hidden" name=".cg
Action.c(67):     ifields" value="143"  /><input type="hidden" name=".cgifields" value="158"  /><input type=
Action.c(67):     "hidden" name=".cgifields" value="42"  /><input type="hidden" name=".cgifields" value="22"
Action.c(67):       /><input type="hidden" name=".cgifields" value="46"  /><input type="hidden" name=".cgifi
Action.c(67):     elds" value="13"  /><input type="hidden" name=".cgifields" value="105"  /><input type="hid
Action.c(67):     den" name=".cgifields" value="6"  /><input type="hidden" name=".cgifields" value="85"  /><
Action.c(67):     input type="hidden" name=".cgifields" value="185"  /><input type="hidden" name=".cgifields
Action.c(67):     " value="36"  /><input type="hidden" name=".cgifields" value="3"  /><input type="hidden" n
Action.c(67):     ame=".cgifields" value="183"  /><input type="hidden" name=".cgifields" value="94"  /><inpu
Action.c(67):     t type="hidden" name=".cgifields" value="146"  /><input type="hidden" name=".cgifields" va
Action.c(67):     lue="51"  /><input type="hidden" name=".cgifields" value="9"  /><input type="hidden" name=
Action.c(67):     ".cgifields" value="111"  /><input type="hidden" name=".cgifields" value="38"  /><input ty
Action.c(67):     pe="hidden" name=".cgifields" value="4"  /><input type="hidden" name=".cgifields" value="3
Action.c(67):     4"  /><input type="hidden" name=".cgifields" value="169"  /><input type="hidden" name=".cg
Action.c(67):     ifields" value="164"  /><input type="hidden" name=".cgifields" value="132"  /><input type=
Action.c(67):     "hidden" name=".cgifields" value="196"  /><input type="hidden" name=".cgifields" value="17
Action.c(67):     1"  /></div></form>\n
Action.c(67):     \n
Action.c(67):     </center>\n
Action.c(67):     \n
Action.c(67):     </body>\n
Action.c(67):     </html>
Action.c(67): t=55971ms: 5-byte chunked response overhead for "http://localhost:1080/cgi-bin/nav.pl?page=menu&in=itinerary" (RelFrameId=1.1, Internal ID=42)
Action.c(67):     0\r\n
Action.c(67):     \r\n
Action.c(67): t=55971ms: 297-byte response headers for "http://localhost:1080/WebTours/images/cancelreservation.gif" (RelFrameId=, Internal ID=46)
Action.c(67):     HTTP/1.1 200 OK\r\n
Action.c(67):     Date: Sun, 24 May 2020 12:59:02 GMT\r\n
Action.c(67):     Server: Apache/2.2.21 (Win32)\r\n
Action.c(67):     Last-Modified: Thu, 12 Jan 2012 13:30:27 GMT\r\n
Action.c(67):     ETag: "5000000068a37-33f-4b654c052c2c0"\r\n
Action.c(67):     Accept-Ranges: bytes\r\n
Action.c(67):     Content-Length: 831\r\n
Action.c(67):     Keep-Alive: timeout=5, max=98\r\n
Action.c(67):     Connection: Keep-Alive\r\n
Action.c(67):     Content-Type: image/gif\r\n
Action.c(67):     \r\n
Action.c(67): t=55971ms: 831-byte response body for "http://localhost:1080/WebTours/images/cancelreservation.gif" (RelFrameId=, Internal ID=46)
Action.c(67): t=55971ms: 298-byte response headers for "http://localhost:1080/WebTours/images/home.gif" (RelFrameId=, Internal ID=45)
Action.c(67):     HTTP/1.1 200 OK\r\n
Action.c(67):     Date: Sun, 24 May 2020 12:59:02 GMT\r\n
Action.c(67):     Server: Apache/2.2.21 (Win32)\r\n
Action.c(67):     Last-Modified: Thu, 12 Jan 2012 13:30:27 GMT\r\n
Action.c(67):     ETag: "5000000068a3c-2b0-4b654c052c2c0"\r\n
Action.c(67):     Accept-Ranges: bytes\r\n
Action.c(67):     Content-Length: 688\r\n
Action.c(67):     Keep-Alive: timeout=5, max=100\r\n
Action.c(67):     Connection: Keep-Alive\r\n
Action.c(67):     Content-Type: image/gif\r\n
Action.c(67):     \r\n
Action.c(67): t=55971ms: 688-byte response body for "http://localhost:1080/WebTours/images/home.gif" (RelFrameId=, Internal ID=45)
Action.c(67): t=55971ms: 298-byte response headers for "http://localhost:1080/WebTours/images/cancelallreservations.gif" (RelFrameId=, Internal ID=47)
Action.c(67):     HTTP/1.1 200 OK\r\n
Action.c(67):     Date: Sun, 24 May 2020 12:59:02 GMT\r\n
Action.c(67):     Server: Apache/2.2.21 (Win32)\r\n
Action.c(67):     Last-Modified: Thu, 12 Jan 2012 13:30:27 GMT\r\n
Action.c(67):     ETag: "7000000068a36-2e6-4b654c052c2c0"\r\n
Action.c(67):     Accept-Ranges: bytes\r\n
Action.c(67):     Content-Length: 742\r\n
Action.c(67):     Keep-Alive: timeout=5, max=100\r\n
Action.c(67):     Connection: Keep-Alive\r\n
Action.c(67):     Content-Type: image/gif\r\n
Action.c(67):     \r\n
Action.c(67): t=55972ms: 742-byte response body for "http://localhost:1080/WebTours/images/cancelallreservations.gif" (RelFrameId=, Internal ID=47)
Action.c(67): web_url("welcome.pl") was successful, 251577 body bytes, 1918 header bytes, 499 chunking overhead bytes  	[MsgId: MMSG-26385]
Action.c(77): Notify: Transaction "Itinerary" ended with a "Pass" status (Duration: 0,3608).	[MsgId: MMSG-16873]
Action.c(79): lr_think_time: 5,00 seconds.	[MsgId: MMSG-15948]
Action.c(81): Notify: Transaction "" started.	[MsgId: MMSG-16999]
Action.c(83): web_url("SignOff Button") started  	[MsgId: MMSG-26355]
Action.c(83): t=61062ms: 328-byte response headers for "http://localhost:1080/cgi-bin/welcome.pl?signOff=1" (RelFrameId=1, Internal ID=48)
Action.c(83):     HTTP/1.1 200 OK\r\n
Action.c(83):     Date: Sun, 24 May 2020 12:59:07 GMT\r\n
Action.c(83):     Server: Apache/2.2.21 (Win32)\r\n
Action.c(83):     Set-Cookie: MSO=SID&1590325148; path=/\r\n
Action.c(83):     Set-Cookie: MTUserInfo=; path=/; expires=Sat, 23-May-2020 12:59:08 GMT\r\n
Action.c(83):     Keep-Alive: timeout=5, max=100\r\n
Action.c(83):     Connection: Keep-Alive\r\n
Action.c(83):     Transfer-Encoding: chunked\r\n
Action.c(83):     Content-Type: text/html; charset=ISO-8859-1\r\n
Action.c(83):     \r\n
Action.c(83): t=61062ms: 5-byte chunked response overhead for "http://localhost:1080/cgi-bin/welcome.pl?signOff=1" (RelFrameId=1, Internal ID=48)
Action.c(83):     2ae\r\n
Action.c(83): t=61062ms: 2-byte chunked response overhead for "http://localhost:1080/cgi-bin/welcome.pl?signOff=1" (RelFrameId=1, Internal ID=48)
Action.c(83):     \r\n
Action.c(83): t=61062ms: 686-byte chunked response body for "http://localhost:1080/cgi-bin/welcome.pl?signOff=1" (RelFrameId=1, Internal ID=48)
Action.c(83):     <!-- \n
Action.c(83):      A Session ID has been created and loaded into a cookie called MSO.\n
Action.c(83):      Also, the server options have been loaded into the cookie called\n
Action.c(83):      MSO as well.  The server options can be set via the Admin page.\n
Action.c(83):      --->\n
Action.c(83):     \n
Action.c(83):     <html>\n
Action.c(83):     <title>Web Tours</title>\n
Action.c(83):        <!-- Frame Set -->\n
Action.c(83):        <frameset cols="160,*" border="1" frameborder="1">\n
Action.c(83):           <!-- Navigation Frame -->\n
Action.c(83):           <frame src="nav.pl?in=home" name="navbar" marginheight="2" marginwidth="2" \n
Action.c(83):                 noresize="noresize" scrolling="auto"/>\n
Action.c(83):           <!-- Home Frame -->\n
Action.c(83):           <frame src="/WebTours/home.html" name="info" marginheight="2" marginwidth="2" \n
Action.c(83):                 noresize="noresize" scrolling="auto"/>\n
Action.c(83):        </frameset>\n
Action.c(83):     </html>\n
Action.c(83):     \n
Action.c(83):     </body>\n
Action.c(83):     </html>
Action.c(83): Detected non-resource "http://localhost:1080/cgi-bin/nav.pl?in=home" in "http://localhost:1080/cgi-bin/welcome.pl?signOff=1"  	[MsgId: MMSG-26574]
Action.c(83): Detected non-resource "http://localhost:1080/WebTours/home.html" in "http://localhost:1080/cgi-bin/welcome.pl?signOff=1"  	[MsgId: MMSG-26574]
Action.c(83): Retrieving data from cache for "http://localhost:1080/WebTours/home.html"  	[MsgId: MMSG-26558]
Action.c(83): t=61063ms: 1361-byte response body retrieved from cache for "http://localhost:1080/WebTours/home.html" (RelFrameId=1.2, Internal ID=50)
Action.c(83):     <HTML>\n
Action.c(83):     <HEAD>\n
Action.c(83):     \t<title>Web Tours</title>\n
Action.c(83):     </HEAD>\n
Action.c(83):     <style>\n
Action.c(83):     \tblockquote {font-family: tahoma; font-size : 10pt}\n
Action.c(83):     \tH1 {font-family: tahoma; font-size : 22pt; color: #003366}\n
Action.c(83):     \tsmall {font-family: tahoma; font-size : 8pt}\n
Action.c(83):     \tH3{font-family: tahoma; font-size : 10pt; color: black}\n
Action.c(83):     \tA {FONT-WEIGHT: bold; FONT-SIZE: 10pt; COLOR: black; FONT-FAMILY: Tahoma; TEXT-DECORATIO
Action.c(83):     N: none}\n
Action.c(83):     \tA:hover{ FONT-WEIGHT: bold; FONT-SIZE: 10pt; COLOR: #993333; FONT-FAMILY: Tahoma;TEXT-DE
Action.c(83):     CORATION: underline}\n
Action.c(83):     \tTD {font-family: tahoma; font-size : 10pt; color: black}\n
Action.c(83):     </style>\n
Action.c(83):     <body bgcolor="#e0e7f1">\n
Action.c(83):     <BR/>\n
Action.c(83):     <BR/>\n
Action.c(83):     <BR/>\n
Action.c(83):     <br/>\n
Action.c(83):     <table border="0">\n
Action.c(83):     <tr><td></td></tr>\n
Action.c(83):     <TR><TD></TD></TR>\n
Action.c(83):     <TR><TD>\n
Action.c(83):     <blockquote>\n
Action.c(83):     <H1><b>Web Tours</b></H1>\n
Action.c(83):     Welcome to the Web Tours site.\n
Action.c(83):     <br/>\n
Action.c(83):     To make reservations,please enter your account information to the left.\n
Action.c(83):     <br/>\n
Action.c(83):     If you haven't registered yet, <A href="/cgi-bin/login.pl?username=&amp;password=&amp;getI
Action.c(83):     nfo=true" ><B>sign up now</B></A> to get access to all our resources.\n
Action.c(83):     <br/>\n
Action.c(83):     To configure the server options, use <A href="/cgi-bin/admin.pl" target="body" ><b>adminis
Action.c(83):     tration</b></A> link.\n
Action.c(83):     <br/><br/><br/><br/><br/><br/>\n
Action.c(83):     <br/><small>\n
Action.c(83):     This product uses parts of the SMT Kernel, Copyright (c) 1991-99 <A href="http://www.imati
Action.c(83):     x.com" target="new"><B><small>iMatix Corporation</small></B></A> \n
Action.c(83):     </small>\n
Action.c(83):     </blockquote></TD>\n
Action.c(83):     <TD></TD></TR>\n
Action.c(83):     </table>\n
Action.c(83):     </body>\n
Action.c(83):     </HTML>\n
Action.c(83): t=61069ms: 5-byte chunked response overhead for "http://localhost:1080/cgi-bin/welcome.pl?signOff=1" (RelFrameId=1, Internal ID=48)
Action.c(83):     0\r\n
Action.c(83):     \r\n
Action.c(83): t=61143ms: 256-byte response headers for "http://localhost:1080/cgi-bin/nav.pl?in=home" (RelFrameId=1.1, Internal ID=49)
Action.c(83):     HTTP/1.1 200 OK\r\n
Action.c(83):     Date: Sun, 24 May 2020 12:59:08 GMT\r\n
Action.c(83):     Server: Apache/2.2.21 (Win32)\r\n
Action.c(83):     Expires: Sat, 23 May 2020 12:59:08 GMT\r\n
Action.c(83):     Keep-Alive: timeout=5, max=100\r\n
Action.c(83):     Connection: Keep-Alive\r\n
Action.c(83):     Transfer-Encoding: chunked\r\n
Action.c(83):     Content-Type: text/html; charset=ISO-8859-1\r\n
Action.c(83):     \r\n
Action.c(83): t=61144ms: 5-byte chunked response overhead for "http://localhost:1080/cgi-bin/nav.pl?in=home" (RelFrameId=1.1, Internal ID=49)
Action.c(83):     5d0\r\n
Action.c(83): t=61144ms: 2-byte chunked response overhead for "http://localhost:1080/cgi-bin/nav.pl?in=home" (RelFrameId=1.1, Internal ID=49)
Action.c(83):     \r\n
Action.c(83): t=61144ms: 1488-byte chunked response body for "http://localhost:1080/cgi-bin/nav.pl?in=home" (RelFrameId=1.1, Internal ID=49)
Action.c(83):     <!DOCTYPE html\n
Action.c(83):     \tPUBLIC "-//W3C//DTD XHTML 1.0 Transitional//EN"\n
Action.c(83):     \t "http://www.w3.org/TR/xhtml1/DTD/xhtml1-transitional.dtd">\n
Action.c(83):     <html xmlns="http://www.w3.org/1999/xhtml" lang="en-US" xml:lang="en-US">\n
Action.c(83):     <head>\n
Action.c(83):     <title>Web Tours Navigation Bar</title>\n
Action.c(83):     <meta http-equiv="Content-Type" content="text/html; charset=iso-8859-1" />\n
Action.c(83):     </head>\n
Action.c(83):     <body bgcolor="#E0E7F1">\n
Action.c(83):     <style>\n
Action.c(83):     blockquote {font-family: tahoma; font-size : 10pt}\n
Action.c(83):     H1 {font-family: tahoma; font-size : 22pt; color: #993333}\n
Action.c(83):     H3 {font-family: tahoma; font-size : 10pt; color: black}\n
Action.c(83):     small {font-family: tahoma; font-size : 8pt}\n
Action.c(83):     </style>\n
Action.c(83):     <form method="post" action="/cgi-bin/login.pl" target="body">\n
Action.c(83):     <input type="hidden" name="userSession" value="128823.422276225zzczDftpHiDDDDDDDQHfipVciH"
Action.c(83):     />\n
Action.c(83):     <table border="0"><tr><td>&nbsp;</td>\n
Action.c(83):     <td>&nbsp;</td></tr>\n
Action.c(83):     <tr><td>&nbsp;</td>\n
Action.c(83):     <td>&nbsp;</td></tr>\n
Action.c(83):     <tr><td>&nbsp;</td>\n
Action.c(83):     <td><small>&nbsp;Username</small></td></tr>\n
Action.c(83):     <tr><td>&nbsp;</td>\n
Action.c(83):     <td><input type="text" name="username" value="" size="14" maxlength="14"/></td></tr>\n
Action.c(83):     <tr><td>&nbsp;</td>\n
Action.c(83):     <td><small>&nbsp;Password</small></td>\n
Action.c(83):     <tr><td>&nbsp;</td>\n
Action.c(83):     <td><input type="password" name="password" value="" size="14" maxlength="14"/></td></tr>\n
Action.c(83):     <tr><td>&nbsp;</td>\n
Action.c(83):     <td>&nbsp;</td></tr>\n
Action.c(83):     <tr><td>&nbsp;</td>\n
Action.c(83):     <td><input type="image" name="login" value="Login" alt="Login" border="1" \n
Action.c(83):     src="/WebTours/images/mer_login.gif"/></td></tr>\n
Action.c(83):     <tr><td>&nbsp;</td><td>&nbsp;</td></tr>\n
Action.c(83):     </table><input type="hidden" name="JSFormSubmit" value="off"/>\n
Action.c(83):     </form>\n
Action.c(83):     \n
Action.c(83):     </body>\n
Action.c(83):     </html>\n
Action.c(83): Resource "http://localhost:1080/WebTours/images/mer_login.gif" is in the cache already and will not be downloaded again  	[MsgId: MMSG-26655]
Action.c(83): t=61150ms: 5-byte chunked response overhead for "http://localhost:1080/cgi-bin/nav.pl?in=home" (RelFrameId=1.1, Internal ID=49)
Action.c(83):     0\r\n
Action.c(83):     \r\n
Action.c(83): web_url("SignOff Button") was successful, 2174 body bytes, 584 header bytes, 24 chunking overhead bytes  	[MsgId: MMSG-26385]
Action.c(93): Notify: Transaction "" ended with a "Pass" status (Duration: 0,1779).	[MsgId: MMSG-16873]
Action.c(95): Notify: Transaction "5_ " ended with a "Pass" status (Duration: 10,7773 Think Time: 10,0009).	[MsgId: MMSG-16872]
Ending action Action.	[MsgId: MMSG-15918]
Action was aborted.	[MsgId: MMSG-10694]
Ending Vuser...	[MsgId: MMSG-15966]
Starting action vuser_end.	[MsgId: MMSG-15919]
Ending action vuser_end.	[MsgId: MMSG-15918]
Vuser Terminated.	[MsgId: MMSG-15963]
Vuser 0 (thread 4060), ended OK."	[MsgId: MMSG-10695]
